<?xml version="1.0" encoding="UTF-8"?>
<testsuites name="Login" time="197.703" tests="2" failures="1" errors="0">
   <testsuite name="Login" tests="2" failures="1" errors="0" time="197.703" timestamp="2020-07-09 15:34:14" hostname="user - LAPTOP-3DL54A4U" id="Test Suites/Login">
      <properties>
         <property name="deviceName" value=""/>
         <property name="devicePlatform" value=""/>
         <property name="logFolder" value="D:\\Test IPB\\Reports\\20200709_153412\\Login\\20200709_153412"/>
         <property name="logFiles" value="D:\\Test IPB\\Reports\\20200709_153412\\Login\\20200709_153412\\execution0.log"/>
         <property name="attachments" value="D:\\Test IPB\\Result\\IDPhotoBooks\\Run_3\\Login_Positif_1\\090720033431_Login_Positif_1.png, D:\\Test IPB\\Result\\IDPhotoBooks\\Run_3\\Login_Positif_1\\090720033434_Login_Positif_1.png, D:\\Test IPB\\Result\\IDPhotoBooks\\Run_3\\Login_Positif_1\\090720033440_Login_Positif_1.png, D:\\Test IPB\\Result\\IDPhotoBooks\\Run_3\\Login_Positif_1\\090720033446_Login_Positif_1.png, D:\\Test IPB\\Result\\IDPhotoBooks\\Run_3\\Login_Positif_1\\090720033449_Login_Positif_1.png, D:\\Test IPB\\Result\\IDPhotoBooks\\Run_3\\Login_Positif_1\\090720033454_Login_Positif_1.png, D:\\Test IPB\\Result\\IDPhotoBooks\\Run_4\\Login_Negatif_1\\090720033512_Login_Negatif_1.png, D:\\Test IPB\\Result\\IDPhotoBooks\\Run_4\\Login_Negatif_1\\090720033515_Login_Negatif_1.png, D:\\Test IPB\\Result\\IDPhotoBooks\\Run_4\\Login_Negatif_1\\090720033518_Login_Negatif_1.png, D:\\Test IPB\\Result\\IDPhotoBooks\\Run_4\\Login_Negatif_1\\090720033540_Login_Negatif_1.png, D:\\Test IPB\\Result\\IDPhotoBooks\\Run_4\\Login_Negatif_1\\090720033543_Login_Negatif_1.png, D:\\Test IPB\\Result\\IDPhotoBooks\\Run_4\\Login_Negatif_2\\090720033549_Login_Negatif_2.png, D:\\Test IPB\\Result\\IDPhotoBooks\\Run_4\\Login_Negatif_2\\090720033552_Login_Negatif_2.png, D:\\Test IPB\\Result\\IDPhotoBooks\\Run_4\\Login_Negatif_2\\090720033555_Login_Negatif_2.png, D:\\Test IPB\\Result\\IDPhotoBooks\\Run_4\\Login_Negatif_2\\090720033601_Login_Negatif_2.png, D:\\Test IPB\\Result\\IDPhotoBooks\\Run_4\\Login_Negatif_2\\090720033604_Login_Negatif_2.png, D:\\Test IPB\\Result\\IDPhotoBooks\\Run_4\\Login_Negatif_3\\090720033610_Login_Negatif_3.png, D:\\Test IPB\\Result\\IDPhotoBooks\\Run_4\\Login_Negatif_3\\090720033613_Login_Negatif_3.png, D:\\Test IPB\\Result\\IDPhotoBooks\\Run_4\\Login_Negatif_3\\090720033616_Login_Negatif_3.png, D:\\Test IPB\\Result\\IDPhotoBooks\\Run_4\\Login_Negatif_3\\090720033622_Login_Negatif_3.png, D:\\Test IPB\\Result\\IDPhotoBooks\\Run_4\\Login_Negatif_3\\090720033625_Login_Negatif_3.png, D:\\Test IPB\\Result\\IDPhotoBooks\\Run_4\\Login_Negatif_8\\090720033631_Login_Negatif_8.png, D:\\Test IPB\\Result\\IDPhotoBooks\\Run_4\\Login_Negatif_8\\090720033634_Login_Negatif_8.png, D:\\Test IPB\\Result\\IDPhotoBooks\\Run_4\\Login_Negatif_8\\090720033637_Login_Negatif_8.png, D:\\Test IPB\\Result\\IDPhotoBooks\\Run_4\\Login_Negatif_8\\090720033643_Login_Negatif_8_Failed.png, D:\\Test IPB\\Result\\IDPhotoBooks\\Run_4\\Login_Negatif_8\\090720033646_Login_Negatif_8_Failed.png, D:\\Test IPB\\Result\\IDPhotoBooks\\Run_4\\Login_Negatif_9\\090720033651_Login_Negatif_9_Failed.png, D:\\Test IPB\\Result\\IDPhotoBooks\\Run_4\\Login_Negatif_9\\090720033654_Login_Negatif_9_Failed.png, D:\\Test IPB\\Result\\IDPhotoBooks\\Run_4\\Login_Negatif_9\\090720033657_Login_Negatif_9_Failed.png, D:\\Test IPB\\Result\\IDPhotoBooks\\Run_4\\Login_Negatif_9\\090720033704_Login_Negatif_9_Failed.png, D:\\Test IPB\\Result\\IDPhotoBooks\\Run_4\\Login_Negatif_9\\090720033707_Login_Negatif_9_Failed.png, D:\\Test IPB\\Result\\IDPhotoBooks\\Run_4\\Login_Negatif_10\\090720033713_Login_Negatif_10.png, D:\\Test IPB\\Result\\IDPhotoBooks\\Run_4\\Login_Negatif_10\\090720033716_Login_Negatif_10.png, D:\\Test IPB\\Result\\IDPhotoBooks\\Run_4\\Login_Negatif_10\\090720033719_Login_Negatif_10.png, D:\\Test IPB\\Result\\IDPhotoBooks\\Run_4\\Login_Negatif_10\\090720033725_Login_Negatif_10_Failed.png, D:\\Test IPB\\Result\\IDPhotoBooks\\Run_4\\Login_Negatif_10\\090720033728_Login_Negatif_10_Failed.png"/>
         <property name="hostName" value="user - LAPTOP-3DL54A4U"/>
         <property name="os" value="Windows 10 64bit"/>
         <property name="katalonVersion" value="7.5.10.1"/>
         <property name="browser" value="Chrome 83.0.4103.116"/>
         <property name="hostAddress" value="192.168.43.228"/>
         <property name="sessionId" value="063b8a8d129c8dc0a2a486b877b3ff8e"/>
         <property name="seleniumVersion" value="3.141.59"/>
         <property name="proxyInformation" value="ProxyInformation { proxyOption=NO_PROXY, proxyServerType=HTTP, username=, password=********, proxyServerAddress=, proxyServerPort=0, executionList=\&quot;\&quot;, isApplyToDesiredCapabilities=true }"/>
         <property name="platform" value="Windows 10"/>
      </properties>
      <testcase name="Test Cases/Login/Login_Positif" time="43.515" classname="Test Cases/Login/Login_Positif" status="PASSED">
         <system-out><![CDATA[2020-07-09 15:34:15 - [TEST_CASE][PASSED] - Test Cases/Login/Login_Positif: Test Cases/Login/Login_Positif

2020-07-09 15:34:15 - [TEST_STEP][PASSED] - SetCreateFolder = "IDPhotoBooks": null

2020-07-09 15:34:15 - [TEST_STEP][PASSED] - SetSeparate = "CallCreateSubFolder": null

2020-07-09 15:34:15 - [TEST_STEP][PASSED] - callTestCase(findTestCase("Services/SVC_Separate"), null): Call Test Case 'Test Cases/Services/SVC_Separate' successfully

2020-07-09 15:34:15 - [TEST_CASE][PASSED] - Test Cases/Services/SVC_Separate: Test Cases/Services/SVC_Separate

2020-07-09 15:34:16 - [TEST_STEP][PASSED] - if (SetSeparate == "CallCreateSubFolder"): Call Test Case 'Test Cases/Services/SVC_Create Sub Folder' successfully

2020-07-09 15:34:16 - [TEST_STEP][PASSED] - callTestCase(findTestCase("Services/SVC_Create Folder"), null): Call Test Case 'Test Cases/Services/SVC_Create Folder' successfully

2020-07-09 15:34:16 - [TEST_CASE][PASSED] - Test Cases/Services/SVC_Create Folder: Test Cases/Services/SVC_Create Folder

2020-07-09 15:34:16 - [TEST_STEP][PASSED] - path = Paths.get("D://Test IPB//Result" + "//" + SetCreateFolder): null

2020-07-09 15:34:16 - [TEST_STEP][PASSED] - if (!(Files.exists(path))): null

2020-07-09 15:34:16 - [MESSAGE][PASSED] - Call Test Case 'Test Cases/Services/SVC_Create Folder' successfully

2020-07-09 15:34:16 - [TEST_STEP][PASSED] - callTestCase(findTestCase("Services/SVC_Create Sub Folder"), null): Call Test Case 'Test Cases/Services/SVC_Create Sub Folder' successfully

2020-07-09 15:34:16 - [TEST_CASE][PASSED] - Test Cases/Services/SVC_Create Sub Folder: Test Cases/Services/SVC_Create Sub Folder

2020-07-09 15:34:16 - [TEST_STEP][PASSED] - x = 1: null

2020-07-09 15:34:16 - [TEST_STEP][PASSED] - subpath = Paths.get("D://Test IPB//Result" + "//" + SetCreateFolder + "//Run_" + x): null

2020-07-09 15:34:16 - [TEST_STEP][PASSED] - if (!(Files.notExists(subpath))): null

2020-07-09 15:34:16 - [TEST_STEP][PASSED] - while (!(Files.notExists(subpath))): null

2020-07-09 15:34:16 - [TEST_STEP][PASSED] - if (!(Files.exists(Paths.get("D://Test IPB//Result" + "//" + SetCreateFolder + "//Run_" + x)))): null

2020-07-09 15:34:16 - [TEST_STEP][PASSED] - x += 1: null

2020-07-09 15:34:16 - [TEST_STEP][PASSED] - if (!(Files.exists(Paths.get("D://Test IPB//Result" + "//" + SetCreateFolder + "//Run_" + x)))): null

2020-07-09 15:34:16 - [TEST_STEP][PASSED] - x += 1: null

2020-07-09 15:34:16 - [TEST_STEP][PASSED] - if (!(Files.exists(Paths.get("D://Test IPB//Result" + "//" + SetCreateFolder + "//Run_" + x)))): null

2020-07-09 15:34:16 - [TEST_STEP][PASSED] - Files.createDirectories(Paths.get("D://Test IPB//Result" + "//" + SetCreateFolder + "//Run_" + x)): null

2020-07-09 15:34:16 - [TEST_STEP][PASSED] - break: null

2020-07-09 15:34:16 - [TEST_STEP][PASSED] - setsubpath = Paths.get("D://Test IPB//Result" + "//" + SetCreateFolder + "//Run_" + x): null

2020-07-09 15:34:16 - [TEST_STEP][PASSED] - SetPathCapture = setsubpath: null

2020-07-09 15:34:16 - [MESSAGE][PASSED] - Call Test Case 'Test Cases/Services/SVC_Create Sub Folder' successfully

2020-07-09 15:34:16 - [MESSAGE][PASSED] - Call Test Case 'Test Cases/Services/SVC_Separate' successfully

2020-07-09 15:34:16 - [TEST_STEP][PASSED] - openBrowser(findTestData("URL/URL").getValue(1, 1)): Browser is opened with url: 'https://embrio.idphotobook.com/ '

2020-07-09 15:34:17 - [MESSAGE][INFO] - Starting 'Chrome' driver

2020-07-09 15:34:17 - [MESSAGE][INFO] - Action delay is set to 0 milliseconds

2020-07-09 15:34:25 - [MESSAGE][PASSED] - Browser is opened with url: 'https://embrio.idphotobook.com/ '

2020-07-09 15:34:25 - [TEST_STEP][PASSED] - maximizeWindow(): Current window maximized

2020-07-09 15:34:27 - [MESSAGE][PASSED] - Current window maximized

2020-07-09 15:34:27 - [TEST_STEP][PASSED] - for ([rowNum = 1, rowNum <= findTestData("Login/Login_Positif").getRowNumbers(), (rowNum++)]): null

2020-07-09 15:34:28 - [TEST_STEP][PASSED] - if (findTestData("Login/Login_Positif").getValue("ACTIVE", rowNum) == "Y"): Object: 'Object Repository/Registrasi/Register Positif/Page_Akun  IDPhotobook/button_Keluar' is clicked on

2020-07-09 15:34:28 - [TEST_STEP][PASSED] - SetTestScriptID = findTestData("Login/Login_Positif").getValue("SCRIPT ID", rowNum): null

2020-07-09 15:34:28 - [TEST_STEP][PASSED] - click(findTestObject("Object Repository/Login/Login Positif/Page_Home  IDPhotobook/div_Akun")): Object: 'Object Repository/Login/Login Positif/Page_Home  IDPhotobook/div_Akun' is clicked on

2020-07-09 15:34:28 - [MESSAGE][PASSED] - Object: 'Object Repository/Login/Login Positif/Page_Home  IDPhotobook/div_Akun' is clicked on

2020-07-09 15:34:28 - [TEST_STEP][PASSED] - delay(2): Delayed 2 second(s)

2020-07-09 15:34:30 - [MESSAGE][PASSED] - Delayed 2 second(s)

2020-07-09 15:34:30 - [TEST_STEP][PASSED] - callTestCase(findTestCase("Services/SVC_Get Capture"), null, STOP_ON_FAILURE): Call Test Case 'Test Cases/Services/SVC_Get Capture' successfully

2020-07-09 15:34:30 - [TEST_CASE][PASSED] - Test Cases/Services/SVC_Get Capture: Test Cases/Services/SVC_Get Capture

2020-07-09 15:34:30 - [TEST_STEP][PASSED] - delay(TimeDelay): Delayed 1 second(s)

2020-07-09 15:34:31 - [MESSAGE][PASSED] - Delayed 1 second(s)

2020-07-09 15:34:31 - [TEST_STEP][PASSED] - GetPath = SetPathCapture: null

2020-07-09 15:34:31 - [TEST_STEP][PASSED] - GetPathData = GetPath + "\" + SetTestScriptID: null

2020-07-09 15:34:31 - [TEST_STEP][PASSED] - SetPath = Paths.get(GetPathData): null

2020-07-09 15:34:31 - [TEST_STEP][PASSED] - if (Files.notExists(SetPath)): null

2020-07-09 15:34:31 - [TEST_STEP][PASSED] - try: null

2020-07-09 15:34:31 - [TEST_STEP][PASSED] - Files.createDirectories(SetPath): null

2020-07-09 15:34:31 - [TEST_STEP][PASSED] - today = new java.util.Date(): null

2020-07-09 15:34:31 - [TEST_STEP][PASSED] - CapturePath = SetPath: null

2020-07-09 15:34:31 - [TEST_STEP][PASSED] - GetSubCapture = CapturePath: null

2020-07-09 15:34:31 - [TEST_STEP][PASSED] - CapturePath += "\": null

2020-07-09 15:34:31 - [TEST_STEP][PASSED] - if (VerifyCheck == true): Taking screenshot successfully

2020-07-09 15:34:31 - [TEST_STEP][PASSED] - takeScreenshot(CapturePath + today.format("ddMMyy") + today.format("hhmmss") + "_" + SetTestScriptID + ".png"): Taking screenshot successfully

2020-07-09 15:34:32 - [MESSAGE][PASSED] - Taking screenshot successfully
[[ATTACHMENT|D:\\Test IPB\\Result\\IDPhotoBooks\\Run_3\\Login_Positif_1\\090720033431_Login_Positif_1.png]]

2020-07-09 15:34:32 - [MESSAGE][PASSED] - Call Test Case 'Test Cases/Services/SVC_Get Capture' successfully

2020-07-09 15:34:32 - [TEST_STEP][PASSED] - setText(findTestObject("Object Repository/Login/Login Positif/Page_Login  IDPhotobook/input_Yuuk Login ke IDPhotobookcom_mat-input-0"), findTestData("Login/Login_Positif").getValue("WhatsApp", rowNum)): Text '085721576989' is set on object 'Object Repository/Login/Login Positif/Page_Login  IDPhotobook/input_Yuuk Login ke IDPhotobookcom_mat-input-0'

2020-07-09 15:34:33 - [MESSAGE][PASSED] - Text '085721576989' is set on object 'Object Repository/Login/Login Positif/Page_Login  IDPhotobook/input_Yuuk Login ke IDPhotobookcom_mat-input-0'

2020-07-09 15:34:33 - [TEST_STEP][PASSED] - setText(findTestObject("Object Repository/Login/Login Positif/Page_Login  IDPhotobook/input_Nomor Whatsapp  Email_mat-input-1"), findTestData("Login/Login_Positif").getValue("Password", rowNum)): Text 'indraw898' is set on object 'Object Repository/Login/Login Positif/Page_Login  IDPhotobook/input_Nomor Whatsapp  Email_mat-input-1'

2020-07-09 15:34:33 - [MESSAGE][PASSED] - Text 'indraw898' is set on object 'Object Repository/Login/Login Positif/Page_Login  IDPhotobook/input_Nomor Whatsapp  Email_mat-input-1'

2020-07-09 15:34:33 - [TEST_STEP][PASSED] - callTestCase(findTestCase("Services/SVC_Get Capture"), null, STOP_ON_FAILURE): Call Test Case 'Test Cases/Services/SVC_Get Capture' successfully

2020-07-09 15:34:33 - [TEST_CASE][PASSED] - Test Cases/Services/SVC_Get Capture: Test Cases/Services/SVC_Get Capture

2020-07-09 15:34:33 - [TEST_STEP][PASSED] - delay(TimeDelay): Delayed 1 second(s)

2020-07-09 15:34:34 - [MESSAGE][PASSED] - Delayed 1 second(s)

2020-07-09 15:34:34 - [TEST_STEP][PASSED] - GetPath = SetPathCapture: null

2020-07-09 15:34:34 - [TEST_STEP][PASSED] - GetPathData = GetPath + "\" + SetTestScriptID: null

2020-07-09 15:34:34 - [TEST_STEP][PASSED] - SetPath = Paths.get(GetPathData): null

2020-07-09 15:34:34 - [TEST_STEP][PASSED] - if (Files.notExists(SetPath)): null

2020-07-09 15:34:34 - [TEST_STEP][PASSED] - today = new java.util.Date(): null

2020-07-09 15:34:34 - [TEST_STEP][PASSED] - CapturePath = SetPath: null

2020-07-09 15:34:34 - [TEST_STEP][PASSED] - GetSubCapture = CapturePath: null

2020-07-09 15:34:34 - [TEST_STEP][PASSED] - CapturePath += "\": null

2020-07-09 15:34:34 - [TEST_STEP][PASSED] - if (VerifyCheck == true): Taking screenshot successfully

2020-07-09 15:34:34 - [TEST_STEP][PASSED] - takeScreenshot(CapturePath + today.format("ddMMyy") + today.format("hhmmss") + "_" + SetTestScriptID + ".png"): Taking screenshot successfully

2020-07-09 15:34:35 - [MESSAGE][PASSED] - Taking screenshot successfully
[[ATTACHMENT|D:\\Test IPB\\Result\\IDPhotoBooks\\Run_3\\Login_Positif_1\\090720033434_Login_Positif_1.png]]

2020-07-09 15:34:35 - [MESSAGE][PASSED] - Call Test Case 'Test Cases/Services/SVC_Get Capture' successfully

2020-07-09 15:34:35 - [TEST_STEP][PASSED] - click(findTestObject("Object Repository/Login/Login Positif/Page_Login  IDPhotobook/button_Masuk Sekarang")): Object: 'Object Repository/Login/Login Positif/Page_Login  IDPhotobook/button_Masuk Sekarang' is clicked on

2020-07-09 15:34:35 - [MESSAGE][PASSED] - Object: 'Object Repository/Login/Login Positif/Page_Login  IDPhotobook/button_Masuk Sekarang' is clicked on

2020-07-09 15:34:35 - [TEST_STEP][PASSED] - delay(2): Delayed 2 second(s)

2020-07-09 15:34:37 - [MESSAGE][PASSED] - Delayed 2 second(s)

2020-07-09 15:34:37 - [TEST_STEP][PASSED] - VerifyCheck = verifyTextPresent(findTestData("Login/Login_Positif").getValue("Nama", rowNum), true, CONTINUE_ON_FAILURE): Text 'Indrawan' is present on page  using regular expression

2020-07-09 15:34:38 - [MESSAGE][PASSED] - Text 'Indrawan' is present on page  using regular expression

2020-07-09 15:34:38 - [TEST_STEP][PASSED] - VerifyCheck = verifyTextPresent(findTestData("Login/Login_Positif").getValue("WhatsApp", rowNum), true, CONTINUE_ON_FAILURE): Text '085721576989' is present on page  using regular expression

2020-07-09 15:34:38 - [MESSAGE][PASSED] - Text '085721576989' is present on page  using regular expression

2020-07-09 15:34:38 - [TEST_STEP][PASSED] - VerifyCheck = verifyTextPresent(findTestData("Login/Login_Positif").getValue("Email", rowNum), true, CONTINUE_ON_FAILURE): Text 'indraww89@gmail.com' is present on page  using regular expression

2020-07-09 15:34:39 - [MESSAGE][PASSED] - Text 'indraww89@gmail.com' is present on page  using regular expression

2020-07-09 15:34:39 - [TEST_STEP][PASSED] - callTestCase(findTestCase("Services/SVC_Get Capture"), null, STOP_ON_FAILURE): Call Test Case 'Test Cases/Services/SVC_Get Capture' successfully

2020-07-09 15:34:39 - [TEST_CASE][PASSED] - Test Cases/Services/SVC_Get Capture: Test Cases/Services/SVC_Get Capture

2020-07-09 15:34:39 - [TEST_STEP][PASSED] - delay(TimeDelay): Delayed 1 second(s)

2020-07-09 15:34:40 - [MESSAGE][PASSED] - Delayed 1 second(s)

2020-07-09 15:34:40 - [TEST_STEP][PASSED] - GetPath = SetPathCapture: null

2020-07-09 15:34:40 - [TEST_STEP][PASSED] - GetPathData = GetPath + "\" + SetTestScriptID: null

2020-07-09 15:34:40 - [TEST_STEP][PASSED] - SetPath = Paths.get(GetPathData): null

2020-07-09 15:34:40 - [TEST_STEP][PASSED] - if (Files.notExists(SetPath)): null

2020-07-09 15:34:40 - [TEST_STEP][PASSED] - today = new java.util.Date(): null

2020-07-09 15:34:40 - [TEST_STEP][PASSED] - CapturePath = SetPath: null

2020-07-09 15:34:40 - [TEST_STEP][PASSED] - GetSubCapture = CapturePath: null

2020-07-09 15:34:40 - [TEST_STEP][PASSED] - CapturePath += "\": null

2020-07-09 15:34:40 - [TEST_STEP][PASSED] - if (VerifyCheck == true): Taking screenshot successfully

2020-07-09 15:34:40 - [TEST_STEP][PASSED] - takeScreenshot(CapturePath + today.format("ddMMyy") + today.format("hhmmss") + "_" + SetTestScriptID + ".png"): Taking screenshot successfully

2020-07-09 15:34:40 - [MESSAGE][PASSED] - Taking screenshot successfully
[[ATTACHMENT|D:\\Test IPB\\Result\\IDPhotoBooks\\Run_3\\Login_Positif_1\\090720033440_Login_Positif_1.png]]

2020-07-09 15:34:40 - [MESSAGE][PASSED] - Call Test Case 'Test Cases/Services/SVC_Get Capture' successfully

2020-07-09 15:34:40 - [TEST_STEP][PASSED] - click(findTestObject("Registrasi/Register Positif/Page_Akun  IDPhotobook/button_Keluar")): Object: 'Object Repository/Registrasi/Register Positif/Page_Akun  IDPhotobook/button_Keluar' is clicked on

2020-07-09 15:34:41 - [MESSAGE][PASSED] - Object: 'Object Repository/Registrasi/Register Positif/Page_Akun  IDPhotobook/button_Keluar' is clicked on

2020-07-09 15:34:41 - [TEST_STEP][PASSED] - refresh(): Refresh successfully

2020-07-09 15:34:42 - [MESSAGE][PASSED] - Refresh successfully

2020-07-09 15:34:42 - [TEST_STEP][PASSED] - click(findTestObject("Object Repository/Login/Login Positif/Page_Home  IDPhotobook/div_Akun")): Object: 'Object Repository/Login/Login Positif/Page_Home  IDPhotobook/div_Akun' is clicked on

2020-07-09 15:34:43 - [MESSAGE][PASSED] - Object: 'Object Repository/Login/Login Positif/Page_Home  IDPhotobook/div_Akun' is clicked on

2020-07-09 15:34:43 - [TEST_STEP][PASSED] - delay(2): Delayed 2 second(s)

2020-07-09 15:34:45 - [MESSAGE][PASSED] - Delayed 2 second(s)

2020-07-09 15:34:45 - [TEST_STEP][PASSED] - callTestCase(findTestCase("Services/SVC_Get Capture"), null, STOP_ON_FAILURE): Call Test Case 'Test Cases/Services/SVC_Get Capture' successfully

2020-07-09 15:34:45 - [TEST_CASE][PASSED] - Test Cases/Services/SVC_Get Capture: Test Cases/Services/SVC_Get Capture

2020-07-09 15:34:45 - [TEST_STEP][PASSED] - delay(TimeDelay): Delayed 1 second(s)

2020-07-09 15:34:46 - [MESSAGE][PASSED] - Delayed 1 second(s)

2020-07-09 15:34:46 - [TEST_STEP][PASSED] - GetPath = SetPathCapture: null

2020-07-09 15:34:46 - [TEST_STEP][PASSED] - GetPathData = GetPath + "\" + SetTestScriptID: null

2020-07-09 15:34:46 - [TEST_STEP][PASSED] - SetPath = Paths.get(GetPathData): null

2020-07-09 15:34:46 - [TEST_STEP][PASSED] - if (Files.notExists(SetPath)): null

2020-07-09 15:34:46 - [TEST_STEP][PASSED] - today = new java.util.Date(): null

2020-07-09 15:34:46 - [TEST_STEP][PASSED] - CapturePath = SetPath: null

2020-07-09 15:34:46 - [TEST_STEP][PASSED] - GetSubCapture = CapturePath: null

2020-07-09 15:34:46 - [TEST_STEP][PASSED] - CapturePath += "\": null

2020-07-09 15:34:46 - [TEST_STEP][PASSED] - if (VerifyCheck == true): Taking screenshot successfully

2020-07-09 15:34:46 - [TEST_STEP][PASSED] - takeScreenshot(CapturePath + today.format("ddMMyy") + today.format("hhmmss") + "_" + SetTestScriptID + ".png"): Taking screenshot successfully

2020-07-09 15:34:47 - [MESSAGE][PASSED] - Taking screenshot successfully
[[ATTACHMENT|D:\\Test IPB\\Result\\IDPhotoBooks\\Run_3\\Login_Positif_1\\090720033446_Login_Positif_1.png]]

2020-07-09 15:34:47 - [MESSAGE][PASSED] - Call Test Case 'Test Cases/Services/SVC_Get Capture' successfully

2020-07-09 15:34:47 - [TEST_STEP][PASSED] - setText(findTestObject("Object Repository/Login/Login Positif/Page_Login  IDPhotobook/input_Yuuk Login ke IDPhotobookcom_mat-input-0"), findTestData("Login/Login_Positif").getValue("Email", rowNum)): Text 'indraww89@gmail.com' is set on object 'Object Repository/Login/Login Positif/Page_Login  IDPhotobook/input_Yuuk Login ke IDPhotobookcom_mat-input-0'

2020-07-09 15:34:47 - [MESSAGE][PASSED] - Text 'indraww89@gmail.com' is set on object 'Object Repository/Login/Login Positif/Page_Login  IDPhotobook/input_Yuuk Login ke IDPhotobookcom_mat-input-0'

2020-07-09 15:34:47 - [TEST_STEP][PASSED] - setText(findTestObject("Object Repository/Login/Login Positif/Page_Login  IDPhotobook/input_Nomor Whatsapp  Email_mat-input-1"), findTestData("Login/Login_Positif").getValue("Password", rowNum)): Text 'indraw898' is set on object 'Object Repository/Login/Login Positif/Page_Login  IDPhotobook/input_Nomor Whatsapp  Email_mat-input-1'

2020-07-09 15:34:48 - [MESSAGE][PASSED] - Text 'indraw898' is set on object 'Object Repository/Login/Login Positif/Page_Login  IDPhotobook/input_Nomor Whatsapp  Email_mat-input-1'

2020-07-09 15:34:48 - [TEST_STEP][PASSED] - callTestCase(findTestCase("Services/SVC_Get Capture"), null, STOP_ON_FAILURE): Call Test Case 'Test Cases/Services/SVC_Get Capture' successfully

2020-07-09 15:34:48 - [TEST_CASE][PASSED] - Test Cases/Services/SVC_Get Capture: Test Cases/Services/SVC_Get Capture

2020-07-09 15:34:48 - [TEST_STEP][PASSED] - delay(TimeDelay): Delayed 1 second(s)

2020-07-09 15:34:49 - [MESSAGE][PASSED] - Delayed 1 second(s)

2020-07-09 15:34:49 - [TEST_STEP][PASSED] - GetPath = SetPathCapture: null

2020-07-09 15:34:49 - [TEST_STEP][PASSED] - GetPathData = GetPath + "\" + SetTestScriptID: null

2020-07-09 15:34:49 - [TEST_STEP][PASSED] - SetPath = Paths.get(GetPathData): null

2020-07-09 15:34:49 - [TEST_STEP][PASSED] - if (Files.notExists(SetPath)): null

2020-07-09 15:34:49 - [TEST_STEP][PASSED] - today = new java.util.Date(): null

2020-07-09 15:34:49 - [TEST_STEP][PASSED] - CapturePath = SetPath: null

2020-07-09 15:34:49 - [TEST_STEP][PASSED] - GetSubCapture = CapturePath: null

2020-07-09 15:34:49 - [TEST_STEP][PASSED] - CapturePath += "\": null

2020-07-09 15:34:49 - [TEST_STEP][PASSED] - if (VerifyCheck == true): Taking screenshot successfully

2020-07-09 15:34:49 - [TEST_STEP][PASSED] - takeScreenshot(CapturePath + today.format("ddMMyy") + today.format("hhmmss") + "_" + SetTestScriptID + ".png"): Taking screenshot successfully

2020-07-09 15:34:49 - [MESSAGE][PASSED] - Taking screenshot successfully
[[ATTACHMENT|D:\\Test IPB\\Result\\IDPhotoBooks\\Run_3\\Login_Positif_1\\090720033449_Login_Positif_1.png]]

2020-07-09 15:34:49 - [MESSAGE][PASSED] - Call Test Case 'Test Cases/Services/SVC_Get Capture' successfully

2020-07-09 15:34:49 - [TEST_STEP][PASSED] - click(findTestObject("Object Repository/Login/Login Positif/Page_Login  IDPhotobook/button_Masuk Sekarang")): Object: 'Object Repository/Login/Login Positif/Page_Login  IDPhotobook/button_Masuk Sekarang' is clicked on

2020-07-09 15:34:50 - [MESSAGE][PASSED] - Object: 'Object Repository/Login/Login Positif/Page_Login  IDPhotobook/button_Masuk Sekarang' is clicked on

2020-07-09 15:34:50 - [TEST_STEP][PASSED] - delay(2): Delayed 2 second(s)

2020-07-09 15:34:52 - [MESSAGE][PASSED] - Delayed 2 second(s)

2020-07-09 15:34:52 - [TEST_STEP][PASSED] - VerifyCheck = verifyTextPresent(findTestData("Login/Login_Positif").getValue("Nama", rowNum), true, CONTINUE_ON_FAILURE): Text 'Indrawan' is present on page  using regular expression

2020-07-09 15:34:52 - [MESSAGE][PASSED] - Text 'Indrawan' is present on page  using regular expression

2020-07-09 15:34:52 - [TEST_STEP][PASSED] - VerifyCheck = verifyTextPresent(findTestData("Login/Login_Positif").getValue("WhatsApp", rowNum), true, CONTINUE_ON_FAILURE): Text '085721576989' is present on page  using regular expression

2020-07-09 15:34:52 - [MESSAGE][PASSED] - Text '085721576989' is present on page  using regular expression

2020-07-09 15:34:52 - [TEST_STEP][PASSED] - VerifyCheck = verifyTextPresent(findTestData("Login/Login_Positif").getValue("Email", rowNum), true, CONTINUE_ON_FAILURE): Text 'indraww89@gmail.com' is present on page  using regular expression

2020-07-09 15:34:53 - [MESSAGE][PASSED] - Text 'indraww89@gmail.com' is present on page  using regular expression

2020-07-09 15:34:53 - [TEST_STEP][PASSED] - callTestCase(findTestCase("Services/SVC_Get Capture"), null, STOP_ON_FAILURE): Call Test Case 'Test Cases/Services/SVC_Get Capture' successfully

2020-07-09 15:34:53 - [TEST_CASE][PASSED] - Test Cases/Services/SVC_Get Capture: Test Cases/Services/SVC_Get Capture

2020-07-09 15:34:53 - [TEST_STEP][PASSED] - delay(TimeDelay): Delayed 1 second(s)

2020-07-09 15:34:54 - [MESSAGE][PASSED] - Delayed 1 second(s)

2020-07-09 15:34:54 - [TEST_STEP][PASSED] - GetPath = SetPathCapture: null

2020-07-09 15:34:54 - [TEST_STEP][PASSED] - GetPathData = GetPath + "\" + SetTestScriptID: null

2020-07-09 15:34:54 - [TEST_STEP][PASSED] - SetPath = Paths.get(GetPathData): null

2020-07-09 15:34:54 - [TEST_STEP][PASSED] - if (Files.notExists(SetPath)): null

2020-07-09 15:34:54 - [TEST_STEP][PASSED] - today = new java.util.Date(): null

2020-07-09 15:34:54 - [TEST_STEP][PASSED] - CapturePath = SetPath: null

2020-07-09 15:34:54 - [TEST_STEP][PASSED] - GetSubCapture = CapturePath: null

2020-07-09 15:34:54 - [TEST_STEP][PASSED] - CapturePath += "\": null

2020-07-09 15:34:54 - [TEST_STEP][PASSED] - if (VerifyCheck == true): Taking screenshot successfully

2020-07-09 15:34:54 - [TEST_STEP][PASSED] - takeScreenshot(CapturePath + today.format("ddMMyy") + today.format("hhmmss") + "_" + SetTestScriptID + ".png"): Taking screenshot successfully

2020-07-09 15:34:54 - [MESSAGE][PASSED] - Taking screenshot successfully
[[ATTACHMENT|D:\\Test IPB\\Result\\IDPhotoBooks\\Run_3\\Login_Positif_1\\090720033454_Login_Positif_1.png]]

2020-07-09 15:34:54 - [MESSAGE][PASSED] - Call Test Case 'Test Cases/Services/SVC_Get Capture' successfully

2020-07-09 15:34:54 - [TEST_STEP][PASSED] - click(findTestObject("Registrasi/Register Positif/Page_Akun  IDPhotobook/button_Keluar")): Object: 'Object Repository/Registrasi/Register Positif/Page_Akun  IDPhotobook/button_Keluar' is clicked on

2020-07-09 15:34:55 - [MESSAGE][PASSED] - Object: 'Object Repository/Registrasi/Register Positif/Page_Akun  IDPhotobook/button_Keluar' is clicked on

2020-07-09 15:34:55 - [TEST_STEP][PASSED] - if (findTestData("Login/Login_Positif").getValue("ACTIVE", rowNum) == "Y"): null

2020-07-09 15:34:55 - [TEST_STEP][PASSED] - if (findTestData("Login/Login_Positif").getValue("ACTIVE", rowNum) == "Y"): null

2020-07-09 15:34:55 - [TEST_STEP][PASSED] - if (findTestData("Login/Login_Positif").getValue("ACTIVE", rowNum) == "Y"): null

2020-07-09 15:34:55 - [TEST_STEP][PASSED] - if (findTestData("Login/Login_Positif").getValue("ACTIVE", rowNum) == "Y"): null

2020-07-09 15:34:55 - [TEST_STEP][PASSED] - if (findTestData("Login/Login_Positif").getValue("ACTIVE", rowNum) == "Y"): null

2020-07-09 15:34:55 - [TEST_STEP][PASSED] - if (findTestData("Login/Login_Positif").getValue("ACTIVE", rowNum) == "Y"): null

2020-07-09 15:34:55 - [TEST_STEP][PASSED] - if (findTestData("Login/Login_Positif").getValue("ACTIVE", rowNum) == "Y"): null

2020-07-09 15:34:55 - [TEST_STEP][PASSED] - if (findTestData("Login/Login_Positif").getValue("ACTIVE", rowNum) == "Y"): null

2020-07-09 15:34:55 - [TEST_STEP][PASSED] - if (findTestData("Login/Login_Positif").getValue("ACTIVE", rowNum) == "Y"): null

2020-07-09 15:34:55 - [TEST_STEP][PASSED] - if (findTestData("Login/Login_Positif").getValue("ACTIVE", rowNum) == "Y"): null

2020-07-09 15:34:55 - [TEST_STEP][PASSED] - if (findTestData("Login/Login_Positif").getValue("ACTIVE", rowNum) == "Y"): null

2020-07-09 15:34:55 - [TEST_STEP][PASSED] - if (findTestData("Login/Login_Positif").getValue("ACTIVE", rowNum) == "Y"): null

2020-07-09 15:34:55 - [TEST_STEP][PASSED] - if (findTestData("Login/Login_Positif").getValue("ACTIVE", rowNum) == "Y"): null

2020-07-09 15:34:55 - [TEST_STEP][PASSED] - if (findTestData("Login/Login_Positif").getValue("ACTIVE", rowNum) == "Y"): null

2020-07-09 15:34:55 - [TEST_STEP][PASSED] - if (findTestData("Login/Login_Positif").getValue("ACTIVE", rowNum) == "Y"): null

2020-07-09 15:34:55 - [TEST_STEP][PASSED] - if (findTestData("Login/Login_Positif").getValue("ACTIVE", rowNum) == "Y"): null

2020-07-09 15:34:56 - [TEST_STEP][PASSED] - if (findTestData("Login/Login_Positif").getValue("ACTIVE", rowNum) == "Y"): null

2020-07-09 15:34:56 - [TEST_STEP][PASSED] - if (findTestData("Login/Login_Positif").getValue("ACTIVE", rowNum) == "Y"): null

2020-07-09 15:34:56 - [TEST_STEP][PASSED] - if (findTestData("Login/Login_Positif").getValue("ACTIVE", rowNum) == "Y"): null

2020-07-09 15:34:56 - [TEST_STEP][PASSED] - if (findTestData("Login/Login_Positif").getValue("ACTIVE", rowNum) == "Y"): null

2020-07-09 15:34:56 - [TEST_STEP][PASSED] - if (findTestData("Login/Login_Positif").getValue("ACTIVE", rowNum) == "Y"): null

2020-07-09 15:34:56 - [TEST_STEP][PASSED] - if (findTestData("Login/Login_Positif").getValue("ACTIVE", rowNum) == "Y"): null

2020-07-09 15:34:56 - [TEST_STEP][PASSED] - if (findTestData("Login/Login_Positif").getValue("ACTIVE", rowNum) == "Y"): null

2020-07-09 15:34:56 - [TEST_STEP][PASSED] - if (findTestData("Login/Login_Positif").getValue("ACTIVE", rowNum) == "Y"): null

2020-07-09 15:34:56 - [TEST_STEP][PASSED] - if (findTestData("Login/Login_Positif").getValue("ACTIVE", rowNum) == "Y"): null

2020-07-09 15:34:56 - [TEST_STEP][PASSED] - if (findTestData("Login/Login_Positif").getValue("ACTIVE", rowNum) == "Y"): null

2020-07-09 15:34:56 - [TEST_STEP][PASSED] - if (findTestData("Login/Login_Positif").getValue("ACTIVE", rowNum) == "Y"): null

2020-07-09 15:34:56 - [TEST_STEP][PASSED] - if (findTestData("Login/Login_Positif").getValue("ACTIVE", rowNum) == "Y"): null

2020-07-09 15:34:56 - [TEST_STEP][PASSED] - if (findTestData("Login/Login_Positif").getValue("ACTIVE", rowNum) == "Y"): null

2020-07-09 15:34:56 - [TEST_STEP][PASSED] - if (findTestData("Login/Login_Positif").getValue("ACTIVE", rowNum) == "Y"): null

2020-07-09 15:34:56 - [TEST_STEP][PASSED] - if (findTestData("Login/Login_Positif").getValue("ACTIVE", rowNum) == "Y"): null

2020-07-09 15:34:56 - [TEST_STEP][PASSED] - if (findTestData("Login/Login_Positif").getValue("ACTIVE", rowNum) == "Y"): null

2020-07-09 15:34:56 - [TEST_STEP][PASSED] - if (findTestData("Login/Login_Positif").getValue("ACTIVE", rowNum) == "Y"): null

2020-07-09 15:34:56 - [TEST_STEP][PASSED] - if (findTestData("Login/Login_Positif").getValue("ACTIVE", rowNum) == "Y"): null

2020-07-09 15:34:56 - [TEST_STEP][PASSED] - if (findTestData("Login/Login_Positif").getValue("ACTIVE", rowNum) == "Y"): null

2020-07-09 15:34:56 - [TEST_STEP][PASSED] - if (findTestData("Login/Login_Positif").getValue("ACTIVE", rowNum) == "Y"): null

2020-07-09 15:34:56 - [TEST_STEP][PASSED] - if (findTestData("Login/Login_Positif").getValue("ACTIVE", rowNum) == "Y"): null

2020-07-09 15:34:56 - [TEST_STEP][PASSED] - if (findTestData("Login/Login_Positif").getValue("ACTIVE", rowNum) == "Y"): null

2020-07-09 15:34:56 - [TEST_STEP][PASSED] - if (findTestData("Login/Login_Positif").getValue("ACTIVE", rowNum) == "Y"): null

2020-07-09 15:34:56 - [TEST_STEP][PASSED] - if (findTestData("Login/Login_Positif").getValue("ACTIVE", rowNum) == "Y"): null

2020-07-09 15:34:56 - [TEST_STEP][PASSED] - if (findTestData("Login/Login_Positif").getValue("ACTIVE", rowNum) == "Y"): null

2020-07-09 15:34:56 - [TEST_STEP][PASSED] - if (findTestData("Login/Login_Positif").getValue("ACTIVE", rowNum) == "Y"): null

2020-07-09 15:34:56 - [TEST_STEP][PASSED] - if (findTestData("Login/Login_Positif").getValue("ACTIVE", rowNum) == "Y"): null

2020-07-09 15:34:56 - [TEST_STEP][PASSED] - if (findTestData("Login/Login_Positif").getValue("ACTIVE", rowNum) == "Y"): null

2020-07-09 15:34:56 - [TEST_STEP][PASSED] - if (findTestData("Login/Login_Positif").getValue("ACTIVE", rowNum) == "Y"): null

2020-07-09 15:34:57 - [TEST_STEP][PASSED] - if (findTestData("Login/Login_Positif").getValue("ACTIVE", rowNum) == "Y"): null

2020-07-09 15:34:57 - [TEST_STEP][PASSED] - if (findTestData("Login/Login_Positif").getValue("ACTIVE", rowNum) == "Y"): null

2020-07-09 15:34:57 - [TEST_STEP][PASSED] - if (findTestData("Login/Login_Positif").getValue("ACTIVE", rowNum) == "Y"): null

2020-07-09 15:34:57 - [TEST_STEP][PASSED] - if (findTestData("Login/Login_Positif").getValue("ACTIVE", rowNum) == "Y"): null

2020-07-09 15:34:57 - [TEST_STEP][PASSED] - if (findTestData("Login/Login_Positif").getValue("ACTIVE", rowNum) == "Y"): null

2020-07-09 15:34:57 - [TEST_STEP][PASSED] - if (findTestData("Login/Login_Positif").getValue("ACTIVE", rowNum) == "Y"): null

2020-07-09 15:34:57 - [TEST_STEP][PASSED] - if (findTestData("Login/Login_Positif").getValue("ACTIVE", rowNum) == "Y"): null

2020-07-09 15:34:57 - [TEST_STEP][PASSED] - if (findTestData("Login/Login_Positif").getValue("ACTIVE", rowNum) == "Y"): null

2020-07-09 15:34:57 - [TEST_STEP][PASSED] - if (findTestData("Login/Login_Positif").getValue("ACTIVE", rowNum) == "Y"): null

2020-07-09 15:34:57 - [TEST_STEP][PASSED] - if (findTestData("Login/Login_Positif").getValue("ACTIVE", rowNum) == "Y"): null

2020-07-09 15:34:57 - [TEST_STEP][PASSED] - if (findTestData("Login/Login_Positif").getValue("ACTIVE", rowNum) == "Y"): null

2020-07-09 15:34:57 - [TEST_STEP][PASSED] - if (findTestData("Login/Login_Positif").getValue("ACTIVE", rowNum) == "Y"): null

2020-07-09 15:34:57 - [TEST_STEP][PASSED] - if (findTestData("Login/Login_Positif").getValue("ACTIVE", rowNum) == "Y"): null

2020-07-09 15:34:57 - [TEST_STEP][PASSED] - if (findTestData("Login/Login_Positif").getValue("ACTIVE", rowNum) == "Y"): null

2020-07-09 15:34:57 - [TEST_STEP][PASSED] - if (findTestData("Login/Login_Positif").getValue("ACTIVE", rowNum) == "Y"): null

2020-07-09 15:34:57 - [TEST_STEP][PASSED] - if (findTestData("Login/Login_Positif").getValue("ACTIVE", rowNum) == "Y"): null

2020-07-09 15:34:57 - [TEST_STEP][PASSED] - if (findTestData("Login/Login_Positif").getValue("ACTIVE", rowNum) == "Y"): null

2020-07-09 15:34:57 - [TEST_STEP][PASSED] - if (findTestData("Login/Login_Positif").getValue("ACTIVE", rowNum) == "Y"): null

2020-07-09 15:34:57 - [TEST_STEP][PASSED] - if (findTestData("Login/Login_Positif").getValue("ACTIVE", rowNum) == "Y"): null

2020-07-09 15:34:57 - [TEST_STEP][PASSED] - if (findTestData("Login/Login_Positif").getValue("ACTIVE", rowNum) == "Y"): null

2020-07-09 15:34:57 - [TEST_STEP][PASSED] - if (findTestData("Login/Login_Positif").getValue("ACTIVE", rowNum) == "Y"): null

2020-07-09 15:34:57 - [TEST_STEP][PASSED] - if (findTestData("Login/Login_Positif").getValue("ACTIVE", rowNum) == "Y"): null

2020-07-09 15:34:57 - [TEST_STEP][PASSED] - if (findTestData("Login/Login_Positif").getValue("ACTIVE", rowNum) == "Y"): null

2020-07-09 15:34:57 - [TEST_STEP][PASSED] - if (findTestData("Login/Login_Positif").getValue("ACTIVE", rowNum) == "Y"): null

2020-07-09 15:34:57 - [TEST_STEP][PASSED] - if (findTestData("Login/Login_Positif").getValue("ACTIVE", rowNum) == "Y"): null

2020-07-09 15:34:57 - [TEST_STEP][PASSED] - if (findTestData("Login/Login_Positif").getValue("ACTIVE", rowNum) == "Y"): null

2020-07-09 15:34:57 - [TEST_STEP][PASSED] - if (findTestData("Login/Login_Positif").getValue("ACTIVE", rowNum) == "Y"): null

2020-07-09 15:34:57 - [TEST_STEP][PASSED] - if (findTestData("Login/Login_Positif").getValue("ACTIVE", rowNum) == "Y"): null

2020-07-09 15:34:57 - [TEST_STEP][PASSED] - closeBrowser(): Browser is closed

2020-07-09 15:34:58 - [MESSAGE][PASSED] - Browser is closed]]></system-out>
         <system-err><![CDATA[]]></system-err>
      </testcase>
      <testcase name="Test Cases/Login/Login_Negatif" time="153.071" classname="Test Cases/Login/Login_Negatif" status="FAILED">
         <failure type="FAILED" message="Test Cases/Login/Login_Negatif FAILED.
Reason:
com.kms.katalon.core.exception.StepFailedException: Text 'No. Whatsapp / Email tidak ditemukan' is present on page  (Root cause: com.kms.katalon.core.exception.StepFailedException: Text 'No. Whatsapp / Email tidak ditemukan' is present on page 
	at com.kms.katalon.core.webui.keyword.internal.WebUIKeywordMain.stepFailed(WebUIKeywordMain.groovy:64)
	at com.kms.katalon.core.webui.keyword.builtin.VerifyTextNotPresentKeyword$_verifyTextNotPresent_closure1.doCall(VerifyTextNotPresentKeyword.groovy:77)
	at com.kms.katalon.core.webui.keyword.builtin.VerifyTextNotPresentKeyword$_verifyTextNotPresent_closure1.call(VerifyTextNotPresentKeyword.groovy)
	at com.kms.katalon.core.webui.keyword.internal.WebUIKeywordMain.runKeyword(WebUIKeywordMain.groovy:20)
	at com.kms.katalon.core.webui.keyword.builtin.VerifyTextNotPresentKeyword.verifyTextNotPresent(VerifyTextNotPresentKeyword.groovy:82)
	at com.kms.katalon.core.webui.keyword.builtin.VerifyTextNotPresentKeyword.execute(VerifyTextNotPresentKeyword.groovy:68)
	at com.kms.katalon.core.keyword.internal.KeywordExecutor.executeKeywordForPlatform(KeywordExecutor.groovy:72)
	at com.kms.katalon.core.webui.keyword.WebUiBuiltInKeywords.verifyTextNotPresent(WebUiBuiltInKeywords.groovy:1736)
	at com.kms.katalon.core.webui.keyword.WebUiBuiltInKeywords$verifyTextNotPresent$7.call(Unknown Source)
	at Login_Negatif.run(Login_Negatif:56)
	at com.kms.katalon.core.main.ScriptEngine.run(ScriptEngine.java:194)
	at com.kms.katalon.core.main.ScriptEngine.runScriptAsRawText(ScriptEngine.java:119)
	at com.kms.katalon.core.main.TestCaseExecutor.runScript(TestCaseExecutor.java:337)
	at com.kms.katalon.core.main.TestCaseExecutor.doExecute(TestCaseExecutor.java:328)
	at com.kms.katalon.core.main.TestCaseExecutor.processExecutionPhase(TestCaseExecutor.java:307)
	at com.kms.katalon.core.main.TestCaseExecutor.accessMainPhase(TestCaseExecutor.java:299)
	at com.kms.katalon.core.main.TestCaseExecutor.execute(TestCaseExecutor.java:233)
	at com.kms.katalon.core.main.TestSuiteExecutor.accessTestCaseMainPhase(TestSuiteExecutor.java:169)
	at com.kms.katalon.core.main.TestSuiteExecutor.accessTestSuiteMainPhase(TestSuiteExecutor.java:142)
	at com.kms.katalon.core.main.TestSuiteExecutor.execute(TestSuiteExecutor.java:91)
	at com.kms.katalon.core.main.TestCaseMain.startTestSuite(TestCaseMain.java:157)
	at com.kms.katalon.core.main.TestCaseMain$startTestSuite$0.call(Unknown Source)
	at TempTestSuite1594283652823.run(TempTestSuite1594283652823.groovy:37)
)
	at com.kms.katalon.core.keyword.internal.KeywordMain.stepFailed(KeywordMain.groovy:39)
	at com.kms.katalon.core.webui.keyword.internal.WebUIKeywordMain.stepFailed(WebUIKeywordMain.groovy:64)
	at com.kms.katalon.core.webui.keyword.builtin.VerifyTextNotPresentKeyword$_verifyTextNotPresent_closure1.doCall(VerifyTextNotPresentKeyword.groovy:77)
	at com.kms.katalon.core.webui.keyword.builtin.VerifyTextNotPresentKeyword$_verifyTextNotPresent_closure1.call(VerifyTextNotPresentKeyword.groovy)
	at com.kms.katalon.core.webui.keyword.internal.WebUIKeywordMain.runKeyword(WebUIKeywordMain.groovy:20)
	at com.kms.katalon.core.webui.keyword.builtin.VerifyTextNotPresentKeyword.verifyTextNotPresent(VerifyTextNotPresentKeyword.groovy:82)
	at com.kms.katalon.core.webui.keyword.builtin.VerifyTextNotPresentKeyword.execute(VerifyTextNotPresentKeyword.groovy:68)
	at com.kms.katalon.core.keyword.internal.KeywordExecutor.executeKeywordForPlatform(KeywordExecutor.groovy:72)
	at com.kms.katalon.core.webui.keyword.WebUiBuiltInKeywords.verifyTextNotPresent(WebUiBuiltInKeywords.groovy:1736)
	at com.kms.katalon.core.webui.keyword.WebUiBuiltInKeywords$verifyTextNotPresent$7.call(Unknown Source)
	at Login_Negatif.run(Login_Negatif:56)
	at com.kms.katalon.core.main.ScriptEngine.run(ScriptEngine.java:194)
	at com.kms.katalon.core.main.ScriptEngine.runScriptAsRawText(ScriptEngine.java:119)
	at com.kms.katalon.core.main.TestCaseExecutor.runScript(TestCaseExecutor.java:337)
	at com.kms.katalon.core.main.TestCaseExecutor.doExecute(TestCaseExecutor.java:328)
	at com.kms.katalon.core.main.TestCaseExecutor.processExecutionPhase(TestCaseExecutor.java:307)
	at com.kms.katalon.core.main.TestCaseExecutor.accessMainPhase(TestCaseExecutor.java:299)
	at com.kms.katalon.core.main.TestCaseExecutor.execute(TestCaseExecutor.java:233)
	at com.kms.katalon.core.main.TestSuiteExecutor.accessTestCaseMainPhase(TestSuiteExecutor.java:169)
	at com.kms.katalon.core.main.TestSuiteExecutor.accessTestSuiteMainPhase(TestSuiteExecutor.java:142)
	at com.kms.katalon.core.main.TestSuiteExecutor.execute(TestSuiteExecutor.java:91)
	at com.kms.katalon.core.main.TestCaseMain.startTestSuite(TestCaseMain.java:157)
	at com.kms.katalon.core.main.TestCaseMain$startTestSuite$0.call(Unknown Source)
	at TempTestSuite1594283652823.run(TempTestSuite1594283652823.groovy:37)
Caused by: com.kms.katalon.core.exception.StepFailedException: Text 'No. Whatsapp / Email tidak ditemukan' is present on page 
	... 23 more
"/>
         <system-out><![CDATA[2020-07-09 15:34:58 - [TEST_CASE][FAILED] - Test Cases/Login/Login_Negatif: Test Cases/Login/Login_Negatif FAILED.
Reason:
com.kms.katalon.core.exception.StepFailedException: Text 'No. Whatsapp / Email tidak ditemukan' is present on page  (Root cause: com.kms.katalon.core.exception.StepFailedException: Text 'No. Whatsapp / Email tidak ditemukan' is present on page 
	at com.kms.katalon.core.webui.keyword.internal.WebUIKeywordMain.stepFailed(WebUIKeywordMain.groovy:64)
	at com.kms.katalon.core.webui.keyword.builtin.VerifyTextNotPresentKeyword$_verifyTextNotPresent_closure1.doCall(VerifyTextNotPresentKeyword.groovy:77)
	at com.kms.katalon.core.webui.keyword.builtin.VerifyTextNotPresentKeyword$_verifyTextNotPresent_closure1.call(VerifyTextNotPresentKeyword.groovy)
	at com.kms.katalon.core.webui.keyword.internal.WebUIKeywordMain.runKeyword(WebUIKeywordMain.groovy:20)
	at com.kms.katalon.core.webui.keyword.builtin.VerifyTextNotPresentKeyword.verifyTextNotPresent(VerifyTextNotPresentKeyword.groovy:82)
	at com.kms.katalon.core.webui.keyword.builtin.VerifyTextNotPresentKeyword.execute(VerifyTextNotPresentKeyword.groovy:68)
	at com.kms.katalon.core.keyword.internal.KeywordExecutor.executeKeywordForPlatform(KeywordExecutor.groovy:72)
	at com.kms.katalon.core.webui.keyword.WebUiBuiltInKeywords.verifyTextNotPresent(WebUiBuiltInKeywords.groovy:1736)
	at com.kms.katalon.core.webui.keyword.WebUiBuiltInKeywords$verifyTextNotPresent$7.call(Unknown Source)
	at Login_Negatif.run(Login_Negatif:56)
	at com.kms.katalon.core.main.ScriptEngine.run(ScriptEngine.java:194)
	at com.kms.katalon.core.main.ScriptEngine.runScriptAsRawText(ScriptEngine.java:119)
	at com.kms.katalon.core.main.TestCaseExecutor.runScript(TestCaseExecutor.java:337)
	at com.kms.katalon.core.main.TestCaseExecutor.doExecute(TestCaseExecutor.java:328)
	at com.kms.katalon.core.main.TestCaseExecutor.processExecutionPhase(TestCaseExecutor.java:307)
	at com.kms.katalon.core.main.TestCaseExecutor.accessMainPhase(TestCaseExecutor.java:299)
	at com.kms.katalon.core.main.TestCaseExecutor.execute(TestCaseExecutor.java:233)
	at com.kms.katalon.core.main.TestSuiteExecutor.accessTestCaseMainPhase(TestSuiteExecutor.java:169)
	at com.kms.katalon.core.main.TestSuiteExecutor.accessTestSuiteMainPhase(TestSuiteExecutor.java:142)
	at com.kms.katalon.core.main.TestSuiteExecutor.execute(TestSuiteExecutor.java:91)
	at com.kms.katalon.core.main.TestCaseMain.startTestSuite(TestCaseMain.java:157)
	at com.kms.katalon.core.main.TestCaseMain$startTestSuite$0.call(Unknown Source)
	at TempTestSuite1594283652823.run(TempTestSuite1594283652823.groovy:37)
)
	at com.kms.katalon.core.keyword.internal.KeywordMain.stepFailed(KeywordMain.groovy:39)
	at com.kms.katalon.core.webui.keyword.internal.WebUIKeywordMain.stepFailed(WebUIKeywordMain.groovy:64)
	at com.kms.katalon.core.webui.keyword.builtin.VerifyTextNotPresentKeyword$_verifyTextNotPresent_closure1.doCall(VerifyTextNotPresentKeyword.groovy:77)
	at com.kms.katalon.core.webui.keyword.builtin.VerifyTextNotPresentKeyword$_verifyTextNotPresent_closure1.call(VerifyTextNotPresentKeyword.groovy)
	at com.kms.katalon.core.webui.keyword.internal.WebUIKeywordMain.runKeyword(WebUIKeywordMain.groovy:20)
	at com.kms.katalon.core.webui.keyword.builtin.VerifyTextNotPresentKeyword.verifyTextNotPresent(VerifyTextNotPresentKeyword.groovy:82)
	at com.kms.katalon.core.webui.keyword.builtin.VerifyTextNotPresentKeyword.execute(VerifyTextNotPresentKeyword.groovy:68)
	at com.kms.katalon.core.keyword.internal.KeywordExecutor.executeKeywordForPlatform(KeywordExecutor.groovy:72)
	at com.kms.katalon.core.webui.keyword.WebUiBuiltInKeywords.verifyTextNotPresent(WebUiBuiltInKeywords.groovy:1736)
	at com.kms.katalon.core.webui.keyword.WebUiBuiltInKeywords$verifyTextNotPresent$7.call(Unknown Source)
	at Login_Negatif.run(Login_Negatif:56)
	at com.kms.katalon.core.main.ScriptEngine.run(ScriptEngine.java:194)
	at com.kms.katalon.core.main.ScriptEngine.runScriptAsRawText(ScriptEngine.java:119)
	at com.kms.katalon.core.main.TestCaseExecutor.runScript(TestCaseExecutor.java:337)
	at com.kms.katalon.core.main.TestCaseExecutor.doExecute(TestCaseExecutor.java:328)
	at com.kms.katalon.core.main.TestCaseExecutor.processExecutionPhase(TestCaseExecutor.java:307)
	at com.kms.katalon.core.main.TestCaseExecutor.accessMainPhase(TestCaseExecutor.java:299)
	at com.kms.katalon.core.main.TestCaseExecutor.execute(TestCaseExecutor.java:233)
	at com.kms.katalon.core.main.TestSuiteExecutor.accessTestCaseMainPhase(TestSuiteExecutor.java:169)
	at com.kms.katalon.core.main.TestSuiteExecutor.accessTestSuiteMainPhase(TestSuiteExecutor.java:142)
	at com.kms.katalon.core.main.TestSuiteExecutor.execute(TestSuiteExecutor.java:91)
	at com.kms.katalon.core.main.TestCaseMain.startTestSuite(TestCaseMain.java:157)
	at com.kms.katalon.core.main.TestCaseMain$startTestSuite$0.call(Unknown Source)
	at TempTestSuite1594283652823.run(TempTestSuite1594283652823.groovy:37)
Caused by: com.kms.katalon.core.exception.StepFailedException: Text 'No. Whatsapp / Email tidak ditemukan' is present on page 
	... 23 more


2020-07-09 15:34:58 - [TEST_STEP][PASSED] - SetCreateFolder = "IDPhotoBooks": null

2020-07-09 15:34:58 - [TEST_STEP][PASSED] - SetSeparate = "CallCreateSubFolder": null

2020-07-09 15:34:58 - [TEST_STEP][PASSED] - callTestCase(findTestCase("Services/SVC_Separate"), null): Call Test Case 'Test Cases/Services/SVC_Separate' successfully

2020-07-09 15:34:58 - [TEST_CASE][PASSED] - Test Cases/Services/SVC_Separate: Test Cases/Services/SVC_Separate

2020-07-09 15:34:58 - [TEST_STEP][PASSED] - if (SetSeparate == "CallCreateSubFolder"): Call Test Case 'Test Cases/Services/SVC_Create Sub Folder' successfully

2020-07-09 15:34:58 - [TEST_STEP][PASSED] - callTestCase(findTestCase("Services/SVC_Create Folder"), null): Call Test Case 'Test Cases/Services/SVC_Create Folder' successfully

2020-07-09 15:34:58 - [TEST_CASE][PASSED] - Test Cases/Services/SVC_Create Folder: Test Cases/Services/SVC_Create Folder

2020-07-09 15:34:58 - [TEST_STEP][PASSED] - path = Paths.get("D://Test IPB//Result" + "//" + SetCreateFolder): null

2020-07-09 15:34:58 - [TEST_STEP][PASSED] - if (!(Files.exists(path))): null

2020-07-09 15:34:58 - [MESSAGE][PASSED] - Call Test Case 'Test Cases/Services/SVC_Create Folder' successfully

2020-07-09 15:34:58 - [TEST_STEP][PASSED] - callTestCase(findTestCase("Services/SVC_Create Sub Folder"), null): Call Test Case 'Test Cases/Services/SVC_Create Sub Folder' successfully

2020-07-09 15:34:58 - [TEST_CASE][PASSED] - Test Cases/Services/SVC_Create Sub Folder: Test Cases/Services/SVC_Create Sub Folder

2020-07-09 15:34:58 - [TEST_STEP][PASSED] - x = 1: null

2020-07-09 15:34:58 - [TEST_STEP][PASSED] - subpath = Paths.get("D://Test IPB//Result" + "//" + SetCreateFolder + "//Run_" + x): null

2020-07-09 15:34:58 - [TEST_STEP][PASSED] - if (!(Files.notExists(subpath))): null

2020-07-09 15:34:58 - [TEST_STEP][PASSED] - while (!(Files.notExists(subpath))): null

2020-07-09 15:34:58 - [TEST_STEP][PASSED] - if (!(Files.exists(Paths.get("D://Test IPB//Result" + "//" + SetCreateFolder + "//Run_" + x)))): null

2020-07-09 15:34:58 - [TEST_STEP][PASSED] - x += 1: null

2020-07-09 15:34:58 - [TEST_STEP][PASSED] - if (!(Files.exists(Paths.get("D://Test IPB//Result" + "//" + SetCreateFolder + "//Run_" + x)))): null

2020-07-09 15:34:58 - [TEST_STEP][PASSED] - x += 1: null

2020-07-09 15:34:58 - [TEST_STEP][PASSED] - if (!(Files.exists(Paths.get("D://Test IPB//Result" + "//" + SetCreateFolder + "//Run_" + x)))): null

2020-07-09 15:34:58 - [TEST_STEP][PASSED] - x += 1: null

2020-07-09 15:34:58 - [TEST_STEP][PASSED] - if (!(Files.exists(Paths.get("D://Test IPB//Result" + "//" + SetCreateFolder + "//Run_" + x)))): null

2020-07-09 15:34:58 - [TEST_STEP][PASSED] - Files.createDirectories(Paths.get("D://Test IPB//Result" + "//" + SetCreateFolder + "//Run_" + x)): null

2020-07-09 15:34:58 - [TEST_STEP][PASSED] - break: null

2020-07-09 15:34:58 - [TEST_STEP][PASSED] - setsubpath = Paths.get("D://Test IPB//Result" + "//" + SetCreateFolder + "//Run_" + x): null

2020-07-09 15:34:58 - [TEST_STEP][PASSED] - SetPathCapture = setsubpath: null

2020-07-09 15:34:58 - [MESSAGE][PASSED] - Call Test Case 'Test Cases/Services/SVC_Create Sub Folder' successfully

2020-07-09 15:34:58 - [MESSAGE][PASSED] - Call Test Case 'Test Cases/Services/SVC_Separate' successfully

2020-07-09 15:34:58 - [TEST_STEP][PASSED] - openBrowser(findTestData("URL/URL").getValue(1, 1)): Browser is opened with url: 'https://embrio.idphotobook.com/ '

2020-07-09 15:34:58 - [MESSAGE][INFO] - Starting 'Chrome' driver

2020-07-09 15:34:58 - [MESSAGE][INFO] - Action delay is set to 0 milliseconds

2020-07-09 15:35:05 - [MESSAGE][PASSED] - Browser is opened with url: 'https://embrio.idphotobook.com/ '

2020-07-09 15:35:05 - [TEST_STEP][PASSED] - maximizeWindow(): Current window maximized

2020-07-09 15:35:07 - [MESSAGE][PASSED] - Current window maximized

2020-07-09 15:35:07 - [TEST_STEP][PASSED] - click(findTestObject("Login/Login Negatif/Page_Home  IDPhotobook/div_Akun")): Object: 'Object Repository/Login/Login Negatif/Page_Home  IDPhotobook/div_Akun' is clicked on

2020-07-09 15:35:07 - [MESSAGE][PASSED] - Object: 'Object Repository/Login/Login Negatif/Page_Home  IDPhotobook/div_Akun' is clicked on

2020-07-09 15:35:07 - [TEST_STEP][FAILED] - for ([rowNum = 1, rowNum <= findTestData("Login/Login_Negatif").getRowNumbers(), (rowNum++)]): null

2020-07-09 15:35:08 - [TEST_STEP][FAILED] - if (findTestData("Login/Login_Negatif").getValue("ACTIVE", rowNum) == "Y"): null

2020-07-09 15:35:08 - [TEST_STEP][PASSED] - SetTestScriptID = findTestData("Login/Login_Negatif").getValue("SCRIPT ID", rowNum): null

2020-07-09 15:35:08 - [TEST_STEP][PASSED] - delay(2): Delayed 2 second(s)

2020-07-09 15:35:10 - [MESSAGE][PASSED] - Delayed 2 second(s)

2020-07-09 15:35:10 - [TEST_STEP][PASSED] - refresh(): Refresh successfully

2020-07-09 15:35:11 - [MESSAGE][PASSED] - Refresh successfully

2020-07-09 15:35:11 - [TEST_STEP][PASSED] - callTestCase(findTestCase("Services/SVC_Get Capture"), null, STOP_ON_FAILURE): Call Test Case 'Test Cases/Services/SVC_Get Capture' successfully

2020-07-09 15:35:11 - [TEST_CASE][PASSED] - Test Cases/Services/SVC_Get Capture: Test Cases/Services/SVC_Get Capture

2020-07-09 15:35:11 - [TEST_STEP][PASSED] - delay(TimeDelay): Delayed 1 second(s)

2020-07-09 15:35:12 - [MESSAGE][PASSED] - Delayed 1 second(s)

2020-07-09 15:35:12 - [TEST_STEP][PASSED] - GetPath = SetPathCapture: null

2020-07-09 15:35:12 - [TEST_STEP][PASSED] - GetPathData = GetPath + "\" + SetTestScriptID: null

2020-07-09 15:35:12 - [TEST_STEP][PASSED] - SetPath = Paths.get(GetPathData): null

2020-07-09 15:35:12 - [TEST_STEP][PASSED] - if (Files.notExists(SetPath)): null

2020-07-09 15:35:12 - [TEST_STEP][PASSED] - try: null

2020-07-09 15:35:12 - [TEST_STEP][PASSED] - Files.createDirectories(SetPath): null

2020-07-09 15:35:12 - [TEST_STEP][PASSED] - today = new java.util.Date(): null

2020-07-09 15:35:12 - [TEST_STEP][PASSED] - CapturePath = SetPath: null

2020-07-09 15:35:12 - [TEST_STEP][PASSED] - GetSubCapture = CapturePath: null

2020-07-09 15:35:12 - [TEST_STEP][PASSED] - CapturePath += "\": null

2020-07-09 15:35:12 - [TEST_STEP][PASSED] - if (VerifyCheck == true): Taking screenshot successfully

2020-07-09 15:35:12 - [TEST_STEP][PASSED] - takeScreenshot(CapturePath + today.format("ddMMyy") + today.format("hhmmss") + "_" + SetTestScriptID + ".png"): Taking screenshot successfully

2020-07-09 15:35:13 - [MESSAGE][PASSED] - Taking screenshot successfully
[[ATTACHMENT|D:\\Test IPB\\Result\\IDPhotoBooks\\Run_4\\Login_Negatif_1\\090720033512_Login_Negatif_1.png]]

2020-07-09 15:35:13 - [MESSAGE][PASSED] - Call Test Case 'Test Cases/Services/SVC_Get Capture' successfully

2020-07-09 15:35:13 - [TEST_STEP][PASSED] - setText(findTestObject("Login/Login Negatif/Page_Login  IDPhotobook/input_Yuuk Login ke IDPhotobookcom_mat-input-0"), findTestData("Login/Login_Negatif").getValue("WhatsApp", rowNum)): Text 'indrawanWA' is set on object 'Object Repository/Login/Login Negatif/Page_Login  IDPhotobook/input_Yuuk Login ke IDPhotobookcom_mat-input-0'

2020-07-09 15:35:13 - [MESSAGE][PASSED] - Text 'indrawanWA' is set on object 'Object Repository/Login/Login Negatif/Page_Login  IDPhotobook/input_Yuuk Login ke IDPhotobookcom_mat-input-0'

2020-07-09 15:35:13 - [TEST_STEP][PASSED] - setText(findTestObject("Login/Login Negatif/Page_Login  IDPhotobook/input_Nomor Whatsapp  Email_mat-input-1"), findTestData("Login/Login_Negatif").getValue("Password", rowNum)): Text 'test123' is set on object 'Object Repository/Login/Login Negatif/Page_Login  IDPhotobook/input_Nomor Whatsapp  Email_mat-input-1'

2020-07-09 15:35:14 - [MESSAGE][PASSED] - Text 'test123' is set on object 'Object Repository/Login/Login Negatif/Page_Login  IDPhotobook/input_Nomor Whatsapp  Email_mat-input-1'

2020-07-09 15:35:14 - [TEST_STEP][PASSED] - callTestCase(findTestCase("Services/SVC_Get Capture"), null, STOP_ON_FAILURE): Call Test Case 'Test Cases/Services/SVC_Get Capture' successfully

2020-07-09 15:35:14 - [TEST_CASE][PASSED] - Test Cases/Services/SVC_Get Capture: Test Cases/Services/SVC_Get Capture

2020-07-09 15:35:14 - [TEST_STEP][PASSED] - delay(TimeDelay): Delayed 1 second(s)

2020-07-09 15:35:15 - [MESSAGE][PASSED] - Delayed 1 second(s)

2020-07-09 15:35:15 - [TEST_STEP][PASSED] - GetPath = SetPathCapture: null

2020-07-09 15:35:15 - [TEST_STEP][PASSED] - GetPathData = GetPath + "\" + SetTestScriptID: null

2020-07-09 15:35:15 - [TEST_STEP][PASSED] - SetPath = Paths.get(GetPathData): null

2020-07-09 15:35:15 - [TEST_STEP][PASSED] - if (Files.notExists(SetPath)): null

2020-07-09 15:35:15 - [TEST_STEP][PASSED] - today = new java.util.Date(): null

2020-07-09 15:35:15 - [TEST_STEP][PASSED] - CapturePath = SetPath: null

2020-07-09 15:35:15 - [TEST_STEP][PASSED] - GetSubCapture = CapturePath: null

2020-07-09 15:35:15 - [TEST_STEP][PASSED] - CapturePath += "\": null

2020-07-09 15:35:15 - [TEST_STEP][PASSED] - if (VerifyCheck == true): Taking screenshot successfully

2020-07-09 15:35:15 - [TEST_STEP][PASSED] - takeScreenshot(CapturePath + today.format("ddMMyy") + today.format("hhmmss") + "_" + SetTestScriptID + ".png"): Taking screenshot successfully

2020-07-09 15:35:15 - [MESSAGE][PASSED] - Taking screenshot successfully
[[ATTACHMENT|D:\\Test IPB\\Result\\IDPhotoBooks\\Run_4\\Login_Negatif_1\\090720033515_Login_Negatif_1.png]]

2020-07-09 15:35:15 - [MESSAGE][PASSED] - Call Test Case 'Test Cases/Services/SVC_Get Capture' successfully

2020-07-09 15:35:16 - [TEST_STEP][PASSED] - click(findTestObject("Login/Login Negatif/Page_Login  IDPhotobook/button_Masuk Sekarang")): Object: 'Object Repository/Login/Login Negatif/Page_Login  IDPhotobook/button_Masuk Sekarang' is clicked on

2020-07-09 15:35:16 - [MESSAGE][PASSED] - Object: 'Object Repository/Login/Login Negatif/Page_Login  IDPhotobook/button_Masuk Sekarang' is clicked on

2020-07-09 15:35:16 - [TEST_STEP][PASSED] - delay(1): Delayed 1 second(s)

2020-07-09 15:35:17 - [MESSAGE][PASSED] - Delayed 1 second(s)

2020-07-09 15:35:17 - [TEST_STEP][PASSED] - callTestCase(findTestCase("Services/SVC_Get Capture"), null, STOP_ON_FAILURE): Call Test Case 'Test Cases/Services/SVC_Get Capture' successfully

2020-07-09 15:35:17 - [TEST_CASE][PASSED] - Test Cases/Services/SVC_Get Capture: Test Cases/Services/SVC_Get Capture

2020-07-09 15:35:17 - [TEST_STEP][PASSED] - delay(TimeDelay): Delayed 1 second(s)

2020-07-09 15:35:18 - [MESSAGE][PASSED] - Delayed 1 second(s)

2020-07-09 15:35:18 - [TEST_STEP][PASSED] - GetPath = SetPathCapture: null

2020-07-09 15:35:18 - [TEST_STEP][PASSED] - GetPathData = GetPath + "\" + SetTestScriptID: null

2020-07-09 15:35:18 - [TEST_STEP][PASSED] - SetPath = Paths.get(GetPathData): null

2020-07-09 15:35:18 - [TEST_STEP][PASSED] - if (Files.notExists(SetPath)): null

2020-07-09 15:35:18 - [TEST_STEP][PASSED] - today = new java.util.Date(): null

2020-07-09 15:35:18 - [TEST_STEP][PASSED] - CapturePath = SetPath: null

2020-07-09 15:35:18 - [TEST_STEP][PASSED] - GetSubCapture = CapturePath: null

2020-07-09 15:35:18 - [TEST_STEP][PASSED] - CapturePath += "\": null

2020-07-09 15:35:18 - [TEST_STEP][PASSED] - if (VerifyCheck == true): Taking screenshot successfully

2020-07-09 15:35:18 - [TEST_STEP][PASSED] - takeScreenshot(CapturePath + today.format("ddMMyy") + today.format("hhmmss") + "_" + SetTestScriptID + ".png"): Taking screenshot successfully

2020-07-09 15:35:19 - [MESSAGE][PASSED] - Taking screenshot successfully
[[ATTACHMENT|D:\\Test IPB\\Result\\IDPhotoBooks\\Run_4\\Login_Negatif_1\\090720033518_Login_Negatif_1.png]]

2020-07-09 15:35:19 - [MESSAGE][PASSED] - Call Test Case 'Test Cases/Services/SVC_Get Capture' successfully

2020-07-09 15:35:19 - [TEST_STEP][FAILED] - VerifyCheck = verifyTextNotPresent("No. Whatsapp / Email tidak ditemukan", false, CONTINUE_ON_FAILURE): Text 'No. Whatsapp / Email tidak ditemukan' is present on page  (Root cause: com.kms.katalon.core.exception.StepFailedException: Text 'No. Whatsapp / Email tidak ditemukan' is present on page 
	at com.kms.katalon.core.webui.keyword.internal.WebUIKeywordMain.stepFailed(WebUIKeywordMain.groovy:64)
	at com.kms.katalon.core.webui.keyword.builtin.VerifyTextNotPresentKeyword$_verifyTextNotPresent_closure1.doCall(VerifyTextNotPresentKeyword.groovy:77)
	at com.kms.katalon.core.webui.keyword.builtin.VerifyTextNotPresentKeyword$_verifyTextNotPresent_closure1.call(VerifyTextNotPresentKeyword.groovy)
	at com.kms.katalon.core.webui.keyword.internal.WebUIKeywordMain.runKeyword(WebUIKeywordMain.groovy:20)
	at com.kms.katalon.core.webui.keyword.builtin.VerifyTextNotPresentKeyword.verifyTextNotPresent(VerifyTextNotPresentKeyword.groovy:82)
	at com.kms.katalon.core.webui.keyword.builtin.VerifyTextNotPresentKeyword.execute(VerifyTextNotPresentKeyword.groovy:68)
	at com.kms.katalon.core.keyword.internal.KeywordExecutor.executeKeywordForPlatform(KeywordExecutor.groovy:72)
	at com.kms.katalon.core.webui.keyword.WebUiBuiltInKeywords.verifyTextNotPresent(WebUiBuiltInKeywords.groovy:1736)
	at com.kms.katalon.core.webui.keyword.WebUiBuiltInKeywords$verifyTextNotPresent$7.call(Unknown Source)
	at Login_Negatif.run(Login_Negatif:56)
	at com.kms.katalon.core.main.ScriptEngine.run(ScriptEngine.java:194)
	at com.kms.katalon.core.main.ScriptEngine.runScriptAsRawText(ScriptEngine.java:119)
	at com.kms.katalon.core.main.TestCaseExecutor.runScript(TestCaseExecutor.java:337)
	at com.kms.katalon.core.main.TestCaseExecutor.doExecute(TestCaseExecutor.java:328)
	at com.kms.katalon.core.main.TestCaseExecutor.processExecutionPhase(TestCaseExecutor.java:307)
	at com.kms.katalon.core.main.TestCaseExecutor.accessMainPhase(TestCaseExecutor.java:299)
	at com.kms.katalon.core.main.TestCaseExecutor.execute(TestCaseExecutor.java:233)
	at com.kms.katalon.core.main.TestSuiteExecutor.accessTestCaseMainPhase(TestSuiteExecutor.java:169)
	at com.kms.katalon.core.main.TestSuiteExecutor.accessTestSuiteMainPhase(TestSuiteExecutor.java:142)
	at com.kms.katalon.core.main.TestSuiteExecutor.execute(TestSuiteExecutor.java:91)
	at com.kms.katalon.core.main.TestCaseMain.startTestSuite(TestCaseMain.java:157)
	at com.kms.katalon.core.main.TestCaseMain$startTestSuite$0.call(Unknown Source)
	at TempTestSuite1594283652823.run(TempTestSuite1594283652823.groovy:37)
)

2020-07-09 15:35:19 - [MESSAGE][FAILED] - Text 'No. Whatsapp / Email tidak ditemukan' is present on page  (Root cause: com.kms.katalon.core.exception.StepFailedException: Text 'No. Whatsapp / Email tidak ditemukan' is present on page 
	at com.kms.katalon.core.webui.keyword.internal.WebUIKeywordMain.stepFailed(WebUIKeywordMain.groovy:64)
	at com.kms.katalon.core.webui.keyword.builtin.VerifyTextNotPresentKeyword$_verifyTextNotPresent_closure1.doCall(VerifyTextNotPresentKeyword.groovy:77)
	at com.kms.katalon.core.webui.keyword.builtin.VerifyTextNotPresentKeyword$_verifyTextNotPresent_closure1.call(VerifyTextNotPresentKeyword.groovy)
	at com.kms.katalon.core.webui.keyword.internal.WebUIKeywordMain.runKeyword(WebUIKeywordMain.groovy:20)
	at com.kms.katalon.core.webui.keyword.builtin.VerifyTextNotPresentKeyword.verifyTextNotPresent(VerifyTextNotPresentKeyword.groovy:82)
	at com.kms.katalon.core.webui.keyword.builtin.VerifyTextNotPresentKeyword.execute(VerifyTextNotPresentKeyword.groovy:68)
	at com.kms.katalon.core.keyword.internal.KeywordExecutor.executeKeywordForPlatform(KeywordExecutor.groovy:72)
	at com.kms.katalon.core.webui.keyword.WebUiBuiltInKeywords.verifyTextNotPresent(WebUiBuiltInKeywords.groovy:1736)
	at com.kms.katalon.core.webui.keyword.WebUiBuiltInKeywords$verifyTextNotPresent$7.call(Unknown Source)
	at Login_Negatif.run(Login_Negatif:56)
	at com.kms.katalon.core.main.ScriptEngine.run(ScriptEngine.java:194)
	at com.kms.katalon.core.main.ScriptEngine.runScriptAsRawText(ScriptEngine.java:119)
	at com.kms.katalon.core.main.TestCaseExecutor.runScript(TestCaseExecutor.java:337)
	at com.kms.katalon.core.main.TestCaseExecutor.doExecute(TestCaseExecutor.java:328)
	at com.kms.katalon.core.main.TestCaseExecutor.processExecutionPhase(TestCaseExecutor.java:307)
	at com.kms.katalon.core.main.TestCaseExecutor.accessMainPhase(TestCaseExecutor.java:299)
	at com.kms.katalon.core.main.TestCaseExecutor.execute(TestCaseExecutor.java:233)
	at com.kms.katalon.core.main.TestSuiteExecutor.accessTestCaseMainPhase(TestSuiteExecutor.java:169)
	at com.kms.katalon.core.main.TestSuiteExecutor.accessTestSuiteMainPhase(TestSuiteExecutor.java:142)
	at com.kms.katalon.core.main.TestSuiteExecutor.execute(TestSuiteExecutor.java:91)
	at com.kms.katalon.core.main.TestCaseMain.startTestSuite(TestCaseMain.java:157)
	at com.kms.katalon.core.main.TestCaseMain$startTestSuite$0.call(Unknown Source)
	at TempTestSuite1594283652823.run(TempTestSuite1594283652823.groovy:37)
)

2020-07-09 15:35:19 - [TEST_STEP][PASSED] - VerifyCheck = verifyTextNotPresent("Password salah", false, CONTINUE_ON_FAILURE): Text 'Password salah' is not present on page

2020-07-09 15:35:19 - [MESSAGE][PASSED] - Text 'Password salah' is not present on page

2020-07-09 15:35:19 - [TEST_STEP][PASSED] - delay(2): Delayed 2 second(s)

2020-07-09 15:35:21 - [MESSAGE][PASSED] - Delayed 2 second(s)

2020-07-09 15:35:21 - [TEST_STEP][PASSED] - refresh(): Refresh successfully

2020-07-09 15:35:22 - [MESSAGE][PASSED] - Refresh successfully

2020-07-09 15:35:22 - [TEST_STEP][PASSED] - setText(findTestObject("Login/Login Negatif/Page_Login  IDPhotobook/input_Yuuk Login ke IDPhotobookcom_mat-input-0"), findTestData("Login/Login_Negatif").getValue("Email", rowNum)): Text 'indrawanEMAIL' is set on object 'Object Repository/Login/Login Negatif/Page_Login  IDPhotobook/input_Yuuk Login ke IDPhotobookcom_mat-input-0'

2020-07-09 15:35:39 - [MESSAGE][PASSED] - Text 'indrawanEMAIL' is set on object 'Object Repository/Login/Login Negatif/Page_Login  IDPhotobook/input_Yuuk Login ke IDPhotobookcom_mat-input-0'

2020-07-09 15:35:39 - [TEST_STEP][PASSED] - setText(findTestObject("Login/Login Negatif/Page_Login  IDPhotobook/input_Nomor Whatsapp  Email_mat-input-1"), findTestData("Login/Login_Negatif").getValue("Password", rowNum)): Text 'test123' is set on object 'Object Repository/Login/Login Negatif/Page_Login  IDPhotobook/input_Nomor Whatsapp  Email_mat-input-1'

2020-07-09 15:35:39 - [MESSAGE][PASSED] - Text 'test123' is set on object 'Object Repository/Login/Login Negatif/Page_Login  IDPhotobook/input_Nomor Whatsapp  Email_mat-input-1'

2020-07-09 15:35:39 - [TEST_STEP][PASSED] - callTestCase(findTestCase("Services/SVC_Get Capture"), null, STOP_ON_FAILURE): Call Test Case 'Test Cases/Services/SVC_Get Capture' successfully

2020-07-09 15:35:39 - [TEST_CASE][PASSED] - Test Cases/Services/SVC_Get Capture: Test Cases/Services/SVC_Get Capture

2020-07-09 15:35:39 - [TEST_STEP][PASSED] - delay(TimeDelay): Delayed 1 second(s)

2020-07-09 15:35:40 - [MESSAGE][PASSED] - Delayed 1 second(s)

2020-07-09 15:35:40 - [TEST_STEP][PASSED] - GetPath = SetPathCapture: null

2020-07-09 15:35:40 - [TEST_STEP][PASSED] - GetPathData = GetPath + "\" + SetTestScriptID: null

2020-07-09 15:35:40 - [TEST_STEP][PASSED] - SetPath = Paths.get(GetPathData): null

2020-07-09 15:35:40 - [TEST_STEP][PASSED] - if (Files.notExists(SetPath)): null

2020-07-09 15:35:40 - [TEST_STEP][PASSED] - today = new java.util.Date(): null

2020-07-09 15:35:40 - [TEST_STEP][PASSED] - CapturePath = SetPath: null

2020-07-09 15:35:40 - [TEST_STEP][PASSED] - GetSubCapture = CapturePath: null

2020-07-09 15:35:40 - [TEST_STEP][PASSED] - CapturePath += "\": null

2020-07-09 15:35:40 - [TEST_STEP][PASSED] - if (VerifyCheck == true): Taking screenshot successfully

2020-07-09 15:35:40 - [TEST_STEP][PASSED] - takeScreenshot(CapturePath + today.format("ddMMyy") + today.format("hhmmss") + "_" + SetTestScriptID + ".png"): Taking screenshot successfully

2020-07-09 15:35:41 - [MESSAGE][PASSED] - Taking screenshot successfully
[[ATTACHMENT|D:\\Test IPB\\Result\\IDPhotoBooks\\Run_4\\Login_Negatif_1\\090720033540_Login_Negatif_1.png]]

2020-07-09 15:35:41 - [MESSAGE][PASSED] - Call Test Case 'Test Cases/Services/SVC_Get Capture' successfully

2020-07-09 15:35:41 - [TEST_STEP][PASSED] - click(findTestObject("Login/Login Negatif/Page_Login  IDPhotobook/button_Masuk Sekarang")): Object: 'Object Repository/Login/Login Negatif/Page_Login  IDPhotobook/button_Masuk Sekarang' is clicked on

2020-07-09 15:35:41 - [MESSAGE][PASSED] - Object: 'Object Repository/Login/Login Negatif/Page_Login  IDPhotobook/button_Masuk Sekarang' is clicked on

2020-07-09 15:35:41 - [TEST_STEP][PASSED] - delay(1): Delayed 1 second(s)

2020-07-09 15:35:42 - [MESSAGE][PASSED] - Delayed 1 second(s)

2020-07-09 15:35:42 - [TEST_STEP][PASSED] - callTestCase(findTestCase("Services/SVC_Get Capture"), null, STOP_ON_FAILURE): Call Test Case 'Test Cases/Services/SVC_Get Capture' successfully

2020-07-09 15:35:42 - [TEST_CASE][PASSED] - Test Cases/Services/SVC_Get Capture: Test Cases/Services/SVC_Get Capture

2020-07-09 15:35:42 - [TEST_STEP][PASSED] - delay(TimeDelay): Delayed 1 second(s)

2020-07-09 15:35:43 - [MESSAGE][PASSED] - Delayed 1 second(s)

2020-07-09 15:35:43 - [TEST_STEP][PASSED] - GetPath = SetPathCapture: null

2020-07-09 15:35:43 - [TEST_STEP][PASSED] - GetPathData = GetPath + "\" + SetTestScriptID: null

2020-07-09 15:35:43 - [TEST_STEP][PASSED] - SetPath = Paths.get(GetPathData): null

2020-07-09 15:35:43 - [TEST_STEP][PASSED] - if (Files.notExists(SetPath)): null

2020-07-09 15:35:43 - [TEST_STEP][PASSED] - today = new java.util.Date(): null

2020-07-09 15:35:43 - [TEST_STEP][PASSED] - CapturePath = SetPath: null

2020-07-09 15:35:43 - [TEST_STEP][PASSED] - GetSubCapture = CapturePath: null

2020-07-09 15:35:43 - [TEST_STEP][PASSED] - CapturePath += "\": null

2020-07-09 15:35:43 - [TEST_STEP][PASSED] - if (VerifyCheck == true): Taking screenshot successfully

2020-07-09 15:35:43 - [TEST_STEP][PASSED] - takeScreenshot(CapturePath + today.format("ddMMyy") + today.format("hhmmss") + "_" + SetTestScriptID + ".png"): Taking screenshot successfully

2020-07-09 15:35:44 - [MESSAGE][PASSED] - Taking screenshot successfully
[[ATTACHMENT|D:\\Test IPB\\Result\\IDPhotoBooks\\Run_4\\Login_Negatif_1\\090720033543_Login_Negatif_1.png]]

2020-07-09 15:35:44 - [MESSAGE][PASSED] - Call Test Case 'Test Cases/Services/SVC_Get Capture' successfully

2020-07-09 15:35:44 - [TEST_STEP][FAILED] - VerifyCheck = verifyTextNotPresent("No. Whatsapp / Email tidak ditemukan", false, CONTINUE_ON_FAILURE): Text 'No. Whatsapp / Email tidak ditemukan' is present on page  (Root cause: com.kms.katalon.core.exception.StepFailedException: Text 'No. Whatsapp / Email tidak ditemukan' is present on page 
	at com.kms.katalon.core.webui.keyword.internal.WebUIKeywordMain.stepFailed(WebUIKeywordMain.groovy:64)
	at com.kms.katalon.core.webui.keyword.builtin.VerifyTextNotPresentKeyword$_verifyTextNotPresent_closure1.doCall(VerifyTextNotPresentKeyword.groovy:77)
	at com.kms.katalon.core.webui.keyword.builtin.VerifyTextNotPresentKeyword$_verifyTextNotPresent_closure1.call(VerifyTextNotPresentKeyword.groovy)
	at com.kms.katalon.core.webui.keyword.internal.WebUIKeywordMain.runKeyword(WebUIKeywordMain.groovy:20)
	at com.kms.katalon.core.webui.keyword.builtin.VerifyTextNotPresentKeyword.verifyTextNotPresent(VerifyTextNotPresentKeyword.groovy:82)
	at com.kms.katalon.core.webui.keyword.builtin.VerifyTextNotPresentKeyword.execute(VerifyTextNotPresentKeyword.groovy:68)
	at com.kms.katalon.core.keyword.internal.KeywordExecutor.executeKeywordForPlatform(KeywordExecutor.groovy:72)
	at com.kms.katalon.core.webui.keyword.WebUiBuiltInKeywords.verifyTextNotPresent(WebUiBuiltInKeywords.groovy:1736)
	at com.kms.katalon.core.webui.keyword.WebUiBuiltInKeywords$verifyTextNotPresent$7.call(Unknown Source)
	at Login_Negatif.run(Login_Negatif:78)
	at com.kms.katalon.core.main.ScriptEngine.run(ScriptEngine.java:194)
	at com.kms.katalon.core.main.ScriptEngine.runScriptAsRawText(ScriptEngine.java:119)
	at com.kms.katalon.core.main.TestCaseExecutor.runScript(TestCaseExecutor.java:337)
	at com.kms.katalon.core.main.TestCaseExecutor.doExecute(TestCaseExecutor.java:328)
	at com.kms.katalon.core.main.TestCaseExecutor.processExecutionPhase(TestCaseExecutor.java:307)
	at com.kms.katalon.core.main.TestCaseExecutor.accessMainPhase(TestCaseExecutor.java:299)
	at com.kms.katalon.core.main.TestCaseExecutor.execute(TestCaseExecutor.java:233)
	at com.kms.katalon.core.main.TestSuiteExecutor.accessTestCaseMainPhase(TestSuiteExecutor.java:169)
	at com.kms.katalon.core.main.TestSuiteExecutor.accessTestSuiteMainPhase(TestSuiteExecutor.java:142)
	at com.kms.katalon.core.main.TestSuiteExecutor.execute(TestSuiteExecutor.java:91)
	at com.kms.katalon.core.main.TestCaseMain.startTestSuite(TestCaseMain.java:157)
	at com.kms.katalon.core.main.TestCaseMain$startTestSuite$0.call(Unknown Source)
	at TempTestSuite1594283652823.run(TempTestSuite1594283652823.groovy:37)
)

2020-07-09 15:35:44 - [MESSAGE][FAILED] - Text 'No. Whatsapp / Email tidak ditemukan' is present on page  (Root cause: com.kms.katalon.core.exception.StepFailedException: Text 'No. Whatsapp / Email tidak ditemukan' is present on page 
	at com.kms.katalon.core.webui.keyword.internal.WebUIKeywordMain.stepFailed(WebUIKeywordMain.groovy:64)
	at com.kms.katalon.core.webui.keyword.builtin.VerifyTextNotPresentKeyword$_verifyTextNotPresent_closure1.doCall(VerifyTextNotPresentKeyword.groovy:77)
	at com.kms.katalon.core.webui.keyword.builtin.VerifyTextNotPresentKeyword$_verifyTextNotPresent_closure1.call(VerifyTextNotPresentKeyword.groovy)
	at com.kms.katalon.core.webui.keyword.internal.WebUIKeywordMain.runKeyword(WebUIKeywordMain.groovy:20)
	at com.kms.katalon.core.webui.keyword.builtin.VerifyTextNotPresentKeyword.verifyTextNotPresent(VerifyTextNotPresentKeyword.groovy:82)
	at com.kms.katalon.core.webui.keyword.builtin.VerifyTextNotPresentKeyword.execute(VerifyTextNotPresentKeyword.groovy:68)
	at com.kms.katalon.core.keyword.internal.KeywordExecutor.executeKeywordForPlatform(KeywordExecutor.groovy:72)
	at com.kms.katalon.core.webui.keyword.WebUiBuiltInKeywords.verifyTextNotPresent(WebUiBuiltInKeywords.groovy:1736)
	at com.kms.katalon.core.webui.keyword.WebUiBuiltInKeywords$verifyTextNotPresent$7.call(Unknown Source)
	at Login_Negatif.run(Login_Negatif:78)
	at com.kms.katalon.core.main.ScriptEngine.run(ScriptEngine.java:194)
	at com.kms.katalon.core.main.ScriptEngine.runScriptAsRawText(ScriptEngine.java:119)
	at com.kms.katalon.core.main.TestCaseExecutor.runScript(TestCaseExecutor.java:337)
	at com.kms.katalon.core.main.TestCaseExecutor.doExecute(TestCaseExecutor.java:328)
	at com.kms.katalon.core.main.TestCaseExecutor.processExecutionPhase(TestCaseExecutor.java:307)
	at com.kms.katalon.core.main.TestCaseExecutor.accessMainPhase(TestCaseExecutor.java:299)
	at com.kms.katalon.core.main.TestCaseExecutor.execute(TestCaseExecutor.java:233)
	at com.kms.katalon.core.main.TestSuiteExecutor.accessTestCaseMainPhase(TestSuiteExecutor.java:169)
	at com.kms.katalon.core.main.TestSuiteExecutor.accessTestSuiteMainPhase(TestSuiteExecutor.java:142)
	at com.kms.katalon.core.main.TestSuiteExecutor.execute(TestSuiteExecutor.java:91)
	at com.kms.katalon.core.main.TestCaseMain.startTestSuite(TestCaseMain.java:157)
	at com.kms.katalon.core.main.TestCaseMain$startTestSuite$0.call(Unknown Source)
	at TempTestSuite1594283652823.run(TempTestSuite1594283652823.groovy:37)
)

2020-07-09 15:35:44 - [TEST_STEP][PASSED] - VerifyCheck = verifyTextNotPresent("Password salah", false, CONTINUE_ON_FAILURE): Text 'Password salah' is not present on page

2020-07-09 15:35:44 - [MESSAGE][PASSED] - Text 'Password salah' is not present on page

2020-07-09 15:35:44 - [TEST_STEP][PASSED] - refresh(): Refresh successfully

2020-07-09 15:35:45 - [MESSAGE][PASSED] - Refresh successfully

2020-07-09 15:35:45 - [TEST_STEP][FAILED] - if (findTestData("Login/Login_Negatif").getValue("ACTIVE", rowNum) == "Y"): null

2020-07-09 15:35:45 - [TEST_STEP][PASSED] - SetTestScriptID = findTestData("Login/Login_Negatif").getValue("SCRIPT ID", rowNum): null

2020-07-09 15:35:45 - [TEST_STEP][PASSED] - delay(2): Delayed 2 second(s)

2020-07-09 15:35:47 - [MESSAGE][PASSED] - Delayed 2 second(s)

2020-07-09 15:35:47 - [TEST_STEP][PASSED] - refresh(): Refresh successfully

2020-07-09 15:35:48 - [MESSAGE][PASSED] - Refresh successfully

2020-07-09 15:35:48 - [TEST_STEP][PASSED] - callTestCase(findTestCase("Services/SVC_Get Capture"), null, STOP_ON_FAILURE): Call Test Case 'Test Cases/Services/SVC_Get Capture' successfully

2020-07-09 15:35:48 - [TEST_CASE][PASSED] - Test Cases/Services/SVC_Get Capture: Test Cases/Services/SVC_Get Capture

2020-07-09 15:35:48 - [TEST_STEP][PASSED] - delay(TimeDelay): Delayed 1 second(s)

2020-07-09 15:35:49 - [MESSAGE][PASSED] - Delayed 1 second(s)

2020-07-09 15:35:49 - [TEST_STEP][PASSED] - GetPath = SetPathCapture: null

2020-07-09 15:35:49 - [TEST_STEP][PASSED] - GetPathData = GetPath + "\" + SetTestScriptID: null

2020-07-09 15:35:49 - [TEST_STEP][PASSED] - SetPath = Paths.get(GetPathData): null

2020-07-09 15:35:49 - [TEST_STEP][PASSED] - if (Files.notExists(SetPath)): null

2020-07-09 15:35:49 - [TEST_STEP][PASSED] - try: null

2020-07-09 15:35:49 - [TEST_STEP][PASSED] - Files.createDirectories(SetPath): null

2020-07-09 15:35:49 - [TEST_STEP][PASSED] - today = new java.util.Date(): null

2020-07-09 15:35:49 - [TEST_STEP][PASSED] - CapturePath = SetPath: null

2020-07-09 15:35:49 - [TEST_STEP][PASSED] - GetSubCapture = CapturePath: null

2020-07-09 15:35:49 - [TEST_STEP][PASSED] - CapturePath += "\": null

2020-07-09 15:35:49 - [TEST_STEP][PASSED] - if (VerifyCheck == true): Taking screenshot successfully

2020-07-09 15:35:49 - [TEST_STEP][PASSED] - takeScreenshot(CapturePath + today.format("ddMMyy") + today.format("hhmmss") + "_" + SetTestScriptID + ".png"): Taking screenshot successfully

2020-07-09 15:35:49 - [MESSAGE][PASSED] - Taking screenshot successfully
[[ATTACHMENT|D:\\Test IPB\\Result\\IDPhotoBooks\\Run_4\\Login_Negatif_2\\090720033549_Login_Negatif_2.png]]

2020-07-09 15:35:49 - [MESSAGE][PASSED] - Call Test Case 'Test Cases/Services/SVC_Get Capture' successfully

2020-07-09 15:35:49 - [TEST_STEP][PASSED] - setText(findTestObject("Login/Login Negatif/Page_Login  IDPhotobook/input_Yuuk Login ke IDPhotobookcom_mat-input-0"), findTestData("Login/Login_Negatif").getValue("WhatsApp", rowNum)): Text '081331313131' is set on object 'Object Repository/Login/Login Negatif/Page_Login  IDPhotobook/input_Yuuk Login ke IDPhotobookcom_mat-input-0'

2020-07-09 15:35:50 - [MESSAGE][PASSED] - Text '081331313131' is set on object 'Object Repository/Login/Login Negatif/Page_Login  IDPhotobook/input_Yuuk Login ke IDPhotobookcom_mat-input-0'

2020-07-09 15:35:50 - [TEST_STEP][PASSED] - setText(findTestObject("Login/Login Negatif/Page_Login  IDPhotobook/input_Nomor Whatsapp  Email_mat-input-1"), findTestData("Login/Login_Negatif").getValue("Password", rowNum)): Text 'test123' is set on object 'Object Repository/Login/Login Negatif/Page_Login  IDPhotobook/input_Nomor Whatsapp  Email_mat-input-1'

2020-07-09 15:35:51 - [MESSAGE][PASSED] - Text 'test123' is set on object 'Object Repository/Login/Login Negatif/Page_Login  IDPhotobook/input_Nomor Whatsapp  Email_mat-input-1'

2020-07-09 15:35:51 - [TEST_STEP][PASSED] - callTestCase(findTestCase("Services/SVC_Get Capture"), null, STOP_ON_FAILURE): Call Test Case 'Test Cases/Services/SVC_Get Capture' successfully

2020-07-09 15:35:51 - [TEST_CASE][PASSED] - Test Cases/Services/SVC_Get Capture: Test Cases/Services/SVC_Get Capture

2020-07-09 15:35:51 - [TEST_STEP][PASSED] - delay(TimeDelay): Delayed 1 second(s)

2020-07-09 15:35:52 - [MESSAGE][PASSED] - Delayed 1 second(s)

2020-07-09 15:35:52 - [TEST_STEP][PASSED] - GetPath = SetPathCapture: null

2020-07-09 15:35:52 - [TEST_STEP][PASSED] - GetPathData = GetPath + "\" + SetTestScriptID: null

2020-07-09 15:35:52 - [TEST_STEP][PASSED] - SetPath = Paths.get(GetPathData): null

2020-07-09 15:35:52 - [TEST_STEP][PASSED] - if (Files.notExists(SetPath)): null

2020-07-09 15:35:52 - [TEST_STEP][PASSED] - today = new java.util.Date(): null

2020-07-09 15:35:52 - [TEST_STEP][PASSED] - CapturePath = SetPath: null

2020-07-09 15:35:52 - [TEST_STEP][PASSED] - GetSubCapture = CapturePath: null

2020-07-09 15:35:52 - [TEST_STEP][PASSED] - CapturePath += "\": null

2020-07-09 15:35:52 - [TEST_STEP][PASSED] - if (VerifyCheck == true): Taking screenshot successfully

2020-07-09 15:35:52 - [TEST_STEP][PASSED] - takeScreenshot(CapturePath + today.format("ddMMyy") + today.format("hhmmss") + "_" + SetTestScriptID + ".png"): Taking screenshot successfully

2020-07-09 15:35:52 - [MESSAGE][PASSED] - Taking screenshot successfully
[[ATTACHMENT|D:\\Test IPB\\Result\\IDPhotoBooks\\Run_4\\Login_Negatif_2\\090720033552_Login_Negatif_2.png]]

2020-07-09 15:35:52 - [MESSAGE][PASSED] - Call Test Case 'Test Cases/Services/SVC_Get Capture' successfully

2020-07-09 15:35:52 - [TEST_STEP][PASSED] - click(findTestObject("Login/Login Negatif/Page_Login  IDPhotobook/button_Masuk Sekarang")): Object: 'Object Repository/Login/Login Negatif/Page_Login  IDPhotobook/button_Masuk Sekarang' is clicked on

2020-07-09 15:35:53 - [MESSAGE][PASSED] - Object: 'Object Repository/Login/Login Negatif/Page_Login  IDPhotobook/button_Masuk Sekarang' is clicked on

2020-07-09 15:35:53 - [TEST_STEP][PASSED] - delay(1): Delayed 1 second(s)

2020-07-09 15:35:54 - [MESSAGE][PASSED] - Delayed 1 second(s)

2020-07-09 15:35:54 - [TEST_STEP][PASSED] - callTestCase(findTestCase("Services/SVC_Get Capture"), null, STOP_ON_FAILURE): Call Test Case 'Test Cases/Services/SVC_Get Capture' successfully

2020-07-09 15:35:54 - [TEST_CASE][PASSED] - Test Cases/Services/SVC_Get Capture: Test Cases/Services/SVC_Get Capture

2020-07-09 15:35:54 - [TEST_STEP][PASSED] - delay(TimeDelay): Delayed 1 second(s)

2020-07-09 15:35:55 - [MESSAGE][PASSED] - Delayed 1 second(s)

2020-07-09 15:35:55 - [TEST_STEP][PASSED] - GetPath = SetPathCapture: null

2020-07-09 15:35:55 - [TEST_STEP][PASSED] - GetPathData = GetPath + "\" + SetTestScriptID: null

2020-07-09 15:35:55 - [TEST_STEP][PASSED] - SetPath = Paths.get(GetPathData): null

2020-07-09 15:35:55 - [TEST_STEP][PASSED] - if (Files.notExists(SetPath)): null

2020-07-09 15:35:55 - [TEST_STEP][PASSED] - today = new java.util.Date(): null

2020-07-09 15:35:55 - [TEST_STEP][PASSED] - CapturePath = SetPath: null

2020-07-09 15:35:55 - [TEST_STEP][PASSED] - GetSubCapture = CapturePath: null

2020-07-09 15:35:55 - [TEST_STEP][PASSED] - CapturePath += "\": null

2020-07-09 15:35:55 - [TEST_STEP][PASSED] - if (VerifyCheck == true): Taking screenshot successfully

2020-07-09 15:35:55 - [TEST_STEP][PASSED] - takeScreenshot(CapturePath + today.format("ddMMyy") + today.format("hhmmss") + "_" + SetTestScriptID + ".png"): Taking screenshot successfully

2020-07-09 15:35:55 - [MESSAGE][PASSED] - Taking screenshot successfully
[[ATTACHMENT|D:\\Test IPB\\Result\\IDPhotoBooks\\Run_4\\Login_Negatif_2\\090720033555_Login_Negatif_2.png]]

2020-07-09 15:35:55 - [MESSAGE][PASSED] - Call Test Case 'Test Cases/Services/SVC_Get Capture' successfully

2020-07-09 15:35:55 - [TEST_STEP][FAILED] - VerifyCheck = verifyTextNotPresent("No. Whatsapp / Email tidak ditemukan", false, CONTINUE_ON_FAILURE): Text 'No. Whatsapp / Email tidak ditemukan' is present on page  (Root cause: com.kms.katalon.core.exception.StepFailedException: Text 'No. Whatsapp / Email tidak ditemukan' is present on page 
	at com.kms.katalon.core.webui.keyword.internal.WebUIKeywordMain.stepFailed(WebUIKeywordMain.groovy:64)
	at com.kms.katalon.core.webui.keyword.builtin.VerifyTextNotPresentKeyword$_verifyTextNotPresent_closure1.doCall(VerifyTextNotPresentKeyword.groovy:77)
	at com.kms.katalon.core.webui.keyword.builtin.VerifyTextNotPresentKeyword$_verifyTextNotPresent_closure1.call(VerifyTextNotPresentKeyword.groovy)
	at com.kms.katalon.core.webui.keyword.internal.WebUIKeywordMain.runKeyword(WebUIKeywordMain.groovy:20)
	at com.kms.katalon.core.webui.keyword.builtin.VerifyTextNotPresentKeyword.verifyTextNotPresent(VerifyTextNotPresentKeyword.groovy:82)
	at com.kms.katalon.core.webui.keyword.builtin.VerifyTextNotPresentKeyword.execute(VerifyTextNotPresentKeyword.groovy:68)
	at com.kms.katalon.core.keyword.internal.KeywordExecutor.executeKeywordForPlatform(KeywordExecutor.groovy:72)
	at com.kms.katalon.core.webui.keyword.WebUiBuiltInKeywords.verifyTextNotPresent(WebUiBuiltInKeywords.groovy:1736)
	at com.kms.katalon.core.webui.keyword.WebUiBuiltInKeywords$verifyTextNotPresent$7.call(Unknown Source)
	at Login_Negatif.run(Login_Negatif:56)
	at com.kms.katalon.core.main.ScriptEngine.run(ScriptEngine.java:194)
	at com.kms.katalon.core.main.ScriptEngine.runScriptAsRawText(ScriptEngine.java:119)
	at com.kms.katalon.core.main.TestCaseExecutor.runScript(TestCaseExecutor.java:337)
	at com.kms.katalon.core.main.TestCaseExecutor.doExecute(TestCaseExecutor.java:328)
	at com.kms.katalon.core.main.TestCaseExecutor.processExecutionPhase(TestCaseExecutor.java:307)
	at com.kms.katalon.core.main.TestCaseExecutor.accessMainPhase(TestCaseExecutor.java:299)
	at com.kms.katalon.core.main.TestCaseExecutor.execute(TestCaseExecutor.java:233)
	at com.kms.katalon.core.main.TestSuiteExecutor.accessTestCaseMainPhase(TestSuiteExecutor.java:169)
	at com.kms.katalon.core.main.TestSuiteExecutor.accessTestSuiteMainPhase(TestSuiteExecutor.java:142)
	at com.kms.katalon.core.main.TestSuiteExecutor.execute(TestSuiteExecutor.java:91)
	at com.kms.katalon.core.main.TestCaseMain.startTestSuite(TestCaseMain.java:157)
	at com.kms.katalon.core.main.TestCaseMain$startTestSuite$0.call(Unknown Source)
	at TempTestSuite1594283652823.run(TempTestSuite1594283652823.groovy:37)
)

2020-07-09 15:35:56 - [MESSAGE][FAILED] - Text 'No. Whatsapp / Email tidak ditemukan' is present on page  (Root cause: com.kms.katalon.core.exception.StepFailedException: Text 'No. Whatsapp / Email tidak ditemukan' is present on page 
	at com.kms.katalon.core.webui.keyword.internal.WebUIKeywordMain.stepFailed(WebUIKeywordMain.groovy:64)
	at com.kms.katalon.core.webui.keyword.builtin.VerifyTextNotPresentKeyword$_verifyTextNotPresent_closure1.doCall(VerifyTextNotPresentKeyword.groovy:77)
	at com.kms.katalon.core.webui.keyword.builtin.VerifyTextNotPresentKeyword$_verifyTextNotPresent_closure1.call(VerifyTextNotPresentKeyword.groovy)
	at com.kms.katalon.core.webui.keyword.internal.WebUIKeywordMain.runKeyword(WebUIKeywordMain.groovy:20)
	at com.kms.katalon.core.webui.keyword.builtin.VerifyTextNotPresentKeyword.verifyTextNotPresent(VerifyTextNotPresentKeyword.groovy:82)
	at com.kms.katalon.core.webui.keyword.builtin.VerifyTextNotPresentKeyword.execute(VerifyTextNotPresentKeyword.groovy:68)
	at com.kms.katalon.core.keyword.internal.KeywordExecutor.executeKeywordForPlatform(KeywordExecutor.groovy:72)
	at com.kms.katalon.core.webui.keyword.WebUiBuiltInKeywords.verifyTextNotPresent(WebUiBuiltInKeywords.groovy:1736)
	at com.kms.katalon.core.webui.keyword.WebUiBuiltInKeywords$verifyTextNotPresent$7.call(Unknown Source)
	at Login_Negatif.run(Login_Negatif:56)
	at com.kms.katalon.core.main.ScriptEngine.run(ScriptEngine.java:194)
	at com.kms.katalon.core.main.ScriptEngine.runScriptAsRawText(ScriptEngine.java:119)
	at com.kms.katalon.core.main.TestCaseExecutor.runScript(TestCaseExecutor.java:337)
	at com.kms.katalon.core.main.TestCaseExecutor.doExecute(TestCaseExecutor.java:328)
	at com.kms.katalon.core.main.TestCaseExecutor.processExecutionPhase(TestCaseExecutor.java:307)
	at com.kms.katalon.core.main.TestCaseExecutor.accessMainPhase(TestCaseExecutor.java:299)
	at com.kms.katalon.core.main.TestCaseExecutor.execute(TestCaseExecutor.java:233)
	at com.kms.katalon.core.main.TestSuiteExecutor.accessTestCaseMainPhase(TestSuiteExecutor.java:169)
	at com.kms.katalon.core.main.TestSuiteExecutor.accessTestSuiteMainPhase(TestSuiteExecutor.java:142)
	at com.kms.katalon.core.main.TestSuiteExecutor.execute(TestSuiteExecutor.java:91)
	at com.kms.katalon.core.main.TestCaseMain.startTestSuite(TestCaseMain.java:157)
	at com.kms.katalon.core.main.TestCaseMain$startTestSuite$0.call(Unknown Source)
	at TempTestSuite1594283652823.run(TempTestSuite1594283652823.groovy:37)
)

2020-07-09 15:35:56 - [TEST_STEP][PASSED] - VerifyCheck = verifyTextNotPresent("Password salah", false, CONTINUE_ON_FAILURE): Text 'Password salah' is not present on page

2020-07-09 15:35:56 - [MESSAGE][PASSED] - Text 'Password salah' is not present on page

2020-07-09 15:35:56 - [TEST_STEP][PASSED] - delay(2): Delayed 2 second(s)

2020-07-09 15:35:58 - [MESSAGE][PASSED] - Delayed 2 second(s)

2020-07-09 15:35:58 - [TEST_STEP][PASSED] - refresh(): Refresh successfully

2020-07-09 15:35:59 - [MESSAGE][PASSED] - Refresh successfully

2020-07-09 15:35:59 - [TEST_STEP][PASSED] - setText(findTestObject("Login/Login Negatif/Page_Login  IDPhotobook/input_Yuuk Login ke IDPhotobookcom_mat-input-0"), findTestData("Login/Login_Negatif").getValue("Email", rowNum)): Text '081221212121' is set on object 'Object Repository/Login/Login Negatif/Page_Login  IDPhotobook/input_Yuuk Login ke IDPhotobookcom_mat-input-0'

2020-07-09 15:35:59 - [MESSAGE][PASSED] - Text '081221212121' is set on object 'Object Repository/Login/Login Negatif/Page_Login  IDPhotobook/input_Yuuk Login ke IDPhotobookcom_mat-input-0'

2020-07-09 15:35:59 - [TEST_STEP][PASSED] - setText(findTestObject("Login/Login Negatif/Page_Login  IDPhotobook/input_Nomor Whatsapp  Email_mat-input-1"), findTestData("Login/Login_Negatif").getValue("Password", rowNum)): Text 'test123' is set on object 'Object Repository/Login/Login Negatif/Page_Login  IDPhotobook/input_Nomor Whatsapp  Email_mat-input-1'

2020-07-09 15:36:00 - [MESSAGE][PASSED] - Text 'test123' is set on object 'Object Repository/Login/Login Negatif/Page_Login  IDPhotobook/input_Nomor Whatsapp  Email_mat-input-1'

2020-07-09 15:36:00 - [TEST_STEP][PASSED] - callTestCase(findTestCase("Services/SVC_Get Capture"), null, STOP_ON_FAILURE): Call Test Case 'Test Cases/Services/SVC_Get Capture' successfully

2020-07-09 15:36:00 - [TEST_CASE][PASSED] - Test Cases/Services/SVC_Get Capture: Test Cases/Services/SVC_Get Capture

2020-07-09 15:36:00 - [TEST_STEP][PASSED] - delay(TimeDelay): Delayed 1 second(s)

2020-07-09 15:36:01 - [MESSAGE][PASSED] - Delayed 1 second(s)

2020-07-09 15:36:01 - [TEST_STEP][PASSED] - GetPath = SetPathCapture: null

2020-07-09 15:36:01 - [TEST_STEP][PASSED] - GetPathData = GetPath + "\" + SetTestScriptID: null

2020-07-09 15:36:01 - [TEST_STEP][PASSED] - SetPath = Paths.get(GetPathData): null

2020-07-09 15:36:01 - [TEST_STEP][PASSED] - if (Files.notExists(SetPath)): null

2020-07-09 15:36:01 - [TEST_STEP][PASSED] - today = new java.util.Date(): null

2020-07-09 15:36:01 - [TEST_STEP][PASSED] - CapturePath = SetPath: null

2020-07-09 15:36:01 - [TEST_STEP][PASSED] - GetSubCapture = CapturePath: null

2020-07-09 15:36:01 - [TEST_STEP][PASSED] - CapturePath += "\": null

2020-07-09 15:36:01 - [TEST_STEP][PASSED] - if (VerifyCheck == true): Taking screenshot successfully

2020-07-09 15:36:01 - [TEST_STEP][PASSED] - takeScreenshot(CapturePath + today.format("ddMMyy") + today.format("hhmmss") + "_" + SetTestScriptID + ".png"): Taking screenshot successfully

2020-07-09 15:36:02 - [MESSAGE][PASSED] - Taking screenshot successfully
[[ATTACHMENT|D:\\Test IPB\\Result\\IDPhotoBooks\\Run_4\\Login_Negatif_2\\090720033601_Login_Negatif_2.png]]

2020-07-09 15:36:02 - [MESSAGE][PASSED] - Call Test Case 'Test Cases/Services/SVC_Get Capture' successfully

2020-07-09 15:36:02 - [TEST_STEP][PASSED] - click(findTestObject("Login/Login Negatif/Page_Login  IDPhotobook/button_Masuk Sekarang")): Object: 'Object Repository/Login/Login Negatif/Page_Login  IDPhotobook/button_Masuk Sekarang' is clicked on

2020-07-09 15:36:02 - [MESSAGE][PASSED] - Object: 'Object Repository/Login/Login Negatif/Page_Login  IDPhotobook/button_Masuk Sekarang' is clicked on

2020-07-09 15:36:02 - [TEST_STEP][PASSED] - delay(1): Delayed 1 second(s)

2020-07-09 15:36:03 - [MESSAGE][PASSED] - Delayed 1 second(s)

2020-07-09 15:36:03 - [TEST_STEP][PASSED] - callTestCase(findTestCase("Services/SVC_Get Capture"), null, STOP_ON_FAILURE): Call Test Case 'Test Cases/Services/SVC_Get Capture' successfully

2020-07-09 15:36:03 - [TEST_CASE][PASSED] - Test Cases/Services/SVC_Get Capture: Test Cases/Services/SVC_Get Capture

2020-07-09 15:36:03 - [TEST_STEP][PASSED] - delay(TimeDelay): Delayed 1 second(s)

2020-07-09 15:36:04 - [MESSAGE][PASSED] - Delayed 1 second(s)

2020-07-09 15:36:04 - [TEST_STEP][PASSED] - GetPath = SetPathCapture: null

2020-07-09 15:36:04 - [TEST_STEP][PASSED] - GetPathData = GetPath + "\" + SetTestScriptID: null

2020-07-09 15:36:04 - [TEST_STEP][PASSED] - SetPath = Paths.get(GetPathData): null

2020-07-09 15:36:04 - [TEST_STEP][PASSED] - if (Files.notExists(SetPath)): null

2020-07-09 15:36:04 - [TEST_STEP][PASSED] - today = new java.util.Date(): null

2020-07-09 15:36:04 - [TEST_STEP][PASSED] - CapturePath = SetPath: null

2020-07-09 15:36:04 - [TEST_STEP][PASSED] - GetSubCapture = CapturePath: null

2020-07-09 15:36:04 - [TEST_STEP][PASSED] - CapturePath += "\": null

2020-07-09 15:36:04 - [TEST_STEP][PASSED] - if (VerifyCheck == true): Taking screenshot successfully

2020-07-09 15:36:04 - [TEST_STEP][PASSED] - takeScreenshot(CapturePath + today.format("ddMMyy") + today.format("hhmmss") + "_" + SetTestScriptID + ".png"): Taking screenshot successfully

2020-07-09 15:36:05 - [MESSAGE][PASSED] - Taking screenshot successfully
[[ATTACHMENT|D:\\Test IPB\\Result\\IDPhotoBooks\\Run_4\\Login_Negatif_2\\090720033604_Login_Negatif_2.png]]

2020-07-09 15:36:05 - [MESSAGE][PASSED] - Call Test Case 'Test Cases/Services/SVC_Get Capture' successfully

2020-07-09 15:36:05 - [TEST_STEP][FAILED] - VerifyCheck = verifyTextNotPresent("No. Whatsapp / Email tidak ditemukan", false, CONTINUE_ON_FAILURE): Text 'No. Whatsapp / Email tidak ditemukan' is present on page  (Root cause: com.kms.katalon.core.exception.StepFailedException: Text 'No. Whatsapp / Email tidak ditemukan' is present on page 
	at com.kms.katalon.core.webui.keyword.internal.WebUIKeywordMain.stepFailed(WebUIKeywordMain.groovy:64)
	at com.kms.katalon.core.webui.keyword.builtin.VerifyTextNotPresentKeyword$_verifyTextNotPresent_closure1.doCall(VerifyTextNotPresentKeyword.groovy:77)
	at com.kms.katalon.core.webui.keyword.builtin.VerifyTextNotPresentKeyword$_verifyTextNotPresent_closure1.call(VerifyTextNotPresentKeyword.groovy)
	at com.kms.katalon.core.webui.keyword.internal.WebUIKeywordMain.runKeyword(WebUIKeywordMain.groovy:20)
	at com.kms.katalon.core.webui.keyword.builtin.VerifyTextNotPresentKeyword.verifyTextNotPresent(VerifyTextNotPresentKeyword.groovy:82)
	at com.kms.katalon.core.webui.keyword.builtin.VerifyTextNotPresentKeyword.execute(VerifyTextNotPresentKeyword.groovy:68)
	at com.kms.katalon.core.keyword.internal.KeywordExecutor.executeKeywordForPlatform(KeywordExecutor.groovy:72)
	at com.kms.katalon.core.webui.keyword.WebUiBuiltInKeywords.verifyTextNotPresent(WebUiBuiltInKeywords.groovy:1736)
	at com.kms.katalon.core.webui.keyword.WebUiBuiltInKeywords$verifyTextNotPresent$7.call(Unknown Source)
	at Login_Negatif.run(Login_Negatif:78)
	at com.kms.katalon.core.main.ScriptEngine.run(ScriptEngine.java:194)
	at com.kms.katalon.core.main.ScriptEngine.runScriptAsRawText(ScriptEngine.java:119)
	at com.kms.katalon.core.main.TestCaseExecutor.runScript(TestCaseExecutor.java:337)
	at com.kms.katalon.core.main.TestCaseExecutor.doExecute(TestCaseExecutor.java:328)
	at com.kms.katalon.core.main.TestCaseExecutor.processExecutionPhase(TestCaseExecutor.java:307)
	at com.kms.katalon.core.main.TestCaseExecutor.accessMainPhase(TestCaseExecutor.java:299)
	at com.kms.katalon.core.main.TestCaseExecutor.execute(TestCaseExecutor.java:233)
	at com.kms.katalon.core.main.TestSuiteExecutor.accessTestCaseMainPhase(TestSuiteExecutor.java:169)
	at com.kms.katalon.core.main.TestSuiteExecutor.accessTestSuiteMainPhase(TestSuiteExecutor.java:142)
	at com.kms.katalon.core.main.TestSuiteExecutor.execute(TestSuiteExecutor.java:91)
	at com.kms.katalon.core.main.TestCaseMain.startTestSuite(TestCaseMain.java:157)
	at com.kms.katalon.core.main.TestCaseMain$startTestSuite$0.call(Unknown Source)
	at TempTestSuite1594283652823.run(TempTestSuite1594283652823.groovy:37)
)

2020-07-09 15:36:05 - [MESSAGE][FAILED] - Text 'No. Whatsapp / Email tidak ditemukan' is present on page  (Root cause: com.kms.katalon.core.exception.StepFailedException: Text 'No. Whatsapp / Email tidak ditemukan' is present on page 
	at com.kms.katalon.core.webui.keyword.internal.WebUIKeywordMain.stepFailed(WebUIKeywordMain.groovy:64)
	at com.kms.katalon.core.webui.keyword.builtin.VerifyTextNotPresentKeyword$_verifyTextNotPresent_closure1.doCall(VerifyTextNotPresentKeyword.groovy:77)
	at com.kms.katalon.core.webui.keyword.builtin.VerifyTextNotPresentKeyword$_verifyTextNotPresent_closure1.call(VerifyTextNotPresentKeyword.groovy)
	at com.kms.katalon.core.webui.keyword.internal.WebUIKeywordMain.runKeyword(WebUIKeywordMain.groovy:20)
	at com.kms.katalon.core.webui.keyword.builtin.VerifyTextNotPresentKeyword.verifyTextNotPresent(VerifyTextNotPresentKeyword.groovy:82)
	at com.kms.katalon.core.webui.keyword.builtin.VerifyTextNotPresentKeyword.execute(VerifyTextNotPresentKeyword.groovy:68)
	at com.kms.katalon.core.keyword.internal.KeywordExecutor.executeKeywordForPlatform(KeywordExecutor.groovy:72)
	at com.kms.katalon.core.webui.keyword.WebUiBuiltInKeywords.verifyTextNotPresent(WebUiBuiltInKeywords.groovy:1736)
	at com.kms.katalon.core.webui.keyword.WebUiBuiltInKeywords$verifyTextNotPresent$7.call(Unknown Source)
	at Login_Negatif.run(Login_Negatif:78)
	at com.kms.katalon.core.main.ScriptEngine.run(ScriptEngine.java:194)
	at com.kms.katalon.core.main.ScriptEngine.runScriptAsRawText(ScriptEngine.java:119)
	at com.kms.katalon.core.main.TestCaseExecutor.runScript(TestCaseExecutor.java:337)
	at com.kms.katalon.core.main.TestCaseExecutor.doExecute(TestCaseExecutor.java:328)
	at com.kms.katalon.core.main.TestCaseExecutor.processExecutionPhase(TestCaseExecutor.java:307)
	at com.kms.katalon.core.main.TestCaseExecutor.accessMainPhase(TestCaseExecutor.java:299)
	at com.kms.katalon.core.main.TestCaseExecutor.execute(TestCaseExecutor.java:233)
	at com.kms.katalon.core.main.TestSuiteExecutor.accessTestCaseMainPhase(TestSuiteExecutor.java:169)
	at com.kms.katalon.core.main.TestSuiteExecutor.accessTestSuiteMainPhase(TestSuiteExecutor.java:142)
	at com.kms.katalon.core.main.TestSuiteExecutor.execute(TestSuiteExecutor.java:91)
	at com.kms.katalon.core.main.TestCaseMain.startTestSuite(TestCaseMain.java:157)
	at com.kms.katalon.core.main.TestCaseMain$startTestSuite$0.call(Unknown Source)
	at TempTestSuite1594283652823.run(TempTestSuite1594283652823.groovy:37)
)

2020-07-09 15:36:05 - [TEST_STEP][PASSED] - VerifyCheck = verifyTextNotPresent("Password salah", false, CONTINUE_ON_FAILURE): Text 'Password salah' is not present on page

2020-07-09 15:36:05 - [MESSAGE][PASSED] - Text 'Password salah' is not present on page

2020-07-09 15:36:05 - [TEST_STEP][PASSED] - refresh(): Refresh successfully

2020-07-09 15:36:06 - [MESSAGE][PASSED] - Refresh successfully

2020-07-09 15:36:06 - [TEST_STEP][FAILED] - if (findTestData("Login/Login_Negatif").getValue("ACTIVE", rowNum) == "Y"): null

2020-07-09 15:36:06 - [TEST_STEP][PASSED] - SetTestScriptID = findTestData("Login/Login_Negatif").getValue("SCRIPT ID", rowNum): null

2020-07-09 15:36:06 - [TEST_STEP][PASSED] - delay(2): Delayed 2 second(s)

2020-07-09 15:36:08 - [MESSAGE][PASSED] - Delayed 2 second(s)

2020-07-09 15:36:08 - [TEST_STEP][PASSED] - refresh(): Refresh successfully

2020-07-09 15:36:09 - [MESSAGE][PASSED] - Refresh successfully

2020-07-09 15:36:09 - [TEST_STEP][PASSED] - callTestCase(findTestCase("Services/SVC_Get Capture"), null, STOP_ON_FAILURE): Call Test Case 'Test Cases/Services/SVC_Get Capture' successfully

2020-07-09 15:36:09 - [TEST_CASE][PASSED] - Test Cases/Services/SVC_Get Capture: Test Cases/Services/SVC_Get Capture

2020-07-09 15:36:09 - [TEST_STEP][PASSED] - delay(TimeDelay): Delayed 1 second(s)

2020-07-09 15:36:10 - [MESSAGE][PASSED] - Delayed 1 second(s)

2020-07-09 15:36:10 - [TEST_STEP][PASSED] - GetPath = SetPathCapture: null

2020-07-09 15:36:10 - [TEST_STEP][PASSED] - GetPathData = GetPath + "\" + SetTestScriptID: null

2020-07-09 15:36:10 - [TEST_STEP][PASSED] - SetPath = Paths.get(GetPathData): null

2020-07-09 15:36:10 - [TEST_STEP][PASSED] - if (Files.notExists(SetPath)): null

2020-07-09 15:36:10 - [TEST_STEP][PASSED] - try: null

2020-07-09 15:36:10 - [TEST_STEP][PASSED] - Files.createDirectories(SetPath): null

2020-07-09 15:36:10 - [TEST_STEP][PASSED] - today = new java.util.Date(): null

2020-07-09 15:36:10 - [TEST_STEP][PASSED] - CapturePath = SetPath: null

2020-07-09 15:36:10 - [TEST_STEP][PASSED] - GetSubCapture = CapturePath: null

2020-07-09 15:36:10 - [TEST_STEP][PASSED] - CapturePath += "\": null

2020-07-09 15:36:10 - [TEST_STEP][PASSED] - if (VerifyCheck == true): Taking screenshot successfully

2020-07-09 15:36:10 - [TEST_STEP][PASSED] - takeScreenshot(CapturePath + today.format("ddMMyy") + today.format("hhmmss") + "_" + SetTestScriptID + ".png"): Taking screenshot successfully

2020-07-09 15:36:10 - [MESSAGE][PASSED] - Taking screenshot successfully
[[ATTACHMENT|D:\\Test IPB\\Result\\IDPhotoBooks\\Run_4\\Login_Negatif_3\\090720033610_Login_Negatif_3.png]]

2020-07-09 15:36:10 - [MESSAGE][PASSED] - Call Test Case 'Test Cases/Services/SVC_Get Capture' successfully

2020-07-09 15:36:10 - [TEST_STEP][PASSED] - setText(findTestObject("Login/Login Negatif/Page_Login  IDPhotobook/input_Yuuk Login ke IDPhotobookcom_mat-input-0"), findTestData("Login/Login_Negatif").getValue("WhatsApp", rowNum)): Text '!@#$%^&*()_+{}|' is set on object 'Object Repository/Login/Login Negatif/Page_Login  IDPhotobook/input_Yuuk Login ke IDPhotobookcom_mat-input-0'

2020-07-09 15:36:11 - [MESSAGE][PASSED] - Text '!@#$%^&*()_+{}|' is set on object 'Object Repository/Login/Login Negatif/Page_Login  IDPhotobook/input_Yuuk Login ke IDPhotobookcom_mat-input-0'

2020-07-09 15:36:11 - [TEST_STEP][PASSED] - setText(findTestObject("Login/Login Negatif/Page_Login  IDPhotobook/input_Nomor Whatsapp  Email_mat-input-1"), findTestData("Login/Login_Negatif").getValue("Password", rowNum)): Text 'test123' is set on object 'Object Repository/Login/Login Negatif/Page_Login  IDPhotobook/input_Nomor Whatsapp  Email_mat-input-1'

2020-07-09 15:36:12 - [MESSAGE][PASSED] - Text 'test123' is set on object 'Object Repository/Login/Login Negatif/Page_Login  IDPhotobook/input_Nomor Whatsapp  Email_mat-input-1'

2020-07-09 15:36:12 - [TEST_STEP][PASSED] - callTestCase(findTestCase("Services/SVC_Get Capture"), null, STOP_ON_FAILURE): Call Test Case 'Test Cases/Services/SVC_Get Capture' successfully

2020-07-09 15:36:12 - [TEST_CASE][PASSED] - Test Cases/Services/SVC_Get Capture: Test Cases/Services/SVC_Get Capture

2020-07-09 15:36:12 - [TEST_STEP][PASSED] - delay(TimeDelay): Delayed 1 second(s)

2020-07-09 15:36:13 - [MESSAGE][PASSED] - Delayed 1 second(s)

2020-07-09 15:36:13 - [TEST_STEP][PASSED] - GetPath = SetPathCapture: null

2020-07-09 15:36:13 - [TEST_STEP][PASSED] - GetPathData = GetPath + "\" + SetTestScriptID: null

2020-07-09 15:36:13 - [TEST_STEP][PASSED] - SetPath = Paths.get(GetPathData): null

2020-07-09 15:36:13 - [TEST_STEP][PASSED] - if (Files.notExists(SetPath)): null

2020-07-09 15:36:13 - [TEST_STEP][PASSED] - today = new java.util.Date(): null

2020-07-09 15:36:13 - [TEST_STEP][PASSED] - CapturePath = SetPath: null

2020-07-09 15:36:13 - [TEST_STEP][PASSED] - GetSubCapture = CapturePath: null

2020-07-09 15:36:13 - [TEST_STEP][PASSED] - CapturePath += "\": null

2020-07-09 15:36:13 - [TEST_STEP][PASSED] - if (VerifyCheck == true): Taking screenshot successfully

2020-07-09 15:36:13 - [TEST_STEP][PASSED] - takeScreenshot(CapturePath + today.format("ddMMyy") + today.format("hhmmss") + "_" + SetTestScriptID + ".png"): Taking screenshot successfully

2020-07-09 15:36:13 - [MESSAGE][PASSED] - Taking screenshot successfully
[[ATTACHMENT|D:\\Test IPB\\Result\\IDPhotoBooks\\Run_4\\Login_Negatif_3\\090720033613_Login_Negatif_3.png]]

2020-07-09 15:36:13 - [MESSAGE][PASSED] - Call Test Case 'Test Cases/Services/SVC_Get Capture' successfully

2020-07-09 15:36:13 - [TEST_STEP][PASSED] - click(findTestObject("Login/Login Negatif/Page_Login  IDPhotobook/button_Masuk Sekarang")): Object: 'Object Repository/Login/Login Negatif/Page_Login  IDPhotobook/button_Masuk Sekarang' is clicked on

2020-07-09 15:36:14 - [MESSAGE][PASSED] - Object: 'Object Repository/Login/Login Negatif/Page_Login  IDPhotobook/button_Masuk Sekarang' is clicked on

2020-07-09 15:36:14 - [TEST_STEP][PASSED] - delay(1): Delayed 1 second(s)

2020-07-09 15:36:15 - [MESSAGE][PASSED] - Delayed 1 second(s)

2020-07-09 15:36:15 - [TEST_STEP][PASSED] - callTestCase(findTestCase("Services/SVC_Get Capture"), null, STOP_ON_FAILURE): Call Test Case 'Test Cases/Services/SVC_Get Capture' successfully

2020-07-09 15:36:15 - [TEST_CASE][PASSED] - Test Cases/Services/SVC_Get Capture: Test Cases/Services/SVC_Get Capture

2020-07-09 15:36:15 - [TEST_STEP][PASSED] - delay(TimeDelay): Delayed 1 second(s)

2020-07-09 15:36:16 - [MESSAGE][PASSED] - Delayed 1 second(s)

2020-07-09 15:36:16 - [TEST_STEP][PASSED] - GetPath = SetPathCapture: null

2020-07-09 15:36:16 - [TEST_STEP][PASSED] - GetPathData = GetPath + "\" + SetTestScriptID: null

2020-07-09 15:36:16 - [TEST_STEP][PASSED] - SetPath = Paths.get(GetPathData): null

2020-07-09 15:36:16 - [TEST_STEP][PASSED] - if (Files.notExists(SetPath)): null

2020-07-09 15:36:16 - [TEST_STEP][PASSED] - today = new java.util.Date(): null

2020-07-09 15:36:16 - [TEST_STEP][PASSED] - CapturePath = SetPath: null

2020-07-09 15:36:16 - [TEST_STEP][PASSED] - GetSubCapture = CapturePath: null

2020-07-09 15:36:16 - [TEST_STEP][PASSED] - CapturePath += "\": null

2020-07-09 15:36:16 - [TEST_STEP][PASSED] - if (VerifyCheck == true): Taking screenshot successfully

2020-07-09 15:36:16 - [TEST_STEP][PASSED] - takeScreenshot(CapturePath + today.format("ddMMyy") + today.format("hhmmss") + "_" + SetTestScriptID + ".png"): Taking screenshot successfully

2020-07-09 15:36:16 - [MESSAGE][PASSED] - Taking screenshot successfully
[[ATTACHMENT|D:\\Test IPB\\Result\\IDPhotoBooks\\Run_4\\Login_Negatif_3\\090720033616_Login_Negatif_3.png]]

2020-07-09 15:36:16 - [MESSAGE][PASSED] - Call Test Case 'Test Cases/Services/SVC_Get Capture' successfully

2020-07-09 15:36:16 - [TEST_STEP][FAILED] - VerifyCheck = verifyTextNotPresent("No. Whatsapp / Email tidak ditemukan", false, CONTINUE_ON_FAILURE): Text 'No. Whatsapp / Email tidak ditemukan' is present on page  (Root cause: com.kms.katalon.core.exception.StepFailedException: Text 'No. Whatsapp / Email tidak ditemukan' is present on page 
	at com.kms.katalon.core.webui.keyword.internal.WebUIKeywordMain.stepFailed(WebUIKeywordMain.groovy:64)
	at com.kms.katalon.core.webui.keyword.builtin.VerifyTextNotPresentKeyword$_verifyTextNotPresent_closure1.doCall(VerifyTextNotPresentKeyword.groovy:77)
	at com.kms.katalon.core.webui.keyword.builtin.VerifyTextNotPresentKeyword$_verifyTextNotPresent_closure1.call(VerifyTextNotPresentKeyword.groovy)
	at com.kms.katalon.core.webui.keyword.internal.WebUIKeywordMain.runKeyword(WebUIKeywordMain.groovy:20)
	at com.kms.katalon.core.webui.keyword.builtin.VerifyTextNotPresentKeyword.verifyTextNotPresent(VerifyTextNotPresentKeyword.groovy:82)
	at com.kms.katalon.core.webui.keyword.builtin.VerifyTextNotPresentKeyword.execute(VerifyTextNotPresentKeyword.groovy:68)
	at com.kms.katalon.core.keyword.internal.KeywordExecutor.executeKeywordForPlatform(KeywordExecutor.groovy:72)
	at com.kms.katalon.core.webui.keyword.WebUiBuiltInKeywords.verifyTextNotPresent(WebUiBuiltInKeywords.groovy:1736)
	at com.kms.katalon.core.webui.keyword.WebUiBuiltInKeywords$verifyTextNotPresent$7.call(Unknown Source)
	at Login_Negatif.run(Login_Negatif:56)
	at com.kms.katalon.core.main.ScriptEngine.run(ScriptEngine.java:194)
	at com.kms.katalon.core.main.ScriptEngine.runScriptAsRawText(ScriptEngine.java:119)
	at com.kms.katalon.core.main.TestCaseExecutor.runScript(TestCaseExecutor.java:337)
	at com.kms.katalon.core.main.TestCaseExecutor.doExecute(TestCaseExecutor.java:328)
	at com.kms.katalon.core.main.TestCaseExecutor.processExecutionPhase(TestCaseExecutor.java:307)
	at com.kms.katalon.core.main.TestCaseExecutor.accessMainPhase(TestCaseExecutor.java:299)
	at com.kms.katalon.core.main.TestCaseExecutor.execute(TestCaseExecutor.java:233)
	at com.kms.katalon.core.main.TestSuiteExecutor.accessTestCaseMainPhase(TestSuiteExecutor.java:169)
	at com.kms.katalon.core.main.TestSuiteExecutor.accessTestSuiteMainPhase(TestSuiteExecutor.java:142)
	at com.kms.katalon.core.main.TestSuiteExecutor.execute(TestSuiteExecutor.java:91)
	at com.kms.katalon.core.main.TestCaseMain.startTestSuite(TestCaseMain.java:157)
	at com.kms.katalon.core.main.TestCaseMain$startTestSuite$0.call(Unknown Source)
	at TempTestSuite1594283652823.run(TempTestSuite1594283652823.groovy:37)
)

2020-07-09 15:36:17 - [MESSAGE][FAILED] - Text 'No. Whatsapp / Email tidak ditemukan' is present on page  (Root cause: com.kms.katalon.core.exception.StepFailedException: Text 'No. Whatsapp / Email tidak ditemukan' is present on page 
	at com.kms.katalon.core.webui.keyword.internal.WebUIKeywordMain.stepFailed(WebUIKeywordMain.groovy:64)
	at com.kms.katalon.core.webui.keyword.builtin.VerifyTextNotPresentKeyword$_verifyTextNotPresent_closure1.doCall(VerifyTextNotPresentKeyword.groovy:77)
	at com.kms.katalon.core.webui.keyword.builtin.VerifyTextNotPresentKeyword$_verifyTextNotPresent_closure1.call(VerifyTextNotPresentKeyword.groovy)
	at com.kms.katalon.core.webui.keyword.internal.WebUIKeywordMain.runKeyword(WebUIKeywordMain.groovy:20)
	at com.kms.katalon.core.webui.keyword.builtin.VerifyTextNotPresentKeyword.verifyTextNotPresent(VerifyTextNotPresentKeyword.groovy:82)
	at com.kms.katalon.core.webui.keyword.builtin.VerifyTextNotPresentKeyword.execute(VerifyTextNotPresentKeyword.groovy:68)
	at com.kms.katalon.core.keyword.internal.KeywordExecutor.executeKeywordForPlatform(KeywordExecutor.groovy:72)
	at com.kms.katalon.core.webui.keyword.WebUiBuiltInKeywords.verifyTextNotPresent(WebUiBuiltInKeywords.groovy:1736)
	at com.kms.katalon.core.webui.keyword.WebUiBuiltInKeywords$verifyTextNotPresent$7.call(Unknown Source)
	at Login_Negatif.run(Login_Negatif:56)
	at com.kms.katalon.core.main.ScriptEngine.run(ScriptEngine.java:194)
	at com.kms.katalon.core.main.ScriptEngine.runScriptAsRawText(ScriptEngine.java:119)
	at com.kms.katalon.core.main.TestCaseExecutor.runScript(TestCaseExecutor.java:337)
	at com.kms.katalon.core.main.TestCaseExecutor.doExecute(TestCaseExecutor.java:328)
	at com.kms.katalon.core.main.TestCaseExecutor.processExecutionPhase(TestCaseExecutor.java:307)
	at com.kms.katalon.core.main.TestCaseExecutor.accessMainPhase(TestCaseExecutor.java:299)
	at com.kms.katalon.core.main.TestCaseExecutor.execute(TestCaseExecutor.java:233)
	at com.kms.katalon.core.main.TestSuiteExecutor.accessTestCaseMainPhase(TestSuiteExecutor.java:169)
	at com.kms.katalon.core.main.TestSuiteExecutor.accessTestSuiteMainPhase(TestSuiteExecutor.java:142)
	at com.kms.katalon.core.main.TestSuiteExecutor.execute(TestSuiteExecutor.java:91)
	at com.kms.katalon.core.main.TestCaseMain.startTestSuite(TestCaseMain.java:157)
	at com.kms.katalon.core.main.TestCaseMain$startTestSuite$0.call(Unknown Source)
	at TempTestSuite1594283652823.run(TempTestSuite1594283652823.groovy:37)
)

2020-07-09 15:36:17 - [TEST_STEP][PASSED] - VerifyCheck = verifyTextNotPresent("Password salah", false, CONTINUE_ON_FAILURE): Text 'Password salah' is not present on page

2020-07-09 15:36:17 - [MESSAGE][PASSED] - Text 'Password salah' is not present on page

2020-07-09 15:36:17 - [TEST_STEP][PASSED] - delay(2): Delayed 2 second(s)

2020-07-09 15:36:19 - [MESSAGE][PASSED] - Delayed 2 second(s)

2020-07-09 15:36:19 - [TEST_STEP][PASSED] - refresh(): Refresh successfully

2020-07-09 15:36:20 - [MESSAGE][PASSED] - Refresh successfully

2020-07-09 15:36:20 - [TEST_STEP][PASSED] - setText(findTestObject("Login/Login Negatif/Page_Login  IDPhotobook/input_Yuuk Login ke IDPhotobookcom_mat-input-0"), findTestData("Login/Login_Negatif").getValue("Email", rowNum)): Text '!@#$%^&*()_+{}|' is set on object 'Object Repository/Login/Login Negatif/Page_Login  IDPhotobook/input_Yuuk Login ke IDPhotobookcom_mat-input-0'

2020-07-09 15:36:20 - [MESSAGE][PASSED] - Text '!@#$%^&*()_+{}|' is set on object 'Object Repository/Login/Login Negatif/Page_Login  IDPhotobook/input_Yuuk Login ke IDPhotobookcom_mat-input-0'

2020-07-09 15:36:20 - [TEST_STEP][PASSED] - setText(findTestObject("Login/Login Negatif/Page_Login  IDPhotobook/input_Nomor Whatsapp  Email_mat-input-1"), findTestData("Login/Login_Negatif").getValue("Password", rowNum)): Text 'test123' is set on object 'Object Repository/Login/Login Negatif/Page_Login  IDPhotobook/input_Nomor Whatsapp  Email_mat-input-1'

2020-07-09 15:36:21 - [MESSAGE][PASSED] - Text 'test123' is set on object 'Object Repository/Login/Login Negatif/Page_Login  IDPhotobook/input_Nomor Whatsapp  Email_mat-input-1'

2020-07-09 15:36:21 - [TEST_STEP][PASSED] - callTestCase(findTestCase("Services/SVC_Get Capture"), null, STOP_ON_FAILURE): Call Test Case 'Test Cases/Services/SVC_Get Capture' successfully

2020-07-09 15:36:21 - [TEST_CASE][PASSED] - Test Cases/Services/SVC_Get Capture: Test Cases/Services/SVC_Get Capture

2020-07-09 15:36:21 - [TEST_STEP][PASSED] - delay(TimeDelay): Delayed 1 second(s)

2020-07-09 15:36:22 - [MESSAGE][PASSED] - Delayed 1 second(s)

2020-07-09 15:36:22 - [TEST_STEP][PASSED] - GetPath = SetPathCapture: null

2020-07-09 15:36:22 - [TEST_STEP][PASSED] - GetPathData = GetPath + "\" + SetTestScriptID: null

2020-07-09 15:36:22 - [TEST_STEP][PASSED] - SetPath = Paths.get(GetPathData): null

2020-07-09 15:36:22 - [TEST_STEP][PASSED] - if (Files.notExists(SetPath)): null

2020-07-09 15:36:22 - [TEST_STEP][PASSED] - today = new java.util.Date(): null

2020-07-09 15:36:22 - [TEST_STEP][PASSED] - CapturePath = SetPath: null

2020-07-09 15:36:22 - [TEST_STEP][PASSED] - GetSubCapture = CapturePath: null

2020-07-09 15:36:22 - [TEST_STEP][PASSED] - CapturePath += "\": null

2020-07-09 15:36:22 - [TEST_STEP][PASSED] - if (VerifyCheck == true): Taking screenshot successfully

2020-07-09 15:36:22 - [TEST_STEP][PASSED] - takeScreenshot(CapturePath + today.format("ddMMyy") + today.format("hhmmss") + "_" + SetTestScriptID + ".png"): Taking screenshot successfully

2020-07-09 15:36:23 - [MESSAGE][PASSED] - Taking screenshot successfully
[[ATTACHMENT|D:\\Test IPB\\Result\\IDPhotoBooks\\Run_4\\Login_Negatif_3\\090720033622_Login_Negatif_3.png]]

2020-07-09 15:36:23 - [MESSAGE][PASSED] - Call Test Case 'Test Cases/Services/SVC_Get Capture' successfully

2020-07-09 15:36:23 - [TEST_STEP][PASSED] - click(findTestObject("Login/Login Negatif/Page_Login  IDPhotobook/button_Masuk Sekarang")): Object: 'Object Repository/Login/Login Negatif/Page_Login  IDPhotobook/button_Masuk Sekarang' is clicked on

2020-07-09 15:36:23 - [MESSAGE][PASSED] - Object: 'Object Repository/Login/Login Negatif/Page_Login  IDPhotobook/button_Masuk Sekarang' is clicked on

2020-07-09 15:36:23 - [TEST_STEP][PASSED] - delay(1): Delayed 1 second(s)

2020-07-09 15:36:24 - [MESSAGE][PASSED] - Delayed 1 second(s)

2020-07-09 15:36:24 - [TEST_STEP][PASSED] - callTestCase(findTestCase("Services/SVC_Get Capture"), null, STOP_ON_FAILURE): Call Test Case 'Test Cases/Services/SVC_Get Capture' successfully

2020-07-09 15:36:24 - [TEST_CASE][PASSED] - Test Cases/Services/SVC_Get Capture: Test Cases/Services/SVC_Get Capture

2020-07-09 15:36:24 - [TEST_STEP][PASSED] - delay(TimeDelay): Delayed 1 second(s)

2020-07-09 15:36:25 - [MESSAGE][PASSED] - Delayed 1 second(s)

2020-07-09 15:36:25 - [TEST_STEP][PASSED] - GetPath = SetPathCapture: null

2020-07-09 15:36:25 - [TEST_STEP][PASSED] - GetPathData = GetPath + "\" + SetTestScriptID: null

2020-07-09 15:36:25 - [TEST_STEP][PASSED] - SetPath = Paths.get(GetPathData): null

2020-07-09 15:36:25 - [TEST_STEP][PASSED] - if (Files.notExists(SetPath)): null

2020-07-09 15:36:25 - [TEST_STEP][PASSED] - today = new java.util.Date(): null

2020-07-09 15:36:25 - [TEST_STEP][PASSED] - CapturePath = SetPath: null

2020-07-09 15:36:25 - [TEST_STEP][PASSED] - GetSubCapture = CapturePath: null

2020-07-09 15:36:25 - [TEST_STEP][PASSED] - CapturePath += "\": null

2020-07-09 15:36:25 - [TEST_STEP][PASSED] - if (VerifyCheck == true): Taking screenshot successfully

2020-07-09 15:36:25 - [TEST_STEP][PASSED] - takeScreenshot(CapturePath + today.format("ddMMyy") + today.format("hhmmss") + "_" + SetTestScriptID + ".png"): Taking screenshot successfully

2020-07-09 15:36:26 - [MESSAGE][PASSED] - Taking screenshot successfully
[[ATTACHMENT|D:\\Test IPB\\Result\\IDPhotoBooks\\Run_4\\Login_Negatif_3\\090720033625_Login_Negatif_3.png]]

2020-07-09 15:36:26 - [MESSAGE][PASSED] - Call Test Case 'Test Cases/Services/SVC_Get Capture' successfully

2020-07-09 15:36:26 - [TEST_STEP][FAILED] - VerifyCheck = verifyTextNotPresent("No. Whatsapp / Email tidak ditemukan", false, CONTINUE_ON_FAILURE): Text 'No. Whatsapp / Email tidak ditemukan' is present on page  (Root cause: com.kms.katalon.core.exception.StepFailedException: Text 'No. Whatsapp / Email tidak ditemukan' is present on page 
	at com.kms.katalon.core.webui.keyword.internal.WebUIKeywordMain.stepFailed(WebUIKeywordMain.groovy:64)
	at com.kms.katalon.core.webui.keyword.builtin.VerifyTextNotPresentKeyword$_verifyTextNotPresent_closure1.doCall(VerifyTextNotPresentKeyword.groovy:77)
	at com.kms.katalon.core.webui.keyword.builtin.VerifyTextNotPresentKeyword$_verifyTextNotPresent_closure1.call(VerifyTextNotPresentKeyword.groovy)
	at com.kms.katalon.core.webui.keyword.internal.WebUIKeywordMain.runKeyword(WebUIKeywordMain.groovy:20)
	at com.kms.katalon.core.webui.keyword.builtin.VerifyTextNotPresentKeyword.verifyTextNotPresent(VerifyTextNotPresentKeyword.groovy:82)
	at com.kms.katalon.core.webui.keyword.builtin.VerifyTextNotPresentKeyword.execute(VerifyTextNotPresentKeyword.groovy:68)
	at com.kms.katalon.core.keyword.internal.KeywordExecutor.executeKeywordForPlatform(KeywordExecutor.groovy:72)
	at com.kms.katalon.core.webui.keyword.WebUiBuiltInKeywords.verifyTextNotPresent(WebUiBuiltInKeywords.groovy:1736)
	at com.kms.katalon.core.webui.keyword.WebUiBuiltInKeywords$verifyTextNotPresent$7.call(Unknown Source)
	at Login_Negatif.run(Login_Negatif:78)
	at com.kms.katalon.core.main.ScriptEngine.run(ScriptEngine.java:194)
	at com.kms.katalon.core.main.ScriptEngine.runScriptAsRawText(ScriptEngine.java:119)
	at com.kms.katalon.core.main.TestCaseExecutor.runScript(TestCaseExecutor.java:337)
	at com.kms.katalon.core.main.TestCaseExecutor.doExecute(TestCaseExecutor.java:328)
	at com.kms.katalon.core.main.TestCaseExecutor.processExecutionPhase(TestCaseExecutor.java:307)
	at com.kms.katalon.core.main.TestCaseExecutor.accessMainPhase(TestCaseExecutor.java:299)
	at com.kms.katalon.core.main.TestCaseExecutor.execute(TestCaseExecutor.java:233)
	at com.kms.katalon.core.main.TestSuiteExecutor.accessTestCaseMainPhase(TestSuiteExecutor.java:169)
	at com.kms.katalon.core.main.TestSuiteExecutor.accessTestSuiteMainPhase(TestSuiteExecutor.java:142)
	at com.kms.katalon.core.main.TestSuiteExecutor.execute(TestSuiteExecutor.java:91)
	at com.kms.katalon.core.main.TestCaseMain.startTestSuite(TestCaseMain.java:157)
	at com.kms.katalon.core.main.TestCaseMain$startTestSuite$0.call(Unknown Source)
	at TempTestSuite1594283652823.run(TempTestSuite1594283652823.groovy:37)
)

2020-07-09 15:36:26 - [MESSAGE][FAILED] - Text 'No. Whatsapp / Email tidak ditemukan' is present on page  (Root cause: com.kms.katalon.core.exception.StepFailedException: Text 'No. Whatsapp / Email tidak ditemukan' is present on page 
	at com.kms.katalon.core.webui.keyword.internal.WebUIKeywordMain.stepFailed(WebUIKeywordMain.groovy:64)
	at com.kms.katalon.core.webui.keyword.builtin.VerifyTextNotPresentKeyword$_verifyTextNotPresent_closure1.doCall(VerifyTextNotPresentKeyword.groovy:77)
	at com.kms.katalon.core.webui.keyword.builtin.VerifyTextNotPresentKeyword$_verifyTextNotPresent_closure1.call(VerifyTextNotPresentKeyword.groovy)
	at com.kms.katalon.core.webui.keyword.internal.WebUIKeywordMain.runKeyword(WebUIKeywordMain.groovy:20)
	at com.kms.katalon.core.webui.keyword.builtin.VerifyTextNotPresentKeyword.verifyTextNotPresent(VerifyTextNotPresentKeyword.groovy:82)
	at com.kms.katalon.core.webui.keyword.builtin.VerifyTextNotPresentKeyword.execute(VerifyTextNotPresentKeyword.groovy:68)
	at com.kms.katalon.core.keyword.internal.KeywordExecutor.executeKeywordForPlatform(KeywordExecutor.groovy:72)
	at com.kms.katalon.core.webui.keyword.WebUiBuiltInKeywords.verifyTextNotPresent(WebUiBuiltInKeywords.groovy:1736)
	at com.kms.katalon.core.webui.keyword.WebUiBuiltInKeywords$verifyTextNotPresent$7.call(Unknown Source)
	at Login_Negatif.run(Login_Negatif:78)
	at com.kms.katalon.core.main.ScriptEngine.run(ScriptEngine.java:194)
	at com.kms.katalon.core.main.ScriptEngine.runScriptAsRawText(ScriptEngine.java:119)
	at com.kms.katalon.core.main.TestCaseExecutor.runScript(TestCaseExecutor.java:337)
	at com.kms.katalon.core.main.TestCaseExecutor.doExecute(TestCaseExecutor.java:328)
	at com.kms.katalon.core.main.TestCaseExecutor.processExecutionPhase(TestCaseExecutor.java:307)
	at com.kms.katalon.core.main.TestCaseExecutor.accessMainPhase(TestCaseExecutor.java:299)
	at com.kms.katalon.core.main.TestCaseExecutor.execute(TestCaseExecutor.java:233)
	at com.kms.katalon.core.main.TestSuiteExecutor.accessTestCaseMainPhase(TestSuiteExecutor.java:169)
	at com.kms.katalon.core.main.TestSuiteExecutor.accessTestSuiteMainPhase(TestSuiteExecutor.java:142)
	at com.kms.katalon.core.main.TestSuiteExecutor.execute(TestSuiteExecutor.java:91)
	at com.kms.katalon.core.main.TestCaseMain.startTestSuite(TestCaseMain.java:157)
	at com.kms.katalon.core.main.TestCaseMain$startTestSuite$0.call(Unknown Source)
	at TempTestSuite1594283652823.run(TempTestSuite1594283652823.groovy:37)
)

2020-07-09 15:36:26 - [TEST_STEP][PASSED] - VerifyCheck = verifyTextNotPresent("Password salah", false, CONTINUE_ON_FAILURE): Text 'Password salah' is not present on page

2020-07-09 15:36:26 - [MESSAGE][PASSED] - Text 'Password salah' is not present on page

2020-07-09 15:36:26 - [TEST_STEP][PASSED] - refresh(): Refresh successfully

2020-07-09 15:36:27 - [MESSAGE][PASSED] - Refresh successfully

2020-07-09 15:36:27 - [TEST_STEP][PASSED] - if (findTestData("Login/Login_Negatif").getValue("ACTIVE", rowNum) == "Y"): null

2020-07-09 15:36:27 - [TEST_STEP][PASSED] - if (findTestData("Login/Login_Negatif").getValue("ACTIVE", rowNum) == "Y"): null

2020-07-09 15:36:27 - [TEST_STEP][PASSED] - if (findTestData("Login/Login_Negatif").getValue("ACTIVE", rowNum) == "Y"): null

2020-07-09 15:36:27 - [TEST_STEP][PASSED] - if (findTestData("Login/Login_Negatif").getValue("ACTIVE", rowNum) == "Y"): null

2020-07-09 15:36:27 - [TEST_STEP][FAILED] - if (findTestData("Login/Login_Negatif").getValue("ACTIVE", rowNum) == "Y"): null

2020-07-09 15:36:27 - [TEST_STEP][PASSED] - SetTestScriptID = findTestData("Login/Login_Negatif").getValue("SCRIPT ID", rowNum): null

2020-07-09 15:36:27 - [TEST_STEP][PASSED] - delay(2): Delayed 2 second(s)

2020-07-09 15:36:29 - [MESSAGE][PASSED] - Delayed 2 second(s)

2020-07-09 15:36:29 - [TEST_STEP][PASSED] - refresh(): Refresh successfully

2020-07-09 15:36:30 - [MESSAGE][PASSED] - Refresh successfully

2020-07-09 15:36:30 - [TEST_STEP][PASSED] - callTestCase(findTestCase("Services/SVC_Get Capture"), null, STOP_ON_FAILURE): Call Test Case 'Test Cases/Services/SVC_Get Capture' successfully

2020-07-09 15:36:30 - [TEST_CASE][PASSED] - Test Cases/Services/SVC_Get Capture: Test Cases/Services/SVC_Get Capture

2020-07-09 15:36:30 - [TEST_STEP][PASSED] - delay(TimeDelay): Delayed 1 second(s)

2020-07-09 15:36:31 - [MESSAGE][PASSED] - Delayed 1 second(s)

2020-07-09 15:36:31 - [TEST_STEP][PASSED] - GetPath = SetPathCapture: null

2020-07-09 15:36:31 - [TEST_STEP][PASSED] - GetPathData = GetPath + "\" + SetTestScriptID: null

2020-07-09 15:36:31 - [TEST_STEP][PASSED] - SetPath = Paths.get(GetPathData): null

2020-07-09 15:36:31 - [TEST_STEP][PASSED] - if (Files.notExists(SetPath)): null

2020-07-09 15:36:31 - [TEST_STEP][PASSED] - try: null

2020-07-09 15:36:31 - [TEST_STEP][PASSED] - Files.createDirectories(SetPath): null

2020-07-09 15:36:31 - [TEST_STEP][PASSED] - today = new java.util.Date(): null

2020-07-09 15:36:31 - [TEST_STEP][PASSED] - CapturePath = SetPath: null

2020-07-09 15:36:31 - [TEST_STEP][PASSED] - GetSubCapture = CapturePath: null

2020-07-09 15:36:31 - [TEST_STEP][PASSED] - CapturePath += "\": null

2020-07-09 15:36:31 - [TEST_STEP][PASSED] - if (VerifyCheck == true): Taking screenshot successfully

2020-07-09 15:36:31 - [TEST_STEP][PASSED] - takeScreenshot(CapturePath + today.format("ddMMyy") + today.format("hhmmss") + "_" + SetTestScriptID + ".png"): Taking screenshot successfully

2020-07-09 15:36:31 - [MESSAGE][PASSED] - Taking screenshot successfully
[[ATTACHMENT|D:\\Test IPB\\Result\\IDPhotoBooks\\Run_4\\Login_Negatif_8\\090720033631_Login_Negatif_8.png]]

2020-07-09 15:36:31 - [MESSAGE][PASSED] - Call Test Case 'Test Cases/Services/SVC_Get Capture' successfully

2020-07-09 15:36:31 - [TEST_STEP][PASSED] - setText(findTestObject("Login/Login Negatif/Page_Login  IDPhotobook/input_Yuuk Login ke IDPhotobookcom_mat-input-0"), findTestData("Login/Login_Negatif").getValue("WhatsApp", rowNum)): Text '085721576989' is set on object 'Object Repository/Login/Login Negatif/Page_Login  IDPhotobook/input_Yuuk Login ke IDPhotobookcom_mat-input-0'

2020-07-09 15:36:32 - [MESSAGE][PASSED] - Text '085721576989' is set on object 'Object Repository/Login/Login Negatif/Page_Login  IDPhotobook/input_Yuuk Login ke IDPhotobookcom_mat-input-0'

2020-07-09 15:36:32 - [TEST_STEP][PASSED] - setText(findTestObject("Login/Login Negatif/Page_Login  IDPhotobook/input_Nomor Whatsapp  Email_mat-input-1"), findTestData("Login/Login_Negatif").getValue("Password", rowNum)): Text 'indrawanEmail' is set on object 'Object Repository/Login/Login Negatif/Page_Login  IDPhotobook/input_Nomor Whatsapp  Email_mat-input-1'

2020-07-09 15:36:33 - [MESSAGE][PASSED] - Text 'indrawanEmail' is set on object 'Object Repository/Login/Login Negatif/Page_Login  IDPhotobook/input_Nomor Whatsapp  Email_mat-input-1'

2020-07-09 15:36:33 - [TEST_STEP][PASSED] - callTestCase(findTestCase("Services/SVC_Get Capture"), null, STOP_ON_FAILURE): Call Test Case 'Test Cases/Services/SVC_Get Capture' successfully

2020-07-09 15:36:33 - [TEST_CASE][PASSED] - Test Cases/Services/SVC_Get Capture: Test Cases/Services/SVC_Get Capture

2020-07-09 15:36:33 - [TEST_STEP][PASSED] - delay(TimeDelay): Delayed 1 second(s)

2020-07-09 15:36:34 - [MESSAGE][PASSED] - Delayed 1 second(s)

2020-07-09 15:36:34 - [TEST_STEP][PASSED] - GetPath = SetPathCapture: null

2020-07-09 15:36:34 - [TEST_STEP][PASSED] - GetPathData = GetPath + "\" + SetTestScriptID: null

2020-07-09 15:36:34 - [TEST_STEP][PASSED] - SetPath = Paths.get(GetPathData): null

2020-07-09 15:36:34 - [TEST_STEP][PASSED] - if (Files.notExists(SetPath)): null

2020-07-09 15:36:34 - [TEST_STEP][PASSED] - today = new java.util.Date(): null

2020-07-09 15:36:34 - [TEST_STEP][PASSED] - CapturePath = SetPath: null

2020-07-09 15:36:34 - [TEST_STEP][PASSED] - GetSubCapture = CapturePath: null

2020-07-09 15:36:34 - [TEST_STEP][PASSED] - CapturePath += "\": null

2020-07-09 15:36:34 - [TEST_STEP][PASSED] - if (VerifyCheck == true): Taking screenshot successfully

2020-07-09 15:36:34 - [TEST_STEP][PASSED] - takeScreenshot(CapturePath + today.format("ddMMyy") + today.format("hhmmss") + "_" + SetTestScriptID + ".png"): Taking screenshot successfully

2020-07-09 15:36:34 - [MESSAGE][PASSED] - Taking screenshot successfully
[[ATTACHMENT|D:\\Test IPB\\Result\\IDPhotoBooks\\Run_4\\Login_Negatif_8\\090720033634_Login_Negatif_8.png]]

2020-07-09 15:36:34 - [MESSAGE][PASSED] - Call Test Case 'Test Cases/Services/SVC_Get Capture' successfully

2020-07-09 15:36:34 - [TEST_STEP][PASSED] - click(findTestObject("Login/Login Negatif/Page_Login  IDPhotobook/button_Masuk Sekarang")): Object: 'Object Repository/Login/Login Negatif/Page_Login  IDPhotobook/button_Masuk Sekarang' is clicked on

2020-07-09 15:36:35 - [MESSAGE][PASSED] - Object: 'Object Repository/Login/Login Negatif/Page_Login  IDPhotobook/button_Masuk Sekarang' is clicked on

2020-07-09 15:36:35 - [TEST_STEP][PASSED] - delay(1): Delayed 1 second(s)

2020-07-09 15:36:36 - [MESSAGE][PASSED] - Delayed 1 second(s)

2020-07-09 15:36:36 - [TEST_STEP][PASSED] - callTestCase(findTestCase("Services/SVC_Get Capture"), null, STOP_ON_FAILURE): Call Test Case 'Test Cases/Services/SVC_Get Capture' successfully

2020-07-09 15:36:36 - [TEST_CASE][PASSED] - Test Cases/Services/SVC_Get Capture: Test Cases/Services/SVC_Get Capture

2020-07-09 15:36:36 - [TEST_STEP][PASSED] - delay(TimeDelay): Delayed 1 second(s)

2020-07-09 15:36:37 - [MESSAGE][PASSED] - Delayed 1 second(s)

2020-07-09 15:36:37 - [TEST_STEP][PASSED] - GetPath = SetPathCapture: null

2020-07-09 15:36:37 - [TEST_STEP][PASSED] - GetPathData = GetPath + "\" + SetTestScriptID: null

2020-07-09 15:36:37 - [TEST_STEP][PASSED] - SetPath = Paths.get(GetPathData): null

2020-07-09 15:36:37 - [TEST_STEP][PASSED] - if (Files.notExists(SetPath)): null

2020-07-09 15:36:37 - [TEST_STEP][PASSED] - today = new java.util.Date(): null

2020-07-09 15:36:37 - [TEST_STEP][PASSED] - CapturePath = SetPath: null

2020-07-09 15:36:37 - [TEST_STEP][PASSED] - GetSubCapture = CapturePath: null

2020-07-09 15:36:37 - [TEST_STEP][PASSED] - CapturePath += "\": null

2020-07-09 15:36:37 - [TEST_STEP][PASSED] - if (VerifyCheck == true): Taking screenshot successfully

2020-07-09 15:36:37 - [TEST_STEP][PASSED] - takeScreenshot(CapturePath + today.format("ddMMyy") + today.format("hhmmss") + "_" + SetTestScriptID + ".png"): Taking screenshot successfully

2020-07-09 15:36:37 - [MESSAGE][PASSED] - Taking screenshot successfully
[[ATTACHMENT|D:\\Test IPB\\Result\\IDPhotoBooks\\Run_4\\Login_Negatif_8\\090720033637_Login_Negatif_8.png]]

2020-07-09 15:36:37 - [MESSAGE][PASSED] - Call Test Case 'Test Cases/Services/SVC_Get Capture' successfully

2020-07-09 15:36:37 - [TEST_STEP][PASSED] - VerifyCheck = verifyTextNotPresent("No. Whatsapp / Email tidak ditemukan", false, CONTINUE_ON_FAILURE): Text 'No. Whatsapp / Email tidak ditemukan' is not present on page

2020-07-09 15:36:37 - [MESSAGE][PASSED] - Text 'No. Whatsapp / Email tidak ditemukan' is not present on page

2020-07-09 15:36:37 - [TEST_STEP][FAILED] - VerifyCheck = verifyTextNotPresent("Password salah", false, CONTINUE_ON_FAILURE): Text 'Password salah' is present on page  (Root cause: com.kms.katalon.core.exception.StepFailedException: Text 'Password salah' is present on page 
	at com.kms.katalon.core.webui.keyword.internal.WebUIKeywordMain.stepFailed(WebUIKeywordMain.groovy:64)
	at com.kms.katalon.core.webui.keyword.builtin.VerifyTextNotPresentKeyword$_verifyTextNotPresent_closure1.doCall(VerifyTextNotPresentKeyword.groovy:77)
	at com.kms.katalon.core.webui.keyword.builtin.VerifyTextNotPresentKeyword$_verifyTextNotPresent_closure1.call(VerifyTextNotPresentKeyword.groovy)
	at com.kms.katalon.core.webui.keyword.internal.WebUIKeywordMain.runKeyword(WebUIKeywordMain.groovy:20)
	at com.kms.katalon.core.webui.keyword.builtin.VerifyTextNotPresentKeyword.verifyTextNotPresent(VerifyTextNotPresentKeyword.groovy:82)
	at com.kms.katalon.core.webui.keyword.builtin.VerifyTextNotPresentKeyword.execute(VerifyTextNotPresentKeyword.groovy:68)
	at com.kms.katalon.core.keyword.internal.KeywordExecutor.executeKeywordForPlatform(KeywordExecutor.groovy:72)
	at com.kms.katalon.core.webui.keyword.WebUiBuiltInKeywords.verifyTextNotPresent(WebUiBuiltInKeywords.groovy:1736)
	at com.kms.katalon.core.webui.keyword.WebUiBuiltInKeywords$verifyTextNotPresent$7.call(Unknown Source)
	at Login_Negatif.run(Login_Negatif:58)
	at com.kms.katalon.core.main.ScriptEngine.run(ScriptEngine.java:194)
	at com.kms.katalon.core.main.ScriptEngine.runScriptAsRawText(ScriptEngine.java:119)
	at com.kms.katalon.core.main.TestCaseExecutor.runScript(TestCaseExecutor.java:337)
	at com.kms.katalon.core.main.TestCaseExecutor.doExecute(TestCaseExecutor.java:328)
	at com.kms.katalon.core.main.TestCaseExecutor.processExecutionPhase(TestCaseExecutor.java:307)
	at com.kms.katalon.core.main.TestCaseExecutor.accessMainPhase(TestCaseExecutor.java:299)
	at com.kms.katalon.core.main.TestCaseExecutor.execute(TestCaseExecutor.java:233)
	at com.kms.katalon.core.main.TestSuiteExecutor.accessTestCaseMainPhase(TestSuiteExecutor.java:169)
	at com.kms.katalon.core.main.TestSuiteExecutor.accessTestSuiteMainPhase(TestSuiteExecutor.java:142)
	at com.kms.katalon.core.main.TestSuiteExecutor.execute(TestSuiteExecutor.java:91)
	at com.kms.katalon.core.main.TestCaseMain.startTestSuite(TestCaseMain.java:157)
	at com.kms.katalon.core.main.TestCaseMain$startTestSuite$0.call(Unknown Source)
	at TempTestSuite1594283652823.run(TempTestSuite1594283652823.groovy:37)
)

2020-07-09 15:36:38 - [MESSAGE][FAILED] - Text 'Password salah' is present on page  (Root cause: com.kms.katalon.core.exception.StepFailedException: Text 'Password salah' is present on page 
	at com.kms.katalon.core.webui.keyword.internal.WebUIKeywordMain.stepFailed(WebUIKeywordMain.groovy:64)
	at com.kms.katalon.core.webui.keyword.builtin.VerifyTextNotPresentKeyword$_verifyTextNotPresent_closure1.doCall(VerifyTextNotPresentKeyword.groovy:77)
	at com.kms.katalon.core.webui.keyword.builtin.VerifyTextNotPresentKeyword$_verifyTextNotPresent_closure1.call(VerifyTextNotPresentKeyword.groovy)
	at com.kms.katalon.core.webui.keyword.internal.WebUIKeywordMain.runKeyword(WebUIKeywordMain.groovy:20)
	at com.kms.katalon.core.webui.keyword.builtin.VerifyTextNotPresentKeyword.verifyTextNotPresent(VerifyTextNotPresentKeyword.groovy:82)
	at com.kms.katalon.core.webui.keyword.builtin.VerifyTextNotPresentKeyword.execute(VerifyTextNotPresentKeyword.groovy:68)
	at com.kms.katalon.core.keyword.internal.KeywordExecutor.executeKeywordForPlatform(KeywordExecutor.groovy:72)
	at com.kms.katalon.core.webui.keyword.WebUiBuiltInKeywords.verifyTextNotPresent(WebUiBuiltInKeywords.groovy:1736)
	at com.kms.katalon.core.webui.keyword.WebUiBuiltInKeywords$verifyTextNotPresent$7.call(Unknown Source)
	at Login_Negatif.run(Login_Negatif:58)
	at com.kms.katalon.core.main.ScriptEngine.run(ScriptEngine.java:194)
	at com.kms.katalon.core.main.ScriptEngine.runScriptAsRawText(ScriptEngine.java:119)
	at com.kms.katalon.core.main.TestCaseExecutor.runScript(TestCaseExecutor.java:337)
	at com.kms.katalon.core.main.TestCaseExecutor.doExecute(TestCaseExecutor.java:328)
	at com.kms.katalon.core.main.TestCaseExecutor.processExecutionPhase(TestCaseExecutor.java:307)
	at com.kms.katalon.core.main.TestCaseExecutor.accessMainPhase(TestCaseExecutor.java:299)
	at com.kms.katalon.core.main.TestCaseExecutor.execute(TestCaseExecutor.java:233)
	at com.kms.katalon.core.main.TestSuiteExecutor.accessTestCaseMainPhase(TestSuiteExecutor.java:169)
	at com.kms.katalon.core.main.TestSuiteExecutor.accessTestSuiteMainPhase(TestSuiteExecutor.java:142)
	at com.kms.katalon.core.main.TestSuiteExecutor.execute(TestSuiteExecutor.java:91)
	at com.kms.katalon.core.main.TestCaseMain.startTestSuite(TestCaseMain.java:157)
	at com.kms.katalon.core.main.TestCaseMain$startTestSuite$0.call(Unknown Source)
	at TempTestSuite1594283652823.run(TempTestSuite1594283652823.groovy:37)
)

2020-07-09 15:36:38 - [TEST_STEP][PASSED] - delay(2): Delayed 2 second(s)

2020-07-09 15:36:40 - [MESSAGE][PASSED] - Delayed 2 second(s)

2020-07-09 15:36:40 - [TEST_STEP][PASSED] - refresh(): Refresh successfully

2020-07-09 15:36:40 - [MESSAGE][PASSED] - Refresh successfully

2020-07-09 15:36:40 - [TEST_STEP][PASSED] - setText(findTestObject("Login/Login Negatif/Page_Login  IDPhotobook/input_Yuuk Login ke IDPhotobookcom_mat-input-0"), findTestData("Login/Login_Negatif").getValue("Email", rowNum)): Text 'indraww89@gmail.com' is set on object 'Object Repository/Login/Login Negatif/Page_Login  IDPhotobook/input_Yuuk Login ke IDPhotobookcom_mat-input-0'

2020-07-09 15:36:41 - [MESSAGE][PASSED] - Text 'indraww89@gmail.com' is set on object 'Object Repository/Login/Login Negatif/Page_Login  IDPhotobook/input_Yuuk Login ke IDPhotobookcom_mat-input-0'

2020-07-09 15:36:41 - [TEST_STEP][PASSED] - setText(findTestObject("Login/Login Negatif/Page_Login  IDPhotobook/input_Nomor Whatsapp  Email_mat-input-1"), findTestData("Login/Login_Negatif").getValue("Password", rowNum)): Text 'indrawanEmail' is set on object 'Object Repository/Login/Login Negatif/Page_Login  IDPhotobook/input_Nomor Whatsapp  Email_mat-input-1'

2020-07-09 15:36:42 - [MESSAGE][PASSED] - Text 'indrawanEmail' is set on object 'Object Repository/Login/Login Negatif/Page_Login  IDPhotobook/input_Nomor Whatsapp  Email_mat-input-1'

2020-07-09 15:36:42 - [TEST_STEP][PASSED] - callTestCase(findTestCase("Services/SVC_Get Capture"), null, STOP_ON_FAILURE): Call Test Case 'Test Cases/Services/SVC_Get Capture' successfully

2020-07-09 15:36:42 - [TEST_CASE][PASSED] - Test Cases/Services/SVC_Get Capture: Test Cases/Services/SVC_Get Capture

2020-07-09 15:36:42 - [TEST_STEP][PASSED] - delay(TimeDelay): Delayed 1 second(s)

2020-07-09 15:36:43 - [MESSAGE][PASSED] - Delayed 1 second(s)

2020-07-09 15:36:43 - [TEST_STEP][PASSED] - GetPath = SetPathCapture: null

2020-07-09 15:36:43 - [TEST_STEP][PASSED] - GetPathData = GetPath + "\" + SetTestScriptID: null

2020-07-09 15:36:43 - [TEST_STEP][PASSED] - SetPath = Paths.get(GetPathData): null

2020-07-09 15:36:43 - [TEST_STEP][PASSED] - if (Files.notExists(SetPath)): null

2020-07-09 15:36:43 - [TEST_STEP][PASSED] - today = new java.util.Date(): null

2020-07-09 15:36:43 - [TEST_STEP][PASSED] - CapturePath = SetPath: null

2020-07-09 15:36:43 - [TEST_STEP][PASSED] - GetSubCapture = CapturePath: null

2020-07-09 15:36:43 - [TEST_STEP][PASSED] - CapturePath += "\": null

2020-07-09 15:36:43 - [TEST_STEP][PASSED] - if (VerifyCheck == true): null

2020-07-09 15:36:43 - [TEST_STEP][PASSED] - else if (VerifyCheck == false): Taking screenshot successfully

2020-07-09 15:36:43 - [TEST_STEP][PASSED] - takeScreenshot(CapturePath + today.format("ddMMyy") + today.format("hhmmss") + "_" + SetTestScriptID + "_Failed.png"): Taking screenshot successfully

2020-07-09 15:36:44 - [MESSAGE][PASSED] - Taking screenshot successfully
[[ATTACHMENT|D:\\Test IPB\\Result\\IDPhotoBooks\\Run_4\\Login_Negatif_8\\090720033643_Login_Negatif_8_Failed.png]]

2020-07-09 15:36:44 - [MESSAGE][PASSED] - Call Test Case 'Test Cases/Services/SVC_Get Capture' successfully

2020-07-09 15:36:44 - [TEST_STEP][PASSED] - click(findTestObject("Login/Login Negatif/Page_Login  IDPhotobook/button_Masuk Sekarang")): Object: 'Object Repository/Login/Login Negatif/Page_Login  IDPhotobook/button_Masuk Sekarang' is clicked on

2020-07-09 15:36:44 - [MESSAGE][PASSED] - Object: 'Object Repository/Login/Login Negatif/Page_Login  IDPhotobook/button_Masuk Sekarang' is clicked on

2020-07-09 15:36:44 - [TEST_STEP][PASSED] - delay(1): Delayed 1 second(s)

2020-07-09 15:36:45 - [MESSAGE][PASSED] - Delayed 1 second(s)

2020-07-09 15:36:45 - [TEST_STEP][PASSED] - callTestCase(findTestCase("Services/SVC_Get Capture"), null, STOP_ON_FAILURE): Call Test Case 'Test Cases/Services/SVC_Get Capture' successfully

2020-07-09 15:36:45 - [TEST_CASE][PASSED] - Test Cases/Services/SVC_Get Capture: Test Cases/Services/SVC_Get Capture

2020-07-09 15:36:45 - [TEST_STEP][PASSED] - delay(TimeDelay): Delayed 1 second(s)

2020-07-09 15:36:46 - [MESSAGE][PASSED] - Delayed 1 second(s)

2020-07-09 15:36:46 - [TEST_STEP][PASSED] - GetPath = SetPathCapture: null

2020-07-09 15:36:46 - [TEST_STEP][PASSED] - GetPathData = GetPath + "\" + SetTestScriptID: null

2020-07-09 15:36:46 - [TEST_STEP][PASSED] - SetPath = Paths.get(GetPathData): null

2020-07-09 15:36:46 - [TEST_STEP][PASSED] - if (Files.notExists(SetPath)): null

2020-07-09 15:36:46 - [TEST_STEP][PASSED] - today = new java.util.Date(): null

2020-07-09 15:36:46 - [TEST_STEP][PASSED] - CapturePath = SetPath: null

2020-07-09 15:36:46 - [TEST_STEP][PASSED] - GetSubCapture = CapturePath: null

2020-07-09 15:36:46 - [TEST_STEP][PASSED] - CapturePath += "\": null

2020-07-09 15:36:46 - [TEST_STEP][PASSED] - if (VerifyCheck == true): null

2020-07-09 15:36:46 - [TEST_STEP][PASSED] - else if (VerifyCheck == false): Taking screenshot successfully

2020-07-09 15:36:46 - [TEST_STEP][PASSED] - takeScreenshot(CapturePath + today.format("ddMMyy") + today.format("hhmmss") + "_" + SetTestScriptID + "_Failed.png"): Taking screenshot successfully

2020-07-09 15:36:47 - [MESSAGE][PASSED] - Taking screenshot successfully
[[ATTACHMENT|D:\\Test IPB\\Result\\IDPhotoBooks\\Run_4\\Login_Negatif_8\\090720033646_Login_Negatif_8_Failed.png]]

2020-07-09 15:36:47 - [MESSAGE][PASSED] - Call Test Case 'Test Cases/Services/SVC_Get Capture' successfully

2020-07-09 15:36:47 - [TEST_STEP][PASSED] - VerifyCheck = verifyTextNotPresent("No. Whatsapp / Email tidak ditemukan", false, CONTINUE_ON_FAILURE): Text 'No. Whatsapp / Email tidak ditemukan' is not present on page

2020-07-09 15:36:47 - [MESSAGE][PASSED] - Text 'No. Whatsapp / Email tidak ditemukan' is not present on page

2020-07-09 15:36:47 - [TEST_STEP][FAILED] - VerifyCheck = verifyTextNotPresent("Password salah", false, CONTINUE_ON_FAILURE): Text 'Password salah' is present on page  (Root cause: com.kms.katalon.core.exception.StepFailedException: Text 'Password salah' is present on page 
	at com.kms.katalon.core.webui.keyword.internal.WebUIKeywordMain.stepFailed(WebUIKeywordMain.groovy:64)
	at com.kms.katalon.core.webui.keyword.builtin.VerifyTextNotPresentKeyword$_verifyTextNotPresent_closure1.doCall(VerifyTextNotPresentKeyword.groovy:77)
	at com.kms.katalon.core.webui.keyword.builtin.VerifyTextNotPresentKeyword$_verifyTextNotPresent_closure1.call(VerifyTextNotPresentKeyword.groovy)
	at com.kms.katalon.core.webui.keyword.internal.WebUIKeywordMain.runKeyword(WebUIKeywordMain.groovy:20)
	at com.kms.katalon.core.webui.keyword.builtin.VerifyTextNotPresentKeyword.verifyTextNotPresent(VerifyTextNotPresentKeyword.groovy:82)
	at com.kms.katalon.core.webui.keyword.builtin.VerifyTextNotPresentKeyword.execute(VerifyTextNotPresentKeyword.groovy:68)
	at com.kms.katalon.core.keyword.internal.KeywordExecutor.executeKeywordForPlatform(KeywordExecutor.groovy:72)
	at com.kms.katalon.core.webui.keyword.WebUiBuiltInKeywords.verifyTextNotPresent(WebUiBuiltInKeywords.groovy:1736)
	at com.kms.katalon.core.webui.keyword.WebUiBuiltInKeywords$verifyTextNotPresent$7.call(Unknown Source)
	at Login_Negatif.run(Login_Negatif:80)
	at com.kms.katalon.core.main.ScriptEngine.run(ScriptEngine.java:194)
	at com.kms.katalon.core.main.ScriptEngine.runScriptAsRawText(ScriptEngine.java:119)
	at com.kms.katalon.core.main.TestCaseExecutor.runScript(TestCaseExecutor.java:337)
	at com.kms.katalon.core.main.TestCaseExecutor.doExecute(TestCaseExecutor.java:328)
	at com.kms.katalon.core.main.TestCaseExecutor.processExecutionPhase(TestCaseExecutor.java:307)
	at com.kms.katalon.core.main.TestCaseExecutor.accessMainPhase(TestCaseExecutor.java:299)
	at com.kms.katalon.core.main.TestCaseExecutor.execute(TestCaseExecutor.java:233)
	at com.kms.katalon.core.main.TestSuiteExecutor.accessTestCaseMainPhase(TestSuiteExecutor.java:169)
	at com.kms.katalon.core.main.TestSuiteExecutor.accessTestSuiteMainPhase(TestSuiteExecutor.java:142)
	at com.kms.katalon.core.main.TestSuiteExecutor.execute(TestSuiteExecutor.java:91)
	at com.kms.katalon.core.main.TestCaseMain.startTestSuite(TestCaseMain.java:157)
	at com.kms.katalon.core.main.TestCaseMain$startTestSuite$0.call(Unknown Source)
	at TempTestSuite1594283652823.run(TempTestSuite1594283652823.groovy:37)
)

2020-07-09 15:36:47 - [MESSAGE][FAILED] - Text 'Password salah' is present on page  (Root cause: com.kms.katalon.core.exception.StepFailedException: Text 'Password salah' is present on page 
	at com.kms.katalon.core.webui.keyword.internal.WebUIKeywordMain.stepFailed(WebUIKeywordMain.groovy:64)
	at com.kms.katalon.core.webui.keyword.builtin.VerifyTextNotPresentKeyword$_verifyTextNotPresent_closure1.doCall(VerifyTextNotPresentKeyword.groovy:77)
	at com.kms.katalon.core.webui.keyword.builtin.VerifyTextNotPresentKeyword$_verifyTextNotPresent_closure1.call(VerifyTextNotPresentKeyword.groovy)
	at com.kms.katalon.core.webui.keyword.internal.WebUIKeywordMain.runKeyword(WebUIKeywordMain.groovy:20)
	at com.kms.katalon.core.webui.keyword.builtin.VerifyTextNotPresentKeyword.verifyTextNotPresent(VerifyTextNotPresentKeyword.groovy:82)
	at com.kms.katalon.core.webui.keyword.builtin.VerifyTextNotPresentKeyword.execute(VerifyTextNotPresentKeyword.groovy:68)
	at com.kms.katalon.core.keyword.internal.KeywordExecutor.executeKeywordForPlatform(KeywordExecutor.groovy:72)
	at com.kms.katalon.core.webui.keyword.WebUiBuiltInKeywords.verifyTextNotPresent(WebUiBuiltInKeywords.groovy:1736)
	at com.kms.katalon.core.webui.keyword.WebUiBuiltInKeywords$verifyTextNotPresent$7.call(Unknown Source)
	at Login_Negatif.run(Login_Negatif:80)
	at com.kms.katalon.core.main.ScriptEngine.run(ScriptEngine.java:194)
	at com.kms.katalon.core.main.ScriptEngine.runScriptAsRawText(ScriptEngine.java:119)
	at com.kms.katalon.core.main.TestCaseExecutor.runScript(TestCaseExecutor.java:337)
	at com.kms.katalon.core.main.TestCaseExecutor.doExecute(TestCaseExecutor.java:328)
	at com.kms.katalon.core.main.TestCaseExecutor.processExecutionPhase(TestCaseExecutor.java:307)
	at com.kms.katalon.core.main.TestCaseExecutor.accessMainPhase(TestCaseExecutor.java:299)
	at com.kms.katalon.core.main.TestCaseExecutor.execute(TestCaseExecutor.java:233)
	at com.kms.katalon.core.main.TestSuiteExecutor.accessTestCaseMainPhase(TestSuiteExecutor.java:169)
	at com.kms.katalon.core.main.TestSuiteExecutor.accessTestSuiteMainPhase(TestSuiteExecutor.java:142)
	at com.kms.katalon.core.main.TestSuiteExecutor.execute(TestSuiteExecutor.java:91)
	at com.kms.katalon.core.main.TestCaseMain.startTestSuite(TestCaseMain.java:157)
	at com.kms.katalon.core.main.TestCaseMain$startTestSuite$0.call(Unknown Source)
	at TempTestSuite1594283652823.run(TempTestSuite1594283652823.groovy:37)
)

2020-07-09 15:36:47 - [TEST_STEP][PASSED] - refresh(): Refresh successfully

2020-07-09 15:36:48 - [MESSAGE][PASSED] - Refresh successfully

2020-07-09 15:36:48 - [TEST_STEP][FAILED] - if (findTestData("Login/Login_Negatif").getValue("ACTIVE", rowNum) == "Y"): null

2020-07-09 15:36:48 - [TEST_STEP][PASSED] - SetTestScriptID = findTestData("Login/Login_Negatif").getValue("SCRIPT ID", rowNum): null

2020-07-09 15:36:48 - [TEST_STEP][PASSED] - delay(2): Delayed 2 second(s)

2020-07-09 15:36:50 - [MESSAGE][PASSED] - Delayed 2 second(s)

2020-07-09 15:36:50 - [TEST_STEP][PASSED] - refresh(): Refresh successfully

2020-07-09 15:36:50 - [MESSAGE][PASSED] - Refresh successfully

2020-07-09 15:36:50 - [TEST_STEP][PASSED] - callTestCase(findTestCase("Services/SVC_Get Capture"), null, STOP_ON_FAILURE): Call Test Case 'Test Cases/Services/SVC_Get Capture' successfully

2020-07-09 15:36:50 - [TEST_CASE][PASSED] - Test Cases/Services/SVC_Get Capture: Test Cases/Services/SVC_Get Capture

2020-07-09 15:36:50 - [TEST_STEP][PASSED] - delay(TimeDelay): Delayed 1 second(s)

2020-07-09 15:36:51 - [MESSAGE][PASSED] - Delayed 1 second(s)

2020-07-09 15:36:51 - [TEST_STEP][PASSED] - GetPath = SetPathCapture: null

2020-07-09 15:36:51 - [TEST_STEP][PASSED] - GetPathData = GetPath + "\" + SetTestScriptID: null

2020-07-09 15:36:51 - [TEST_STEP][PASSED] - SetPath = Paths.get(GetPathData): null

2020-07-09 15:36:51 - [TEST_STEP][PASSED] - if (Files.notExists(SetPath)): null

2020-07-09 15:36:51 - [TEST_STEP][PASSED] - try: null

2020-07-09 15:36:51 - [TEST_STEP][PASSED] - Files.createDirectories(SetPath): null

2020-07-09 15:36:51 - [TEST_STEP][PASSED] - today = new java.util.Date(): null

2020-07-09 15:36:51 - [TEST_STEP][PASSED] - CapturePath = SetPath: null

2020-07-09 15:36:51 - [TEST_STEP][PASSED] - GetSubCapture = CapturePath: null

2020-07-09 15:36:51 - [TEST_STEP][PASSED] - CapturePath += "\": null

2020-07-09 15:36:51 - [TEST_STEP][PASSED] - if (VerifyCheck == true): null

2020-07-09 15:36:51 - [TEST_STEP][PASSED] - else if (VerifyCheck == false): Taking screenshot successfully

2020-07-09 15:36:51 - [TEST_STEP][PASSED] - takeScreenshot(CapturePath + today.format("ddMMyy") + today.format("hhmmss") + "_" + SetTestScriptID + "_Failed.png"): Taking screenshot successfully

2020-07-09 15:36:52 - [MESSAGE][PASSED] - Taking screenshot successfully
[[ATTACHMENT|D:\\Test IPB\\Result\\IDPhotoBooks\\Run_4\\Login_Negatif_9\\090720033651_Login_Negatif_9_Failed.png]]

2020-07-09 15:36:52 - [MESSAGE][PASSED] - Call Test Case 'Test Cases/Services/SVC_Get Capture' successfully

2020-07-09 15:36:52 - [TEST_STEP][PASSED] - setText(findTestObject("Login/Login Negatif/Page_Login  IDPhotobook/input_Yuuk Login ke IDPhotobookcom_mat-input-0"), findTestData("Login/Login_Negatif").getValue("WhatsApp", rowNum)): Text '085721576989' is set on object 'Object Repository/Login/Login Negatif/Page_Login  IDPhotobook/input_Yuuk Login ke IDPhotobookcom_mat-input-0'

2020-07-09 15:36:53 - [MESSAGE][PASSED] - Text '085721576989' is set on object 'Object Repository/Login/Login Negatif/Page_Login  IDPhotobook/input_Yuuk Login ke IDPhotobookcom_mat-input-0'

2020-07-09 15:36:53 - [TEST_STEP][PASSED] - setText(findTestObject("Login/Login Negatif/Page_Login  IDPhotobook/input_Nomor Whatsapp  Email_mat-input-1"), findTestData("Login/Login_Negatif").getValue("Password", rowNum)): Text '081221212121' is set on object 'Object Repository/Login/Login Negatif/Page_Login  IDPhotobook/input_Nomor Whatsapp  Email_mat-input-1'

2020-07-09 15:36:53 - [MESSAGE][PASSED] - Text '081221212121' is set on object 'Object Repository/Login/Login Negatif/Page_Login  IDPhotobook/input_Nomor Whatsapp  Email_mat-input-1'

2020-07-09 15:36:53 - [TEST_STEP][PASSED] - callTestCase(findTestCase("Services/SVC_Get Capture"), null, STOP_ON_FAILURE): Call Test Case 'Test Cases/Services/SVC_Get Capture' successfully

2020-07-09 15:36:53 - [TEST_CASE][PASSED] - Test Cases/Services/SVC_Get Capture: Test Cases/Services/SVC_Get Capture

2020-07-09 15:36:53 - [TEST_STEP][PASSED] - delay(TimeDelay): Delayed 1 second(s)

2020-07-09 15:36:54 - [MESSAGE][PASSED] - Delayed 1 second(s)

2020-07-09 15:36:54 - [TEST_STEP][PASSED] - GetPath = SetPathCapture: null

2020-07-09 15:36:54 - [TEST_STEP][PASSED] - GetPathData = GetPath + "\" + SetTestScriptID: null

2020-07-09 15:36:54 - [TEST_STEP][PASSED] - SetPath = Paths.get(GetPathData): null

2020-07-09 15:36:54 - [TEST_STEP][PASSED] - if (Files.notExists(SetPath)): null

2020-07-09 15:36:54 - [TEST_STEP][PASSED] - today = new java.util.Date(): null

2020-07-09 15:36:54 - [TEST_STEP][PASSED] - CapturePath = SetPath: null

2020-07-09 15:36:54 - [TEST_STEP][PASSED] - GetSubCapture = CapturePath: null

2020-07-09 15:36:54 - [TEST_STEP][PASSED] - CapturePath += "\": null

2020-07-09 15:36:54 - [TEST_STEP][PASSED] - if (VerifyCheck == true): null

2020-07-09 15:36:54 - [TEST_STEP][PASSED] - else if (VerifyCheck == false): Taking screenshot successfully

2020-07-09 15:36:54 - [TEST_STEP][PASSED] - takeScreenshot(CapturePath + today.format("ddMMyy") + today.format("hhmmss") + "_" + SetTestScriptID + "_Failed.png"): Taking screenshot successfully

2020-07-09 15:36:55 - [MESSAGE][PASSED] - Taking screenshot successfully
[[ATTACHMENT|D:\\Test IPB\\Result\\IDPhotoBooks\\Run_4\\Login_Negatif_9\\090720033654_Login_Negatif_9_Failed.png]]

2020-07-09 15:36:55 - [MESSAGE][PASSED] - Call Test Case 'Test Cases/Services/SVC_Get Capture' successfully

2020-07-09 15:36:55 - [TEST_STEP][PASSED] - click(findTestObject("Login/Login Negatif/Page_Login  IDPhotobook/button_Masuk Sekarang")): Object: 'Object Repository/Login/Login Negatif/Page_Login  IDPhotobook/button_Masuk Sekarang' is clicked on

2020-07-09 15:36:55 - [MESSAGE][PASSED] - Object: 'Object Repository/Login/Login Negatif/Page_Login  IDPhotobook/button_Masuk Sekarang' is clicked on

2020-07-09 15:36:55 - [TEST_STEP][PASSED] - delay(1): Delayed 1 second(s)

2020-07-09 15:36:56 - [MESSAGE][PASSED] - Delayed 1 second(s)

2020-07-09 15:36:56 - [TEST_STEP][PASSED] - callTestCase(findTestCase("Services/SVC_Get Capture"), null, STOP_ON_FAILURE): Call Test Case 'Test Cases/Services/SVC_Get Capture' successfully

2020-07-09 15:36:56 - [TEST_CASE][PASSED] - Test Cases/Services/SVC_Get Capture: Test Cases/Services/SVC_Get Capture

2020-07-09 15:36:56 - [TEST_STEP][PASSED] - delay(TimeDelay): Delayed 1 second(s)

2020-07-09 15:36:57 - [MESSAGE][PASSED] - Delayed 1 second(s)

2020-07-09 15:36:57 - [TEST_STEP][PASSED] - GetPath = SetPathCapture: null

2020-07-09 15:36:57 - [TEST_STEP][PASSED] - GetPathData = GetPath + "\" + SetTestScriptID: null

2020-07-09 15:36:57 - [TEST_STEP][PASSED] - SetPath = Paths.get(GetPathData): null

2020-07-09 15:36:57 - [TEST_STEP][PASSED] - if (Files.notExists(SetPath)): null

2020-07-09 15:36:57 - [TEST_STEP][PASSED] - today = new java.util.Date(): null

2020-07-09 15:36:57 - [TEST_STEP][PASSED] - CapturePath = SetPath: null

2020-07-09 15:36:57 - [TEST_STEP][PASSED] - GetSubCapture = CapturePath: null

2020-07-09 15:36:57 - [TEST_STEP][PASSED] - CapturePath += "\": null

2020-07-09 15:36:57 - [TEST_STEP][PASSED] - if (VerifyCheck == true): null

2020-07-09 15:36:57 - [TEST_STEP][PASSED] - else if (VerifyCheck == false): Taking screenshot successfully

2020-07-09 15:36:57 - [TEST_STEP][PASSED] - takeScreenshot(CapturePath + today.format("ddMMyy") + today.format("hhmmss") + "_" + SetTestScriptID + "_Failed.png"): Taking screenshot successfully

2020-07-09 15:36:58 - [MESSAGE][PASSED] - Taking screenshot successfully
[[ATTACHMENT|D:\\Test IPB\\Result\\IDPhotoBooks\\Run_4\\Login_Negatif_9\\090720033657_Login_Negatif_9_Failed.png]]

2020-07-09 15:36:58 - [MESSAGE][PASSED] - Call Test Case 'Test Cases/Services/SVC_Get Capture' successfully

2020-07-09 15:36:58 - [TEST_STEP][PASSED] - VerifyCheck = verifyTextNotPresent("No. Whatsapp / Email tidak ditemukan", false, CONTINUE_ON_FAILURE): Text 'No. Whatsapp / Email tidak ditemukan' is not present on page

2020-07-09 15:36:58 - [MESSAGE][PASSED] - Text 'No. Whatsapp / Email tidak ditemukan' is not present on page

2020-07-09 15:36:58 - [TEST_STEP][FAILED] - VerifyCheck = verifyTextNotPresent("Password salah", false, CONTINUE_ON_FAILURE): Text 'Password salah' is present on page  (Root cause: com.kms.katalon.core.exception.StepFailedException: Text 'Password salah' is present on page 
	at com.kms.katalon.core.webui.keyword.internal.WebUIKeywordMain.stepFailed(WebUIKeywordMain.groovy:64)
	at com.kms.katalon.core.webui.keyword.builtin.VerifyTextNotPresentKeyword$_verifyTextNotPresent_closure1.doCall(VerifyTextNotPresentKeyword.groovy:77)
	at com.kms.katalon.core.webui.keyword.builtin.VerifyTextNotPresentKeyword$_verifyTextNotPresent_closure1.call(VerifyTextNotPresentKeyword.groovy)
	at com.kms.katalon.core.webui.keyword.internal.WebUIKeywordMain.runKeyword(WebUIKeywordMain.groovy:20)
	at com.kms.katalon.core.webui.keyword.builtin.VerifyTextNotPresentKeyword.verifyTextNotPresent(VerifyTextNotPresentKeyword.groovy:82)
	at com.kms.katalon.core.webui.keyword.builtin.VerifyTextNotPresentKeyword.execute(VerifyTextNotPresentKeyword.groovy:68)
	at com.kms.katalon.core.keyword.internal.KeywordExecutor.executeKeywordForPlatform(KeywordExecutor.groovy:72)
	at com.kms.katalon.core.webui.keyword.WebUiBuiltInKeywords.verifyTextNotPresent(WebUiBuiltInKeywords.groovy:1736)
	at com.kms.katalon.core.webui.keyword.WebUiBuiltInKeywords$verifyTextNotPresent$7.call(Unknown Source)
	at Login_Negatif.run(Login_Negatif:58)
	at com.kms.katalon.core.main.ScriptEngine.run(ScriptEngine.java:194)
	at com.kms.katalon.core.main.ScriptEngine.runScriptAsRawText(ScriptEngine.java:119)
	at com.kms.katalon.core.main.TestCaseExecutor.runScript(TestCaseExecutor.java:337)
	at com.kms.katalon.core.main.TestCaseExecutor.doExecute(TestCaseExecutor.java:328)
	at com.kms.katalon.core.main.TestCaseExecutor.processExecutionPhase(TestCaseExecutor.java:307)
	at com.kms.katalon.core.main.TestCaseExecutor.accessMainPhase(TestCaseExecutor.java:299)
	at com.kms.katalon.core.main.TestCaseExecutor.execute(TestCaseExecutor.java:233)
	at com.kms.katalon.core.main.TestSuiteExecutor.accessTestCaseMainPhase(TestSuiteExecutor.java:169)
	at com.kms.katalon.core.main.TestSuiteExecutor.accessTestSuiteMainPhase(TestSuiteExecutor.java:142)
	at com.kms.katalon.core.main.TestSuiteExecutor.execute(TestSuiteExecutor.java:91)
	at com.kms.katalon.core.main.TestCaseMain.startTestSuite(TestCaseMain.java:157)
	at com.kms.katalon.core.main.TestCaseMain$startTestSuite$0.call(Unknown Source)
	at TempTestSuite1594283652823.run(TempTestSuite1594283652823.groovy:37)
)

2020-07-09 15:36:59 - [MESSAGE][FAILED] - Text 'Password salah' is present on page  (Root cause: com.kms.katalon.core.exception.StepFailedException: Text 'Password salah' is present on page 
	at com.kms.katalon.core.webui.keyword.internal.WebUIKeywordMain.stepFailed(WebUIKeywordMain.groovy:64)
	at com.kms.katalon.core.webui.keyword.builtin.VerifyTextNotPresentKeyword$_verifyTextNotPresent_closure1.doCall(VerifyTextNotPresentKeyword.groovy:77)
	at com.kms.katalon.core.webui.keyword.builtin.VerifyTextNotPresentKeyword$_verifyTextNotPresent_closure1.call(VerifyTextNotPresentKeyword.groovy)
	at com.kms.katalon.core.webui.keyword.internal.WebUIKeywordMain.runKeyword(WebUIKeywordMain.groovy:20)
	at com.kms.katalon.core.webui.keyword.builtin.VerifyTextNotPresentKeyword.verifyTextNotPresent(VerifyTextNotPresentKeyword.groovy:82)
	at com.kms.katalon.core.webui.keyword.builtin.VerifyTextNotPresentKeyword.execute(VerifyTextNotPresentKeyword.groovy:68)
	at com.kms.katalon.core.keyword.internal.KeywordExecutor.executeKeywordForPlatform(KeywordExecutor.groovy:72)
	at com.kms.katalon.core.webui.keyword.WebUiBuiltInKeywords.verifyTextNotPresent(WebUiBuiltInKeywords.groovy:1736)
	at com.kms.katalon.core.webui.keyword.WebUiBuiltInKeywords$verifyTextNotPresent$7.call(Unknown Source)
	at Login_Negatif.run(Login_Negatif:58)
	at com.kms.katalon.core.main.ScriptEngine.run(ScriptEngine.java:194)
	at com.kms.katalon.core.main.ScriptEngine.runScriptAsRawText(ScriptEngine.java:119)
	at com.kms.katalon.core.main.TestCaseExecutor.runScript(TestCaseExecutor.java:337)
	at com.kms.katalon.core.main.TestCaseExecutor.doExecute(TestCaseExecutor.java:328)
	at com.kms.katalon.core.main.TestCaseExecutor.processExecutionPhase(TestCaseExecutor.java:307)
	at com.kms.katalon.core.main.TestCaseExecutor.accessMainPhase(TestCaseExecutor.java:299)
	at com.kms.katalon.core.main.TestCaseExecutor.execute(TestCaseExecutor.java:233)
	at com.kms.katalon.core.main.TestSuiteExecutor.accessTestCaseMainPhase(TestSuiteExecutor.java:169)
	at com.kms.katalon.core.main.TestSuiteExecutor.accessTestSuiteMainPhase(TestSuiteExecutor.java:142)
	at com.kms.katalon.core.main.TestSuiteExecutor.execute(TestSuiteExecutor.java:91)
	at com.kms.katalon.core.main.TestCaseMain.startTestSuite(TestCaseMain.java:157)
	at com.kms.katalon.core.main.TestCaseMain$startTestSuite$0.call(Unknown Source)
	at TempTestSuite1594283652823.run(TempTestSuite1594283652823.groovy:37)
)

2020-07-09 15:36:59 - [TEST_STEP][PASSED] - delay(2): Delayed 2 second(s)

2020-07-09 15:37:01 - [MESSAGE][PASSED] - Delayed 2 second(s)

2020-07-09 15:37:01 - [TEST_STEP][PASSED] - refresh(): Refresh successfully

2020-07-09 15:37:01 - [MESSAGE][PASSED] - Refresh successfully

2020-07-09 15:37:01 - [TEST_STEP][PASSED] - setText(findTestObject("Login/Login Negatif/Page_Login  IDPhotobook/input_Yuuk Login ke IDPhotobookcom_mat-input-0"), findTestData("Login/Login_Negatif").getValue("Email", rowNum)): Text 'indraww89@gmail.com' is set on object 'Object Repository/Login/Login Negatif/Page_Login  IDPhotobook/input_Yuuk Login ke IDPhotobookcom_mat-input-0'

2020-07-09 15:37:02 - [MESSAGE][PASSED] - Text 'indraww89@gmail.com' is set on object 'Object Repository/Login/Login Negatif/Page_Login  IDPhotobook/input_Yuuk Login ke IDPhotobookcom_mat-input-0'

2020-07-09 15:37:02 - [TEST_STEP][PASSED] - setText(findTestObject("Login/Login Negatif/Page_Login  IDPhotobook/input_Nomor Whatsapp  Email_mat-input-1"), findTestData("Login/Login_Negatif").getValue("Password", rowNum)): Text '081221212121' is set on object 'Object Repository/Login/Login Negatif/Page_Login  IDPhotobook/input_Nomor Whatsapp  Email_mat-input-1'

2020-07-09 15:37:03 - [MESSAGE][PASSED] - Text '081221212121' is set on object 'Object Repository/Login/Login Negatif/Page_Login  IDPhotobook/input_Nomor Whatsapp  Email_mat-input-1'

2020-07-09 15:37:03 - [TEST_STEP][PASSED] - callTestCase(findTestCase("Services/SVC_Get Capture"), null, STOP_ON_FAILURE): Call Test Case 'Test Cases/Services/SVC_Get Capture' successfully

2020-07-09 15:37:03 - [TEST_CASE][PASSED] - Test Cases/Services/SVC_Get Capture: Test Cases/Services/SVC_Get Capture

2020-07-09 15:37:03 - [TEST_STEP][PASSED] - delay(TimeDelay): Delayed 1 second(s)

2020-07-09 15:37:04 - [MESSAGE][PASSED] - Delayed 1 second(s)

2020-07-09 15:37:04 - [TEST_STEP][PASSED] - GetPath = SetPathCapture: null

2020-07-09 15:37:04 - [TEST_STEP][PASSED] - GetPathData = GetPath + "\" + SetTestScriptID: null

2020-07-09 15:37:04 - [TEST_STEP][PASSED] - SetPath = Paths.get(GetPathData): null

2020-07-09 15:37:04 - [TEST_STEP][PASSED] - if (Files.notExists(SetPath)): null

2020-07-09 15:37:04 - [TEST_STEP][PASSED] - today = new java.util.Date(): null

2020-07-09 15:37:04 - [TEST_STEP][PASSED] - CapturePath = SetPath: null

2020-07-09 15:37:04 - [TEST_STEP][PASSED] - GetSubCapture = CapturePath: null

2020-07-09 15:37:04 - [TEST_STEP][PASSED] - CapturePath += "\": null

2020-07-09 15:37:04 - [TEST_STEP][PASSED] - if (VerifyCheck == true): null

2020-07-09 15:37:04 - [TEST_STEP][PASSED] - else if (VerifyCheck == false): Taking screenshot successfully

2020-07-09 15:37:04 - [TEST_STEP][PASSED] - takeScreenshot(CapturePath + today.format("ddMMyy") + today.format("hhmmss") + "_" + SetTestScriptID + "_Failed.png"): Taking screenshot successfully

2020-07-09 15:37:05 - [MESSAGE][PASSED] - Taking screenshot successfully
[[ATTACHMENT|D:\\Test IPB\\Result\\IDPhotoBooks\\Run_4\\Login_Negatif_9\\090720033704_Login_Negatif_9_Failed.png]]

2020-07-09 15:37:05 - [MESSAGE][PASSED] - Call Test Case 'Test Cases/Services/SVC_Get Capture' successfully

2020-07-09 15:37:05 - [TEST_STEP][PASSED] - click(findTestObject("Login/Login Negatif/Page_Login  IDPhotobook/button_Masuk Sekarang")): Object: 'Object Repository/Login/Login Negatif/Page_Login  IDPhotobook/button_Masuk Sekarang' is clicked on

2020-07-09 15:37:05 - [MESSAGE][PASSED] - Object: 'Object Repository/Login/Login Negatif/Page_Login  IDPhotobook/button_Masuk Sekarang' is clicked on

2020-07-09 15:37:05 - [TEST_STEP][PASSED] - delay(1): Delayed 1 second(s)

2020-07-09 15:37:06 - [MESSAGE][PASSED] - Delayed 1 second(s)

2020-07-09 15:37:06 - [TEST_STEP][PASSED] - callTestCase(findTestCase("Services/SVC_Get Capture"), null, STOP_ON_FAILURE): Call Test Case 'Test Cases/Services/SVC_Get Capture' successfully

2020-07-09 15:37:06 - [TEST_CASE][PASSED] - Test Cases/Services/SVC_Get Capture: Test Cases/Services/SVC_Get Capture

2020-07-09 15:37:06 - [TEST_STEP][PASSED] - delay(TimeDelay): Delayed 1 second(s)

2020-07-09 15:37:07 - [MESSAGE][PASSED] - Delayed 1 second(s)

2020-07-09 15:37:07 - [TEST_STEP][PASSED] - GetPath = SetPathCapture: null

2020-07-09 15:37:07 - [TEST_STEP][PASSED] - GetPathData = GetPath + "\" + SetTestScriptID: null

2020-07-09 15:37:07 - [TEST_STEP][PASSED] - SetPath = Paths.get(GetPathData): null

2020-07-09 15:37:07 - [TEST_STEP][PASSED] - if (Files.notExists(SetPath)): null

2020-07-09 15:37:07 - [TEST_STEP][PASSED] - today = new java.util.Date(): null

2020-07-09 15:37:07 - [TEST_STEP][PASSED] - CapturePath = SetPath: null

2020-07-09 15:37:07 - [TEST_STEP][PASSED] - GetSubCapture = CapturePath: null

2020-07-09 15:37:07 - [TEST_STEP][PASSED] - CapturePath += "\": null

2020-07-09 15:37:07 - [TEST_STEP][PASSED] - if (VerifyCheck == true): null

2020-07-09 15:37:07 - [TEST_STEP][PASSED] - else if (VerifyCheck == false): Taking screenshot successfully

2020-07-09 15:37:07 - [TEST_STEP][PASSED] - takeScreenshot(CapturePath + today.format("ddMMyy") + today.format("hhmmss") + "_" + SetTestScriptID + "_Failed.png"): Taking screenshot successfully

2020-07-09 15:37:07 - [MESSAGE][PASSED] - Taking screenshot successfully
[[ATTACHMENT|D:\\Test IPB\\Result\\IDPhotoBooks\\Run_4\\Login_Negatif_9\\090720033707_Login_Negatif_9_Failed.png]]

2020-07-09 15:37:07 - [MESSAGE][PASSED] - Call Test Case 'Test Cases/Services/SVC_Get Capture' successfully

2020-07-09 15:37:07 - [TEST_STEP][PASSED] - VerifyCheck = verifyTextNotPresent("No. Whatsapp / Email tidak ditemukan", false, CONTINUE_ON_FAILURE): Text 'No. Whatsapp / Email tidak ditemukan' is not present on page

2020-07-09 15:37:08 - [MESSAGE][PASSED] - Text 'No. Whatsapp / Email tidak ditemukan' is not present on page

2020-07-09 15:37:08 - [TEST_STEP][PASSED] - VerifyCheck = verifyTextNotPresent("Password salah", false, CONTINUE_ON_FAILURE): Text 'Password salah' is not present on page

2020-07-09 15:37:08 - [MESSAGE][PASSED] - Text 'Password salah' is not present on page

2020-07-09 15:37:08 - [TEST_STEP][PASSED] - refresh(): Refresh successfully

2020-07-09 15:37:09 - [MESSAGE][PASSED] - Refresh successfully

2020-07-09 15:37:09 - [TEST_STEP][FAILED] - if (findTestData("Login/Login_Negatif").getValue("ACTIVE", rowNum) == "Y"): null

2020-07-09 15:37:09 - [TEST_STEP][PASSED] - SetTestScriptID = findTestData("Login/Login_Negatif").getValue("SCRIPT ID", rowNum): null

2020-07-09 15:37:09 - [TEST_STEP][PASSED] - delay(2): Delayed 2 second(s)

2020-07-09 15:37:11 - [MESSAGE][PASSED] - Delayed 2 second(s)

2020-07-09 15:37:11 - [TEST_STEP][PASSED] - refresh(): Refresh successfully

2020-07-09 15:37:12 - [MESSAGE][PASSED] - Refresh successfully

2020-07-09 15:37:12 - [TEST_STEP][PASSED] - callTestCase(findTestCase("Services/SVC_Get Capture"), null, STOP_ON_FAILURE): Call Test Case 'Test Cases/Services/SVC_Get Capture' successfully

2020-07-09 15:37:12 - [TEST_CASE][PASSED] - Test Cases/Services/SVC_Get Capture: Test Cases/Services/SVC_Get Capture

2020-07-09 15:37:12 - [TEST_STEP][PASSED] - delay(TimeDelay): Delayed 1 second(s)

2020-07-09 15:37:13 - [MESSAGE][PASSED] - Delayed 1 second(s)

2020-07-09 15:37:13 - [TEST_STEP][PASSED] - GetPath = SetPathCapture: null

2020-07-09 15:37:13 - [TEST_STEP][PASSED] - GetPathData = GetPath + "\" + SetTestScriptID: null

2020-07-09 15:37:13 - [TEST_STEP][PASSED] - SetPath = Paths.get(GetPathData): null

2020-07-09 15:37:13 - [TEST_STEP][PASSED] - if (Files.notExists(SetPath)): null

2020-07-09 15:37:13 - [TEST_STEP][PASSED] - try: null

2020-07-09 15:37:13 - [TEST_STEP][PASSED] - Files.createDirectories(SetPath): null

2020-07-09 15:37:13 - [TEST_STEP][PASSED] - today = new java.util.Date(): null

2020-07-09 15:37:13 - [TEST_STEP][PASSED] - CapturePath = SetPath: null

2020-07-09 15:37:13 - [TEST_STEP][PASSED] - GetSubCapture = CapturePath: null

2020-07-09 15:37:13 - [TEST_STEP][PASSED] - CapturePath += "\": null

2020-07-09 15:37:13 - [TEST_STEP][PASSED] - if (VerifyCheck == true): Taking screenshot successfully

2020-07-09 15:37:13 - [TEST_STEP][PASSED] - takeScreenshot(CapturePath + today.format("ddMMyy") + today.format("hhmmss") + "_" + SetTestScriptID + ".png"): Taking screenshot successfully

2020-07-09 15:37:13 - [MESSAGE][PASSED] - Taking screenshot successfully
[[ATTACHMENT|D:\\Test IPB\\Result\\IDPhotoBooks\\Run_4\\Login_Negatif_10\\090720033713_Login_Negatif_10.png]]

2020-07-09 15:37:13 - [MESSAGE][PASSED] - Call Test Case 'Test Cases/Services/SVC_Get Capture' successfully

2020-07-09 15:37:13 - [TEST_STEP][PASSED] - setText(findTestObject("Login/Login Negatif/Page_Login  IDPhotobook/input_Yuuk Login ke IDPhotobookcom_mat-input-0"), findTestData("Login/Login_Negatif").getValue("WhatsApp", rowNum)): Text '085721576989' is set on object 'Object Repository/Login/Login Negatif/Page_Login  IDPhotobook/input_Yuuk Login ke IDPhotobookcom_mat-input-0'

2020-07-09 15:37:14 - [MESSAGE][PASSED] - Text '085721576989' is set on object 'Object Repository/Login/Login Negatif/Page_Login  IDPhotobook/input_Yuuk Login ke IDPhotobookcom_mat-input-0'

2020-07-09 15:37:14 - [TEST_STEP][PASSED] - setText(findTestObject("Login/Login Negatif/Page_Login  IDPhotobook/input_Nomor Whatsapp  Email_mat-input-1"), findTestData("Login/Login_Negatif").getValue("Password", rowNum)): Text '!@#$%^&*()_+{}|' is set on object 'Object Repository/Login/Login Negatif/Page_Login  IDPhotobook/input_Nomor Whatsapp  Email_mat-input-1'

2020-07-09 15:37:15 - [MESSAGE][PASSED] - Text '!@#$%^&*()_+{}|' is set on object 'Object Repository/Login/Login Negatif/Page_Login  IDPhotobook/input_Nomor Whatsapp  Email_mat-input-1'

2020-07-09 15:37:15 - [TEST_STEP][PASSED] - callTestCase(findTestCase("Services/SVC_Get Capture"), null, STOP_ON_FAILURE): Call Test Case 'Test Cases/Services/SVC_Get Capture' successfully

2020-07-09 15:37:15 - [TEST_CASE][PASSED] - Test Cases/Services/SVC_Get Capture: Test Cases/Services/SVC_Get Capture

2020-07-09 15:37:15 - [TEST_STEP][PASSED] - delay(TimeDelay): Delayed 1 second(s)

2020-07-09 15:37:16 - [MESSAGE][PASSED] - Delayed 1 second(s)

2020-07-09 15:37:16 - [TEST_STEP][PASSED] - GetPath = SetPathCapture: null

2020-07-09 15:37:16 - [TEST_STEP][PASSED] - GetPathData = GetPath + "\" + SetTestScriptID: null

2020-07-09 15:37:16 - [TEST_STEP][PASSED] - SetPath = Paths.get(GetPathData): null

2020-07-09 15:37:16 - [TEST_STEP][PASSED] - if (Files.notExists(SetPath)): null

2020-07-09 15:37:16 - [TEST_STEP][PASSED] - today = new java.util.Date(): null

2020-07-09 15:37:16 - [TEST_STEP][PASSED] - CapturePath = SetPath: null

2020-07-09 15:37:16 - [TEST_STEP][PASSED] - GetSubCapture = CapturePath: null

2020-07-09 15:37:16 - [TEST_STEP][PASSED] - CapturePath += "\": null

2020-07-09 15:37:16 - [TEST_STEP][PASSED] - if (VerifyCheck == true): Taking screenshot successfully

2020-07-09 15:37:16 - [TEST_STEP][PASSED] - takeScreenshot(CapturePath + today.format("ddMMyy") + today.format("hhmmss") + "_" + SetTestScriptID + ".png"): Taking screenshot successfully

2020-07-09 15:37:16 - [MESSAGE][PASSED] - Taking screenshot successfully
[[ATTACHMENT|D:\\Test IPB\\Result\\IDPhotoBooks\\Run_4\\Login_Negatif_10\\090720033716_Login_Negatif_10.png]]

2020-07-09 15:37:16 - [MESSAGE][PASSED] - Call Test Case 'Test Cases/Services/SVC_Get Capture' successfully

2020-07-09 15:37:16 - [TEST_STEP][PASSED] - click(findTestObject("Login/Login Negatif/Page_Login  IDPhotobook/button_Masuk Sekarang")): Object: 'Object Repository/Login/Login Negatif/Page_Login  IDPhotobook/button_Masuk Sekarang' is clicked on

2020-07-09 15:37:17 - [MESSAGE][PASSED] - Object: 'Object Repository/Login/Login Negatif/Page_Login  IDPhotobook/button_Masuk Sekarang' is clicked on

2020-07-09 15:37:17 - [TEST_STEP][PASSED] - delay(1): Delayed 1 second(s)

2020-07-09 15:37:18 - [MESSAGE][PASSED] - Delayed 1 second(s)

2020-07-09 15:37:18 - [TEST_STEP][PASSED] - callTestCase(findTestCase("Services/SVC_Get Capture"), null, STOP_ON_FAILURE): Call Test Case 'Test Cases/Services/SVC_Get Capture' successfully

2020-07-09 15:37:18 - [TEST_CASE][PASSED] - Test Cases/Services/SVC_Get Capture: Test Cases/Services/SVC_Get Capture

2020-07-09 15:37:18 - [TEST_STEP][PASSED] - delay(TimeDelay): Delayed 1 second(s)

2020-07-09 15:37:19 - [MESSAGE][PASSED] - Delayed 1 second(s)

2020-07-09 15:37:19 - [TEST_STEP][PASSED] - GetPath = SetPathCapture: null

2020-07-09 15:37:19 - [TEST_STEP][PASSED] - GetPathData = GetPath + "\" + SetTestScriptID: null

2020-07-09 15:37:19 - [TEST_STEP][PASSED] - SetPath = Paths.get(GetPathData): null

2020-07-09 15:37:19 - [TEST_STEP][PASSED] - if (Files.notExists(SetPath)): null

2020-07-09 15:37:19 - [TEST_STEP][PASSED] - today = new java.util.Date(): null

2020-07-09 15:37:19 - [TEST_STEP][PASSED] - CapturePath = SetPath: null

2020-07-09 15:37:19 - [TEST_STEP][PASSED] - GetSubCapture = CapturePath: null

2020-07-09 15:37:19 - [TEST_STEP][PASSED] - CapturePath += "\": null

2020-07-09 15:37:19 - [TEST_STEP][PASSED] - if (VerifyCheck == true): Taking screenshot successfully

2020-07-09 15:37:19 - [TEST_STEP][PASSED] - takeScreenshot(CapturePath + today.format("ddMMyy") + today.format("hhmmss") + "_" + SetTestScriptID + ".png"): Taking screenshot successfully

2020-07-09 15:37:19 - [MESSAGE][PASSED] - Taking screenshot successfully
[[ATTACHMENT|D:\\Test IPB\\Result\\IDPhotoBooks\\Run_4\\Login_Negatif_10\\090720033719_Login_Negatif_10.png]]

2020-07-09 15:37:19 - [MESSAGE][PASSED] - Call Test Case 'Test Cases/Services/SVC_Get Capture' successfully

2020-07-09 15:37:19 - [TEST_STEP][PASSED] - VerifyCheck = verifyTextNotPresent("No. Whatsapp / Email tidak ditemukan", false, CONTINUE_ON_FAILURE): Text 'No. Whatsapp / Email tidak ditemukan' is not present on page

2020-07-09 15:37:20 - [MESSAGE][PASSED] - Text 'No. Whatsapp / Email tidak ditemukan' is not present on page

2020-07-09 15:37:20 - [TEST_STEP][FAILED] - VerifyCheck = verifyTextNotPresent("Password salah", false, CONTINUE_ON_FAILURE): Text 'Password salah' is present on page  (Root cause: com.kms.katalon.core.exception.StepFailedException: Text 'Password salah' is present on page 
	at com.kms.katalon.core.webui.keyword.internal.WebUIKeywordMain.stepFailed(WebUIKeywordMain.groovy:64)
	at com.kms.katalon.core.webui.keyword.builtin.VerifyTextNotPresentKeyword$_verifyTextNotPresent_closure1.doCall(VerifyTextNotPresentKeyword.groovy:77)
	at com.kms.katalon.core.webui.keyword.builtin.VerifyTextNotPresentKeyword$_verifyTextNotPresent_closure1.call(VerifyTextNotPresentKeyword.groovy)
	at com.kms.katalon.core.webui.keyword.internal.WebUIKeywordMain.runKeyword(WebUIKeywordMain.groovy:20)
	at com.kms.katalon.core.webui.keyword.builtin.VerifyTextNotPresentKeyword.verifyTextNotPresent(VerifyTextNotPresentKeyword.groovy:82)
	at com.kms.katalon.core.webui.keyword.builtin.VerifyTextNotPresentKeyword.execute(VerifyTextNotPresentKeyword.groovy:68)
	at com.kms.katalon.core.keyword.internal.KeywordExecutor.executeKeywordForPlatform(KeywordExecutor.groovy:72)
	at com.kms.katalon.core.webui.keyword.WebUiBuiltInKeywords.verifyTextNotPresent(WebUiBuiltInKeywords.groovy:1736)
	at com.kms.katalon.core.webui.keyword.WebUiBuiltInKeywords$verifyTextNotPresent$7.call(Unknown Source)
	at Login_Negatif.run(Login_Negatif:58)
	at com.kms.katalon.core.main.ScriptEngine.run(ScriptEngine.java:194)
	at com.kms.katalon.core.main.ScriptEngine.runScriptAsRawText(ScriptEngine.java:119)
	at com.kms.katalon.core.main.TestCaseExecutor.runScript(TestCaseExecutor.java:337)
	at com.kms.katalon.core.main.TestCaseExecutor.doExecute(TestCaseExecutor.java:328)
	at com.kms.katalon.core.main.TestCaseExecutor.processExecutionPhase(TestCaseExecutor.java:307)
	at com.kms.katalon.core.main.TestCaseExecutor.accessMainPhase(TestCaseExecutor.java:299)
	at com.kms.katalon.core.main.TestCaseExecutor.execute(TestCaseExecutor.java:233)
	at com.kms.katalon.core.main.TestSuiteExecutor.accessTestCaseMainPhase(TestSuiteExecutor.java:169)
	at com.kms.katalon.core.main.TestSuiteExecutor.accessTestSuiteMainPhase(TestSuiteExecutor.java:142)
	at com.kms.katalon.core.main.TestSuiteExecutor.execute(TestSuiteExecutor.java:91)
	at com.kms.katalon.core.main.TestCaseMain.startTestSuite(TestCaseMain.java:157)
	at com.kms.katalon.core.main.TestCaseMain$startTestSuite$0.call(Unknown Source)
	at TempTestSuite1594283652823.run(TempTestSuite1594283652823.groovy:37)
)

2020-07-09 15:37:20 - [MESSAGE][FAILED] - Text 'Password salah' is present on page  (Root cause: com.kms.katalon.core.exception.StepFailedException: Text 'Password salah' is present on page 
	at com.kms.katalon.core.webui.keyword.internal.WebUIKeywordMain.stepFailed(WebUIKeywordMain.groovy:64)
	at com.kms.katalon.core.webui.keyword.builtin.VerifyTextNotPresentKeyword$_verifyTextNotPresent_closure1.doCall(VerifyTextNotPresentKeyword.groovy:77)
	at com.kms.katalon.core.webui.keyword.builtin.VerifyTextNotPresentKeyword$_verifyTextNotPresent_closure1.call(VerifyTextNotPresentKeyword.groovy)
	at com.kms.katalon.core.webui.keyword.internal.WebUIKeywordMain.runKeyword(WebUIKeywordMain.groovy:20)
	at com.kms.katalon.core.webui.keyword.builtin.VerifyTextNotPresentKeyword.verifyTextNotPresent(VerifyTextNotPresentKeyword.groovy:82)
	at com.kms.katalon.core.webui.keyword.builtin.VerifyTextNotPresentKeyword.execute(VerifyTextNotPresentKeyword.groovy:68)
	at com.kms.katalon.core.keyword.internal.KeywordExecutor.executeKeywordForPlatform(KeywordExecutor.groovy:72)
	at com.kms.katalon.core.webui.keyword.WebUiBuiltInKeywords.verifyTextNotPresent(WebUiBuiltInKeywords.groovy:1736)
	at com.kms.katalon.core.webui.keyword.WebUiBuiltInKeywords$verifyTextNotPresent$7.call(Unknown Source)
	at Login_Negatif.run(Login_Negatif:58)
	at com.kms.katalon.core.main.ScriptEngine.run(ScriptEngine.java:194)
	at com.kms.katalon.core.main.ScriptEngine.runScriptAsRawText(ScriptEngine.java:119)
	at com.kms.katalon.core.main.TestCaseExecutor.runScript(TestCaseExecutor.java:337)
	at com.kms.katalon.core.main.TestCaseExecutor.doExecute(TestCaseExecutor.java:328)
	at com.kms.katalon.core.main.TestCaseExecutor.processExecutionPhase(TestCaseExecutor.java:307)
	at com.kms.katalon.core.main.TestCaseExecutor.accessMainPhase(TestCaseExecutor.java:299)
	at com.kms.katalon.core.main.TestCaseExecutor.execute(TestCaseExecutor.java:233)
	at com.kms.katalon.core.main.TestSuiteExecutor.accessTestCaseMainPhase(TestSuiteExecutor.java:169)
	at com.kms.katalon.core.main.TestSuiteExecutor.accessTestSuiteMainPhase(TestSuiteExecutor.java:142)
	at com.kms.katalon.core.main.TestSuiteExecutor.execute(TestSuiteExecutor.java:91)
	at com.kms.katalon.core.main.TestCaseMain.startTestSuite(TestCaseMain.java:157)
	at com.kms.katalon.core.main.TestCaseMain$startTestSuite$0.call(Unknown Source)
	at TempTestSuite1594283652823.run(TempTestSuite1594283652823.groovy:37)
)

2020-07-09 15:37:20 - [TEST_STEP][PASSED] - delay(2): Delayed 2 second(s)

2020-07-09 15:37:22 - [MESSAGE][PASSED] - Delayed 2 second(s)

2020-07-09 15:37:22 - [TEST_STEP][PASSED] - refresh(): Refresh successfully

2020-07-09 15:37:23 - [MESSAGE][PASSED] - Refresh successfully

2020-07-09 15:37:23 - [TEST_STEP][PASSED] - setText(findTestObject("Login/Login Negatif/Page_Login  IDPhotobook/input_Yuuk Login ke IDPhotobookcom_mat-input-0"), findTestData("Login/Login_Negatif").getValue("Email", rowNum)): Text 'indraww89@gmail.com' is set on object 'Object Repository/Login/Login Negatif/Page_Login  IDPhotobook/input_Yuuk Login ke IDPhotobookcom_mat-input-0'

2020-07-09 15:37:24 - [MESSAGE][PASSED] - Text 'indraww89@gmail.com' is set on object 'Object Repository/Login/Login Negatif/Page_Login  IDPhotobook/input_Yuuk Login ke IDPhotobookcom_mat-input-0'

2020-07-09 15:37:24 - [TEST_STEP][PASSED] - setText(findTestObject("Login/Login Negatif/Page_Login  IDPhotobook/input_Nomor Whatsapp  Email_mat-input-1"), findTestData("Login/Login_Negatif").getValue("Password", rowNum)): Text '!@#$%^&*()_+{}|' is set on object 'Object Repository/Login/Login Negatif/Page_Login  IDPhotobook/input_Nomor Whatsapp  Email_mat-input-1'

2020-07-09 15:37:24 - [MESSAGE][PASSED] - Text '!@#$%^&*()_+{}|' is set on object 'Object Repository/Login/Login Negatif/Page_Login  IDPhotobook/input_Nomor Whatsapp  Email_mat-input-1'

2020-07-09 15:37:24 - [TEST_STEP][PASSED] - callTestCase(findTestCase("Services/SVC_Get Capture"), null, STOP_ON_FAILURE): Call Test Case 'Test Cases/Services/SVC_Get Capture' successfully

2020-07-09 15:37:24 - [TEST_CASE][PASSED] - Test Cases/Services/SVC_Get Capture: Test Cases/Services/SVC_Get Capture

2020-07-09 15:37:24 - [TEST_STEP][PASSED] - delay(TimeDelay): Delayed 1 second(s)

2020-07-09 15:37:25 - [MESSAGE][PASSED] - Delayed 1 second(s)

2020-07-09 15:37:25 - [TEST_STEP][PASSED] - GetPath = SetPathCapture: null

2020-07-09 15:37:25 - [TEST_STEP][PASSED] - GetPathData = GetPath + "\" + SetTestScriptID: null

2020-07-09 15:37:25 - [TEST_STEP][PASSED] - SetPath = Paths.get(GetPathData): null

2020-07-09 15:37:25 - [TEST_STEP][PASSED] - if (Files.notExists(SetPath)): null

2020-07-09 15:37:25 - [TEST_STEP][PASSED] - today = new java.util.Date(): null

2020-07-09 15:37:25 - [TEST_STEP][PASSED] - CapturePath = SetPath: null

2020-07-09 15:37:25 - [TEST_STEP][PASSED] - GetSubCapture = CapturePath: null

2020-07-09 15:37:25 - [TEST_STEP][PASSED] - CapturePath += "\": null

2020-07-09 15:37:25 - [TEST_STEP][PASSED] - if (VerifyCheck == true): null

2020-07-09 15:37:25 - [TEST_STEP][PASSED] - else if (VerifyCheck == false): Taking screenshot successfully

2020-07-09 15:37:25 - [TEST_STEP][PASSED] - takeScreenshot(CapturePath + today.format("ddMMyy") + today.format("hhmmss") + "_" + SetTestScriptID + "_Failed.png"): Taking screenshot successfully

2020-07-09 15:37:26 - [MESSAGE][PASSED] - Taking screenshot successfully
[[ATTACHMENT|D:\\Test IPB\\Result\\IDPhotoBooks\\Run_4\\Login_Negatif_10\\090720033725_Login_Negatif_10_Failed.png]]

2020-07-09 15:37:26 - [MESSAGE][PASSED] - Call Test Case 'Test Cases/Services/SVC_Get Capture' successfully

2020-07-09 15:37:26 - [TEST_STEP][PASSED] - click(findTestObject("Login/Login Negatif/Page_Login  IDPhotobook/button_Masuk Sekarang")): Object: 'Object Repository/Login/Login Negatif/Page_Login  IDPhotobook/button_Masuk Sekarang' is clicked on

2020-07-09 15:37:26 - [MESSAGE][PASSED] - Object: 'Object Repository/Login/Login Negatif/Page_Login  IDPhotobook/button_Masuk Sekarang' is clicked on

2020-07-09 15:37:26 - [TEST_STEP][PASSED] - delay(1): Delayed 1 second(s)

2020-07-09 15:37:27 - [MESSAGE][PASSED] - Delayed 1 second(s)

2020-07-09 15:37:27 - [TEST_STEP][PASSED] - callTestCase(findTestCase("Services/SVC_Get Capture"), null, STOP_ON_FAILURE): Call Test Case 'Test Cases/Services/SVC_Get Capture' successfully

2020-07-09 15:37:27 - [TEST_CASE][PASSED] - Test Cases/Services/SVC_Get Capture: Test Cases/Services/SVC_Get Capture

2020-07-09 15:37:27 - [TEST_STEP][PASSED] - delay(TimeDelay): Delayed 1 second(s)

2020-07-09 15:37:28 - [MESSAGE][PASSED] - Delayed 1 second(s)

2020-07-09 15:37:28 - [TEST_STEP][PASSED] - GetPath = SetPathCapture: null

2020-07-09 15:37:28 - [TEST_STEP][PASSED] - GetPathData = GetPath + "\" + SetTestScriptID: null

2020-07-09 15:37:28 - [TEST_STEP][PASSED] - SetPath = Paths.get(GetPathData): null

2020-07-09 15:37:28 - [TEST_STEP][PASSED] - if (Files.notExists(SetPath)): null

2020-07-09 15:37:28 - [TEST_STEP][PASSED] - today = new java.util.Date(): null

2020-07-09 15:37:28 - [TEST_STEP][PASSED] - CapturePath = SetPath: null

2020-07-09 15:37:28 - [TEST_STEP][PASSED] - GetSubCapture = CapturePath: null

2020-07-09 15:37:28 - [TEST_STEP][PASSED] - CapturePath += "\": null

2020-07-09 15:37:28 - [TEST_STEP][PASSED] - if (VerifyCheck == true): null

2020-07-09 15:37:28 - [TEST_STEP][PASSED] - else if (VerifyCheck == false): Taking screenshot successfully

2020-07-09 15:37:28 - [TEST_STEP][PASSED] - takeScreenshot(CapturePath + today.format("ddMMyy") + today.format("hhmmss") + "_" + SetTestScriptID + "_Failed.png"): Taking screenshot successfully

2020-07-09 15:37:29 - [MESSAGE][PASSED] - Taking screenshot successfully
[[ATTACHMENT|D:\\Test IPB\\Result\\IDPhotoBooks\\Run_4\\Login_Negatif_10\\090720033728_Login_Negatif_10_Failed.png]]

2020-07-09 15:37:29 - [MESSAGE][PASSED] - Call Test Case 'Test Cases/Services/SVC_Get Capture' successfully

2020-07-09 15:37:29 - [TEST_STEP][PASSED] - VerifyCheck = verifyTextNotPresent("No. Whatsapp / Email tidak ditemukan", false, CONTINUE_ON_FAILURE): Text 'No. Whatsapp / Email tidak ditemukan' is not present on page

2020-07-09 15:37:29 - [MESSAGE][PASSED] - Text 'No. Whatsapp / Email tidak ditemukan' is not present on page

2020-07-09 15:37:29 - [TEST_STEP][FAILED] - VerifyCheck = verifyTextNotPresent("Password salah", false, CONTINUE_ON_FAILURE): Text 'Password salah' is present on page  (Root cause: com.kms.katalon.core.exception.StepFailedException: Text 'Password salah' is present on page 
	at com.kms.katalon.core.webui.keyword.internal.WebUIKeywordMain.stepFailed(WebUIKeywordMain.groovy:64)
	at com.kms.katalon.core.webui.keyword.builtin.VerifyTextNotPresentKeyword$_verifyTextNotPresent_closure1.doCall(VerifyTextNotPresentKeyword.groovy:77)
	at com.kms.katalon.core.webui.keyword.builtin.VerifyTextNotPresentKeyword$_verifyTextNotPresent_closure1.call(VerifyTextNotPresentKeyword.groovy)
	at com.kms.katalon.core.webui.keyword.internal.WebUIKeywordMain.runKeyword(WebUIKeywordMain.groovy:20)
	at com.kms.katalon.core.webui.keyword.builtin.VerifyTextNotPresentKeyword.verifyTextNotPresent(VerifyTextNotPresentKeyword.groovy:82)
	at com.kms.katalon.core.webui.keyword.builtin.VerifyTextNotPresentKeyword.execute(VerifyTextNotPresentKeyword.groovy:68)
	at com.kms.katalon.core.keyword.internal.KeywordExecutor.executeKeywordForPlatform(KeywordExecutor.groovy:72)
	at com.kms.katalon.core.webui.keyword.WebUiBuiltInKeywords.verifyTextNotPresent(WebUiBuiltInKeywords.groovy:1736)
	at com.kms.katalon.core.webui.keyword.WebUiBuiltInKeywords$verifyTextNotPresent$7.call(Unknown Source)
	at Login_Negatif.run(Login_Negatif:80)
	at com.kms.katalon.core.main.ScriptEngine.run(ScriptEngine.java:194)
	at com.kms.katalon.core.main.ScriptEngine.runScriptAsRawText(ScriptEngine.java:119)
	at com.kms.katalon.core.main.TestCaseExecutor.runScript(TestCaseExecutor.java:337)
	at com.kms.katalon.core.main.TestCaseExecutor.doExecute(TestCaseExecutor.java:328)
	at com.kms.katalon.core.main.TestCaseExecutor.processExecutionPhase(TestCaseExecutor.java:307)
	at com.kms.katalon.core.main.TestCaseExecutor.accessMainPhase(TestCaseExecutor.java:299)
	at com.kms.katalon.core.main.TestCaseExecutor.execute(TestCaseExecutor.java:233)
	at com.kms.katalon.core.main.TestSuiteExecutor.accessTestCaseMainPhase(TestSuiteExecutor.java:169)
	at com.kms.katalon.core.main.TestSuiteExecutor.accessTestSuiteMainPhase(TestSuiteExecutor.java:142)
	at com.kms.katalon.core.main.TestSuiteExecutor.execute(TestSuiteExecutor.java:91)
	at com.kms.katalon.core.main.TestCaseMain.startTestSuite(TestCaseMain.java:157)
	at com.kms.katalon.core.main.TestCaseMain$startTestSuite$0.call(Unknown Source)
	at TempTestSuite1594283652823.run(TempTestSuite1594283652823.groovy:37)
)

2020-07-09 15:37:29 - [MESSAGE][FAILED] - Text 'Password salah' is present on page  (Root cause: com.kms.katalon.core.exception.StepFailedException: Text 'Password salah' is present on page 
	at com.kms.katalon.core.webui.keyword.internal.WebUIKeywordMain.stepFailed(WebUIKeywordMain.groovy:64)
	at com.kms.katalon.core.webui.keyword.builtin.VerifyTextNotPresentKeyword$_verifyTextNotPresent_closure1.doCall(VerifyTextNotPresentKeyword.groovy:77)
	at com.kms.katalon.core.webui.keyword.builtin.VerifyTextNotPresentKeyword$_verifyTextNotPresent_closure1.call(VerifyTextNotPresentKeyword.groovy)
	at com.kms.katalon.core.webui.keyword.internal.WebUIKeywordMain.runKeyword(WebUIKeywordMain.groovy:20)
	at com.kms.katalon.core.webui.keyword.builtin.VerifyTextNotPresentKeyword.verifyTextNotPresent(VerifyTextNotPresentKeyword.groovy:82)
	at com.kms.katalon.core.webui.keyword.builtin.VerifyTextNotPresentKeyword.execute(VerifyTextNotPresentKeyword.groovy:68)
	at com.kms.katalon.core.keyword.internal.KeywordExecutor.executeKeywordForPlatform(KeywordExecutor.groovy:72)
	at com.kms.katalon.core.webui.keyword.WebUiBuiltInKeywords.verifyTextNotPresent(WebUiBuiltInKeywords.groovy:1736)
	at com.kms.katalon.core.webui.keyword.WebUiBuiltInKeywords$verifyTextNotPresent$7.call(Unknown Source)
	at Login_Negatif.run(Login_Negatif:80)
	at com.kms.katalon.core.main.ScriptEngine.run(ScriptEngine.java:194)
	at com.kms.katalon.core.main.ScriptEngine.runScriptAsRawText(ScriptEngine.java:119)
	at com.kms.katalon.core.main.TestCaseExecutor.runScript(TestCaseExecutor.java:337)
	at com.kms.katalon.core.main.TestCaseExecutor.doExecute(TestCaseExecutor.java:328)
	at com.kms.katalon.core.main.TestCaseExecutor.processExecutionPhase(TestCaseExecutor.java:307)
	at com.kms.katalon.core.main.TestCaseExecutor.accessMainPhase(TestCaseExecutor.java:299)
	at com.kms.katalon.core.main.TestCaseExecutor.execute(TestCaseExecutor.java:233)
	at com.kms.katalon.core.main.TestSuiteExecutor.accessTestCaseMainPhase(TestSuiteExecutor.java:169)
	at com.kms.katalon.core.main.TestSuiteExecutor.accessTestSuiteMainPhase(TestSuiteExecutor.java:142)
	at com.kms.katalon.core.main.TestSuiteExecutor.execute(TestSuiteExecutor.java:91)
	at com.kms.katalon.core.main.TestCaseMain.startTestSuite(TestCaseMain.java:157)
	at com.kms.katalon.core.main.TestCaseMain$startTestSuite$0.call(Unknown Source)
	at TempTestSuite1594283652823.run(TempTestSuite1594283652823.groovy:37)
)

2020-07-09 15:37:29 - [TEST_STEP][PASSED] - refresh(): Refresh successfully

2020-07-09 15:37:30 - [MESSAGE][PASSED] - Refresh successfully

2020-07-09 15:37:30 - [TEST_STEP][PASSED] - if (findTestData("Login/Login_Negatif").getValue("ACTIVE", rowNum) == "Y"): null

2020-07-09 15:37:30 - [TEST_STEP][PASSED] - if (findTestData("Login/Login_Negatif").getValue("ACTIVE", rowNum) == "Y"): null

2020-07-09 15:37:30 - [TEST_STEP][PASSED] - if (findTestData("Login/Login_Negatif").getValue("ACTIVE", rowNum) == "Y"): null

2020-07-09 15:37:30 - [TEST_STEP][PASSED] - if (findTestData("Login/Login_Negatif").getValue("ACTIVE", rowNum) == "Y"): null

2020-07-09 15:37:30 - [TEST_STEP][PASSED] - if (findTestData("Login/Login_Negatif").getValue("ACTIVE", rowNum) == "Y"): null

2020-07-09 15:37:30 - [TEST_STEP][PASSED] - if (findTestData("Login/Login_Negatif").getValue("ACTIVE", rowNum) == "Y"): null

2020-07-09 15:37:30 - [TEST_STEP][PASSED] - closeBrowser(): Browser is closed

2020-07-09 15:37:31 - [MESSAGE][PASSED] - Browser is closed]]></system-out>
         <system-err><![CDATA[2020-07-09 15:34:58 - [TEST_CASE][FAILED] - Test Cases/Login/Login_Negatif: Test Cases/Login/Login_Negatif FAILED.
Reason:
com.kms.katalon.core.exception.StepFailedException: Text 'No. Whatsapp / Email tidak ditemukan' is present on page  (Root cause: com.kms.katalon.core.exception.StepFailedException: Text 'No. Whatsapp / Email tidak ditemukan' is present on page 
	at com.kms.katalon.core.webui.keyword.internal.WebUIKeywordMain.stepFailed(WebUIKeywordMain.groovy:64)
	at com.kms.katalon.core.webui.keyword.builtin.VerifyTextNotPresentKeyword$_verifyTextNotPresent_closure1.doCall(VerifyTextNotPresentKeyword.groovy:77)
	at com.kms.katalon.core.webui.keyword.builtin.VerifyTextNotPresentKeyword$_verifyTextNotPresent_closure1.call(VerifyTextNotPresentKeyword.groovy)
	at com.kms.katalon.core.webui.keyword.internal.WebUIKeywordMain.runKeyword(WebUIKeywordMain.groovy:20)
	at com.kms.katalon.core.webui.keyword.builtin.VerifyTextNotPresentKeyword.verifyTextNotPresent(VerifyTextNotPresentKeyword.groovy:82)
	at com.kms.katalon.core.webui.keyword.builtin.VerifyTextNotPresentKeyword.execute(VerifyTextNotPresentKeyword.groovy:68)
	at com.kms.katalon.core.keyword.internal.KeywordExecutor.executeKeywordForPlatform(KeywordExecutor.groovy:72)
	at com.kms.katalon.core.webui.keyword.WebUiBuiltInKeywords.verifyTextNotPresent(WebUiBuiltInKeywords.groovy:1736)
	at com.kms.katalon.core.webui.keyword.WebUiBuiltInKeywords$verifyTextNotPresent$7.call(Unknown Source)
	at Login_Negatif.run(Login_Negatif:56)
	at com.kms.katalon.core.main.ScriptEngine.run(ScriptEngine.java:194)
	at com.kms.katalon.core.main.ScriptEngine.runScriptAsRawText(ScriptEngine.java:119)
	at com.kms.katalon.core.main.TestCaseExecutor.runScript(TestCaseExecutor.java:337)
	at com.kms.katalon.core.main.TestCaseExecutor.doExecute(TestCaseExecutor.java:328)
	at com.kms.katalon.core.main.TestCaseExecutor.processExecutionPhase(TestCaseExecutor.java:307)
	at com.kms.katalon.core.main.TestCaseExecutor.accessMainPhase(TestCaseExecutor.java:299)
	at com.kms.katalon.core.main.TestCaseExecutor.execute(TestCaseExecutor.java:233)
	at com.kms.katalon.core.main.TestSuiteExecutor.accessTestCaseMainPhase(TestSuiteExecutor.java:169)
	at com.kms.katalon.core.main.TestSuiteExecutor.accessTestSuiteMainPhase(TestSuiteExecutor.java:142)
	at com.kms.katalon.core.main.TestSuiteExecutor.execute(TestSuiteExecutor.java:91)
	at com.kms.katalon.core.main.TestCaseMain.startTestSuite(TestCaseMain.java:157)
	at com.kms.katalon.core.main.TestCaseMain$startTestSuite$0.call(Unknown Source)
	at TempTestSuite1594283652823.run(TempTestSuite1594283652823.groovy:37)
)
	at com.kms.katalon.core.keyword.internal.KeywordMain.stepFailed(KeywordMain.groovy:39)
	at com.kms.katalon.core.webui.keyword.internal.WebUIKeywordMain.stepFailed(WebUIKeywordMain.groovy:64)
	at com.kms.katalon.core.webui.keyword.builtin.VerifyTextNotPresentKeyword$_verifyTextNotPresent_closure1.doCall(VerifyTextNotPresentKeyword.groovy:77)
	at com.kms.katalon.core.webui.keyword.builtin.VerifyTextNotPresentKeyword$_verifyTextNotPresent_closure1.call(VerifyTextNotPresentKeyword.groovy)
	at com.kms.katalon.core.webui.keyword.internal.WebUIKeywordMain.runKeyword(WebUIKeywordMain.groovy:20)
	at com.kms.katalon.core.webui.keyword.builtin.VerifyTextNotPresentKeyword.verifyTextNotPresent(VerifyTextNotPresentKeyword.groovy:82)
	at com.kms.katalon.core.webui.keyword.builtin.VerifyTextNotPresentKeyword.execute(VerifyTextNotPresentKeyword.groovy:68)
	at com.kms.katalon.core.keyword.internal.KeywordExecutor.executeKeywordForPlatform(KeywordExecutor.groovy:72)
	at com.kms.katalon.core.webui.keyword.WebUiBuiltInKeywords.verifyTextNotPresent(WebUiBuiltInKeywords.groovy:1736)
	at com.kms.katalon.core.webui.keyword.WebUiBuiltInKeywords$verifyTextNotPresent$7.call(Unknown Source)
	at Login_Negatif.run(Login_Negatif:56)
	at com.kms.katalon.core.main.ScriptEngine.run(ScriptEngine.java:194)
	at com.kms.katalon.core.main.ScriptEngine.runScriptAsRawText(ScriptEngine.java:119)
	at com.kms.katalon.core.main.TestCaseExecutor.runScript(TestCaseExecutor.java:337)
	at com.kms.katalon.core.main.TestCaseExecutor.doExecute(TestCaseExecutor.java:328)
	at com.kms.katalon.core.main.TestCaseExecutor.processExecutionPhase(TestCaseExecutor.java:307)
	at com.kms.katalon.core.main.TestCaseExecutor.accessMainPhase(TestCaseExecutor.java:299)
	at com.kms.katalon.core.main.TestCaseExecutor.execute(TestCaseExecutor.java:233)
	at com.kms.katalon.core.main.TestSuiteExecutor.accessTestCaseMainPhase(TestSuiteExecutor.java:169)
	at com.kms.katalon.core.main.TestSuiteExecutor.accessTestSuiteMainPhase(TestSuiteExecutor.java:142)
	at com.kms.katalon.core.main.TestSuiteExecutor.execute(TestSuiteExecutor.java:91)
	at com.kms.katalon.core.main.TestCaseMain.startTestSuite(TestCaseMain.java:157)
	at com.kms.katalon.core.main.TestCaseMain$startTestSuite$0.call(Unknown Source)
	at TempTestSuite1594283652823.run(TempTestSuite1594283652823.groovy:37)
Caused by: com.kms.katalon.core.exception.StepFailedException: Text 'No. Whatsapp / Email tidak ditemukan' is present on page 
	... 23 more]]></system-err>
      </testcase>
      <system-out><![CDATA[2020-07-09 15:34:14 - [TEST_SUITE][FAILED] - Login: Test Cases/Login/Login_Negatif FAILED.
Reason:
com.kms.katalon.core.exception.StepFailedException: Text 'No. Whatsapp / Email tidak ditemukan' is present on page  (Root cause: com.kms.katalon.core.exception.StepFailedException: Text 'No. Whatsapp / Email tidak ditemukan' is present on page 
	at com.kms.katalon.core.webui.keyword.internal.WebUIKeywordMain.stepFailed(WebUIKeywordMain.groovy:64)
	at com.kms.katalon.core.webui.keyword.builtin.VerifyTextNotPresentKeyword$_verifyTextNotPresent_closure1.doCall(VerifyTextNotPresentKeyword.groovy:77)
	at com.kms.katalon.core.webui.keyword.builtin.VerifyTextNotPresentKeyword$_verifyTextNotPresent_closure1.call(VerifyTextNotPresentKeyword.groovy)
	at com.kms.katalon.core.webui.keyword.internal.WebUIKeywordMain.runKeyword(WebUIKeywordMain.groovy:20)
	at com.kms.katalon.core.webui.keyword.builtin.VerifyTextNotPresentKeyword.verifyTextNotPresent(VerifyTextNotPresentKeyword.groovy:82)
	at com.kms.katalon.core.webui.keyword.builtin.VerifyTextNotPresentKeyword.execute(VerifyTextNotPresentKeyword.groovy:68)
	at com.kms.katalon.core.keyword.internal.KeywordExecutor.executeKeywordForPlatform(KeywordExecutor.groovy:72)
	at com.kms.katalon.core.webui.keyword.WebUiBuiltInKeywords.verifyTextNotPresent(WebUiBuiltInKeywords.groovy:1736)
	at com.kms.katalon.core.webui.keyword.WebUiBuiltInKeywords$verifyTextNotPresent$7.call(Unknown Source)
	at Login_Negatif.run(Login_Negatif:56)
	at com.kms.katalon.core.main.ScriptEngine.run(ScriptEngine.java:194)
	at com.kms.katalon.core.main.ScriptEngine.runScriptAsRawText(ScriptEngine.java:119)
	at com.kms.katalon.core.main.TestCaseExecutor.runScript(TestCaseExecutor.java:337)
	at com.kms.katalon.core.main.TestCaseExecutor.doExecute(TestCaseExecutor.java:328)
	at com.kms.katalon.core.main.TestCaseExecutor.processExecutionPhase(TestCaseExecutor.java:307)
	at com.kms.katalon.core.main.TestCaseExecutor.accessMainPhase(TestCaseExecutor.java:299)
	at com.kms.katalon.core.main.TestCaseExecutor.execute(TestCaseExecutor.java:233)
	at com.kms.katalon.core.main.TestSuiteExecutor.accessTestCaseMainPhase(TestSuiteExecutor.java:169)
	at com.kms.katalon.core.main.TestSuiteExecutor.accessTestSuiteMainPhase(TestSuiteExecutor.java:142)
	at com.kms.katalon.core.main.TestSuiteExecutor.execute(TestSuiteExecutor.java:91)
	at com.kms.katalon.core.main.TestCaseMain.startTestSuite(TestCaseMain.java:157)
	at com.kms.katalon.core.main.TestCaseMain$startTestSuite$0.call(Unknown Source)
	at TempTestSuite1594283652823.run(TempTestSuite1594283652823.groovy:37)
)
	at com.kms.katalon.core.keyword.internal.KeywordMain.stepFailed(KeywordMain.groovy:39)
	at com.kms.katalon.core.webui.keyword.internal.WebUIKeywordMain.stepFailed(WebUIKeywordMain.groovy:64)
	at com.kms.katalon.core.webui.keyword.builtin.VerifyTextNotPresentKeyword$_verifyTextNotPresent_closure1.doCall(VerifyTextNotPresentKeyword.groovy:77)
	at com.kms.katalon.core.webui.keyword.builtin.VerifyTextNotPresentKeyword$_verifyTextNotPresent_closure1.call(VerifyTextNotPresentKeyword.groovy)
	at com.kms.katalon.core.webui.keyword.internal.WebUIKeywordMain.runKeyword(WebUIKeywordMain.groovy:20)
	at com.kms.katalon.core.webui.keyword.builtin.VerifyTextNotPresentKeyword.verifyTextNotPresent(VerifyTextNotPresentKeyword.groovy:82)
	at com.kms.katalon.core.webui.keyword.builtin.VerifyTextNotPresentKeyword.execute(VerifyTextNotPresentKeyword.groovy:68)
	at com.kms.katalon.core.keyword.internal.KeywordExecutor.executeKeywordForPlatform(KeywordExecutor.groovy:72)
	at com.kms.katalon.core.webui.keyword.WebUiBuiltInKeywords.verifyTextNotPresent(WebUiBuiltInKeywords.groovy:1736)
	at com.kms.katalon.core.webui.keyword.WebUiBuiltInKeywords$verifyTextNotPresent$7.call(Unknown Source)
	at Login_Negatif.run(Login_Negatif:56)
	at com.kms.katalon.core.main.ScriptEngine.run(ScriptEngine.java:194)
	at com.kms.katalon.core.main.ScriptEngine.runScriptAsRawText(ScriptEngine.java:119)
	at com.kms.katalon.core.main.TestCaseExecutor.runScript(TestCaseExecutor.java:337)
	at com.kms.katalon.core.main.TestCaseExecutor.doExecute(TestCaseExecutor.java:328)
	at com.kms.katalon.core.main.TestCaseExecutor.processExecutionPhase(TestCaseExecutor.java:307)
	at com.kms.katalon.core.main.TestCaseExecutor.accessMainPhase(TestCaseExecutor.java:299)
	at com.kms.katalon.core.main.TestCaseExecutor.execute(TestCaseExecutor.java:233)
	at com.kms.katalon.core.main.TestSuiteExecutor.accessTestCaseMainPhase(TestSuiteExecutor.java:169)
	at com.kms.katalon.core.main.TestSuiteExecutor.accessTestSuiteMainPhase(TestSuiteExecutor.java:142)
	at com.kms.katalon.core.main.TestSuiteExecutor.execute(TestSuiteExecutor.java:91)
	at com.kms.katalon.core.main.TestCaseMain.startTestSuite(TestCaseMain.java:157)
	at com.kms.katalon.core.main.TestCaseMain$startTestSuite$0.call(Unknown Source)
	at TempTestSuite1594283652823.run(TempTestSuite1594283652823.groovy:37)
Caused by: com.kms.katalon.core.exception.StepFailedException: Text 'No. Whatsapp / Email tidak ditemukan' is present on page 
	... 23 more]]></system-out>
      <system-err><![CDATA[2020-07-09 15:34:14 - [TEST_SUITE][FAILED] - Login: Test Cases/Login/Login_Negatif FAILED.
Reason:
com.kms.katalon.core.exception.StepFailedException: Text 'No. Whatsapp / Email tidak ditemukan' is present on page  (Root cause: com.kms.katalon.core.exception.StepFailedException: Text 'No. Whatsapp / Email tidak ditemukan' is present on page 
	at com.kms.katalon.core.webui.keyword.internal.WebUIKeywordMain.stepFailed(WebUIKeywordMain.groovy:64)
	at com.kms.katalon.core.webui.keyword.builtin.VerifyTextNotPresentKeyword$_verifyTextNotPresent_closure1.doCall(VerifyTextNotPresentKeyword.groovy:77)
	at com.kms.katalon.core.webui.keyword.builtin.VerifyTextNotPresentKeyword$_verifyTextNotPresent_closure1.call(VerifyTextNotPresentKeyword.groovy)
	at com.kms.katalon.core.webui.keyword.internal.WebUIKeywordMain.runKeyword(WebUIKeywordMain.groovy:20)
	at com.kms.katalon.core.webui.keyword.builtin.VerifyTextNotPresentKeyword.verifyTextNotPresent(VerifyTextNotPresentKeyword.groovy:82)
	at com.kms.katalon.core.webui.keyword.builtin.VerifyTextNotPresentKeyword.execute(VerifyTextNotPresentKeyword.groovy:68)
	at com.kms.katalon.core.keyword.internal.KeywordExecutor.executeKeywordForPlatform(KeywordExecutor.groovy:72)
	at com.kms.katalon.core.webui.keyword.WebUiBuiltInKeywords.verifyTextNotPresent(WebUiBuiltInKeywords.groovy:1736)
	at com.kms.katalon.core.webui.keyword.WebUiBuiltInKeywords$verifyTextNotPresent$7.call(Unknown Source)
	at Login_Negatif.run(Login_Negatif:56)
	at com.kms.katalon.core.main.ScriptEngine.run(ScriptEngine.java:194)
	at com.kms.katalon.core.main.ScriptEngine.runScriptAsRawText(ScriptEngine.java:119)
	at com.kms.katalon.core.main.TestCaseExecutor.runScript(TestCaseExecutor.java:337)
	at com.kms.katalon.core.main.TestCaseExecutor.doExecute(TestCaseExecutor.java:328)
	at com.kms.katalon.core.main.TestCaseExecutor.processExecutionPhase(TestCaseExecutor.java:307)
	at com.kms.katalon.core.main.TestCaseExecutor.accessMainPhase(TestCaseExecutor.java:299)
	at com.kms.katalon.core.main.TestCaseExecutor.execute(TestCaseExecutor.java:233)
	at com.kms.katalon.core.main.TestSuiteExecutor.accessTestCaseMainPhase(TestSuiteExecutor.java:169)
	at com.kms.katalon.core.main.TestSuiteExecutor.accessTestSuiteMainPhase(TestSuiteExecutor.java:142)
	at com.kms.katalon.core.main.TestSuiteExecutor.execute(TestSuiteExecutor.java:91)
	at com.kms.katalon.core.main.TestCaseMain.startTestSuite(TestCaseMain.java:157)
	at com.kms.katalon.core.main.TestCaseMain$startTestSuite$0.call(Unknown Source)
	at TempTestSuite1594283652823.run(TempTestSuite1594283652823.groovy:37)
)
	at com.kms.katalon.core.keyword.internal.KeywordMain.stepFailed(KeywordMain.groovy:39)
	at com.kms.katalon.core.webui.keyword.internal.WebUIKeywordMain.stepFailed(WebUIKeywordMain.groovy:64)
	at com.kms.katalon.core.webui.keyword.builtin.VerifyTextNotPresentKeyword$_verifyTextNotPresent_closure1.doCall(VerifyTextNotPresentKeyword.groovy:77)
	at com.kms.katalon.core.webui.keyword.builtin.VerifyTextNotPresentKeyword$_verifyTextNotPresent_closure1.call(VerifyTextNotPresentKeyword.groovy)
	at com.kms.katalon.core.webui.keyword.internal.WebUIKeywordMain.runKeyword(WebUIKeywordMain.groovy:20)
	at com.kms.katalon.core.webui.keyword.builtin.VerifyTextNotPresentKeyword.verifyTextNotPresent(VerifyTextNotPresentKeyword.groovy:82)
	at com.kms.katalon.core.webui.keyword.builtin.VerifyTextNotPresentKeyword.execute(VerifyTextNotPresentKeyword.groovy:68)
	at com.kms.katalon.core.keyword.internal.KeywordExecutor.executeKeywordForPlatform(KeywordExecutor.groovy:72)
	at com.kms.katalon.core.webui.keyword.WebUiBuiltInKeywords.verifyTextNotPresent(WebUiBuiltInKeywords.groovy:1736)
	at com.kms.katalon.core.webui.keyword.WebUiBuiltInKeywords$verifyTextNotPresent$7.call(Unknown Source)
	at Login_Negatif.run(Login_Negatif:56)
	at com.kms.katalon.core.main.ScriptEngine.run(ScriptEngine.java:194)
	at com.kms.katalon.core.main.ScriptEngine.runScriptAsRawText(ScriptEngine.java:119)
	at com.kms.katalon.core.main.TestCaseExecutor.runScript(TestCaseExecutor.java:337)
	at com.kms.katalon.core.main.TestCaseExecutor.doExecute(TestCaseExecutor.java:328)
	at com.kms.katalon.core.main.TestCaseExecutor.processExecutionPhase(TestCaseExecutor.java:307)
	at com.kms.katalon.core.main.TestCaseExecutor.accessMainPhase(TestCaseExecutor.java:299)
	at com.kms.katalon.core.main.TestCaseExecutor.execute(TestCaseExecutor.java:233)
	at com.kms.katalon.core.main.TestSuiteExecutor.accessTestCaseMainPhase(TestSuiteExecutor.java:169)
	at com.kms.katalon.core.main.TestSuiteExecutor.accessTestSuiteMainPhase(TestSuiteExecutor.java:142)
	at com.kms.katalon.core.main.TestSuiteExecutor.execute(TestSuiteExecutor.java:91)
	at com.kms.katalon.core.main.TestCaseMain.startTestSuite(TestCaseMain.java:157)
	at com.kms.katalon.core.main.TestCaseMain$startTestSuite$0.call(Unknown Source)
	at TempTestSuite1594283652823.run(TempTestSuite1594283652823.groovy:37)
Caused by: com.kms.katalon.core.exception.StepFailedException: Text 'No. Whatsapp / Email tidak ditemukan' is present on page 
	... 23 more]]></system-err>
   </testsuite>
</testsuites>
